"report-def-0-rfile"
"Time Step" "report-def-0 etc.."
("Time Step" "report-def-0" "flow-time")
0 0.004419164963940584 0
1 0.004419164963940601 0.0001
2 0.004419164963940618 0.0002
3 0.00441916496248738 0.0003
4 0.004419163540849791 0.0004
5 0.00441909863816618 0.0005
6 0.004418909169551694 0.0006000000000000001
7 0.004418610353332734 0.0007000000000000001
8 0.004418223602931388 0.0008000000000000001
9 0.004417784098918018 0.0009000000000000002
10 0.004417324832397902 0.001
11 0.004416861536651931 0.0011
12 0.004416401505879233 0.0012
13 0.004415945939153071 0.0013
14 0.004415531042990269 0.0014
15 0.00441516926623814 0.0015
16 0.004414812252597712 0.001600000000000001
17 0.004414455721530959 0.001700000000000001
18 0.004414080828238245 0.001800000000000001
19 0.004413809041165438 0.001900000000000001
20 0.004413529837515981 0.002
21 0.004413224268793142 0.0021
22 0.004412922378268957 0.0022
23 0.004412485873900626 0.0023
24 0.004412188524306792 0.0024
25 0.004411898588898532 0.0025
26 0.004411602256006952 0.002599999999999999
27 0.004411214241588382 0.002699999999999999
28 0.004410891920425064 0.002799999999999999
29 0.004410568019752913 0.002899999999999999
30 0.004410279463694577 0.002999999999999999
31 0.004409959982397027 0.003099999999999999
32 0.004409649979415446 0.003199999999999998
33 0.004409306961110027 0.003299999999999998
34 0.004408962791849919 0.003399999999999998
35 0.004408629441373348 0.003499999999999998
36 0.004408320303757355 0.003599999999999998
37 0.004408014127350404 0.003699999999999998
38 0.004407805120008009 0.003799999999999997
39 0.004407675183565898 0.003899999999999997
40 0.004407508316909582 0.003999999999999997
41 0.004407341734399023 0.004099999999999998
42 0.004407183422657096 0.004199999999999998
43 0.004407016126315373 0.004299999999999998
44 0.004406812399869732 0.004399999999999999
45 0.004406583594053186 0.004499999999999999
46 0.004406332166534458 0.004599999999999999
47 0.004406048942241372 0.004699999999999999
48 0.004405724834080667 0.0048
49 0.004405393921099975 0.0049
50 0.004405067066862665 0.005
51 0.004404728035520643 0.0051
52 0.004404389090597823 0.005200000000000001
53 0.004404040155053479 0.005300000000000001
54 0.004403681792577077 0.005400000000000001
55 0.004403315539137756 0.005500000000000001
56 0.0044030002545905 0.005600000000000002
57 0.004402675522074165 0.005700000000000002
58 0.004402229636512672 0.005800000000000002
59 0.004401947629724706 0.005900000000000002
60 0.004401658696836713 0.006000000000000003
61 0.004401433303734236 0.006100000000000003
62 0.004401298721762171 0.006200000000000003
63 0.004401194960752343 0.006300000000000004
64 0.004401074978971151 0.006400000000000004
65 0.004400892343816226 0.006500000000000004
66 0.004400675615348596 0.006600000000000004
67 0.004400426722736562 0.006700000000000005
68 0.004400158875728304 0.006800000000000005
69 0.004399894114467211 0.006900000000000005
70 0.004399547663154898 0.007000000000000005
71 0.004399196931343055 0.007100000000000006
72 0.004398843245771206 0.007200000000000006
73 0.004398491337520715 0.007300000000000006
74 0.004398093441322836 0.007400000000000006
75 0.004397679266695629 0.007500000000000007
76 0.004397317847462468 0.007600000000000007
77 0.004396928997092213 0.007700000000000007
78 0.004396595026180443 0.007800000000000007
79 0.004396292555397255 0.007900000000000008
80 0.004395872734167553 0.008000000000000007
81 0.004395664854399594 0.008100000000000007
82 0.004395528646308072 0.008200000000000006
83 0.004395408832298514 0.008300000000000005
84 0.004395271379845848 0.008400000000000005
85 0.004395102199730208 0.008500000000000004
86 0.0043948950431367 0.008600000000000003
87 0.004394632371173139 0.008700000000000003
88 0.004394340358844297 0.008800000000000002
89 0.004394005544745182 0.008900000000000002
90 0.004393653152548298 0.009000000000000001
91 0.004393183038580317 0.0091
92 0.004392804408979553 0.0092
93 0.004392454598673051 0.009299999999999999
94 0.004392106317870987 0.009399999999999999
95 0.004391758344075372 0.009499999999999998
96 0.004391451204533069 0.009599999999999997
97 0.004391262405765905 0.009699999999999997
98 0.004390718669782868 0.009799999999999996
99 0.004390541316185824 0.009899999999999996
100 0.004390362807306287 0.009999999999999995
101 0.004390183605949953 0.01009999999999999
102 0.004389988797964104 0.01019999999999999
103 0.004389772094198306 0.01029999999999999
104 0.004389500243059589 0.01039999999999999
105 0.004389198650065153 0.01049999999999999
106 0.004388869127573872 0.01059999999999999
107 0.004388500350141511 0.01069999999999999
108 0.004388147442052662 0.01079999999999999
109 0.004387785143894095 0.01089999999999999
110 0.004387436033443768 0.01099999999999999
111 0.004387080730014808 0.01109999999999999
112 0.004386695281924895 0.01119999999999999
113 0.004386339031129554 0.01129999999999999
114 0.004385981721583234 0.01139999999999999
115 0.004385686903764654 0.01149999999999999
116 0.004385403124320618 0.01159999999999999
117 0.004385194428584673 0.01169999999999998
118 0.004385056053910448 0.01179999999999998
119 0.004384870197258914 0.01189999999999998
120 0.0043847061209671 0.01199999999999998
121 0.004384531163809269 0.01209999999999998
122 0.004384334440736537 0.01219999999999998
123 0.004384120414024387 0.01229999999999998
124 0.004383865348722409 0.01239999999999998
125 0.004383570001702372 0.01249999999999998
126 0.004383244935649038 0.01259999999999998
127 0.004382899741498058 0.01269999999999998
128 0.004382499816525018 0.01279999999999998
129 0.004382161878419005 0.01289999999999998
130 0.00438174437285499 0.01299999999999998
131 0.004381428415724635 0.01309999999999998
132 0.004381035246292193 0.01319999999999998
133 0.004380708125161843 0.01329999999999998
134 0.004380461976114108 0.01339999999999997
135 0.004380305593391375 0.01349999999999997
136 0.004380228756381957 0.01359999999999997
137 0.004380132725591273 0.01369999999999997
138 0.004379979084416553 0.01379999999999997
139 0.004379796318196878 0.01389999999999997
140 0.004379590049482487 0.01399999999999997
141 0.004379342736776365 0.01409999999999997
142 0.004379042909292257 0.01419999999999997
143 0.004378733102582977 0.01429999999999997
144 0.004378414879098085 0.01439999999999997
145 0.00437805319429702 0.01449999999999997
146 0.004377728021444061 0.01459999999999997
147 0.004377363958107477 0.01469999999999997
148 0.004376971255643758 0.01479999999999997
149 0.004376603712270104 0.01489999999999997
150 0.00437629600351911 0.01499999999999996
151 0.004375973628432657 0.01509999999999996
152 0.004374888452540956 0.01519999999999996
153 0.004374591396801178 0.01529999999999996
154 0.004374364803276969 0.01539999999999996
155 0.004374164809014148 0.01549999999999996
156 0.004373917797573613 0.01559999999999996
157 0.004373727038544433 0.01569999999999996
158 0.004373498848518304 0.01579999999999996
159 0.004373248430175175 0.01589999999999996
160 0.004372968234492053 0.01599999999999996
161 0.004372638945856352 0.01609999999999996
162 0.004372308782241085 0.01619999999999996
163 0.004371994041621029 0.01629999999999996
164 0.004371649299407167 0.01639999999999996
165 0.004371281764504313 0.01649999999999996
166 0.004370878619987784 0.01659999999999996
167 0.004370484379312767 0.01669999999999995
168 0.004370151459775802 0.01679999999999995
169 0.004369791062953321 0.01689999999999995
170 0.004369372718621903 0.01699999999999995
171 0.00436903900554697 0.01709999999999995
172 0.004368745316865114 0.01719999999999995
173 0.004368511791031543 0.01729999999999995
174 0.004368302944903952 0.01739999999999995
175 0.004368159135376321 0.01749999999999995
176 0.004368058581964109 0.01759999999999995
177 0.004367938328683272 0.01769999999999995
178 0.004367790085403101 0.01779999999999995
179 0.004367595903073332 0.01789999999999995
180 0.004367332910749817 0.01799999999999995
181 0.004367064192567864 0.01809999999999995
182 0.004366727842166762 0.01819999999999995
183 0.004366407271463218 0.01829999999999994
184 0.004366066989336741 0.01839999999999994
185 0.004365338378156087 0.01849999999999994
186 0.004364919947936064 0.01859999999999994
187 0.004364548241307145 0.01869999999999994
188 0.004364206210152975 0.01879999999999994
189 0.004363847117986439 0.01889999999999994
190 0.004363562229006016 0.01899999999999994
191 0.004363267177847415 0.01909999999999994
192 0.004362972424292524 0.01919999999999994
193 0.004362689109554492 0.01929999999999994
194 0.004362381904739214 0.01939999999999994
195 0.004361692759444967 0.01949999999999994
196 0.004361507667717868 0.01959999999999994
197 0.004361384705866544 0.01969999999999994
198 0.004361272279850005 0.01979999999999994
199 0.00436110550823322 0.01989999999999994
200 0.004360870845761809 0.01999999999999993
201 0.004360593260594141 0.02009999999999993
202 0.004360304832945258 0.02019999999999993
203 0.004359999855867877 0.02029999999999993
204 0.004359662911664511 0.02039999999999993
205 0.004359333044515419 0.02049999999999993
206 0.004358931365834253 0.02059999999999993
207 0.004358535504786084 0.02069999999999993
208 0.004358154222252508 0.02079999999999993
209 0.004357806249919056 0.02089999999999993
210 0.004357536464280327 0.02099999999999993
211 0.004357152462103619 0.02109999999999993
212 0.004356910959086324 0.02119999999999993
213 0.004356663967724891 0.02129999999999993
214 0.00435650940348922 0.02139999999999993
215 0.004356397592969095 0.02149999999999993
216 0.004356258999479368 0.02159999999999992
217 0.004356094241738028 0.02169999999999992
218 0.004355897603532629 0.02179999999999992
219 0.004355666518471642 0.02189999999999992
220 0.004355408781097366 0.02199999999999992
221 0.004355107443569564 0.02209999999999992
222 0.004354798951285683 0.02219999999999992
223 0.004354496025626459 0.02229999999999992
224 0.004354113096823219 0.02239999999999992
225 0.004353738765753294 0.02249999999999992
226 0.004353234146781682 0.02259999999999992
227 0.004352900350702881 0.02269999999999992
228 0.004352524135854624 0.02279999999999992
229 0.004352234006605515 0.02289999999999992
230 0.004351924005619965 0.02299999999999992
231 0.004351609545054235 0.02309999999999992
232 0.004351386992287761 0.02319999999999992
233 0.004351243888637584 0.02329999999999991
234 0.004351115652006634 0.02339999999999991
235 0.004350988036587995 0.02349999999999991
236 0.004350835147358012 0.02359999999999991
237 0.004350608602846499 0.02369999999999991
238 0.004350350984527985 0.02379999999999991
239 0.004350074498819568 0.02389999999999991
240 0.004349774630628099 0.02399999999999991
241 0.004349448313975405 0.02409999999999991
242 0.004349081109332377 0.02419999999999991
243 0.00434871951219342 0.02429999999999991
244 0.004348359516201586 0.02439999999999991
245 0.004347905028566764 0.02449999999999991
246 0.004347508140439132 0.02459999999999991
247 0.004347208196861554 0.02469999999999991
248 0.004346999907529663 0.02479999999999991
249 0.004346846747231991 0.0248999999999999
250 0.004346708794128601 0.0249999999999999
251 0.004346540656193854 0.0250999999999999
252 0.004346367109701362 0.0251999999999999
253 0.00434616689255846 0.0252999999999999
254 0.00434594495539343 0.0253999999999999
255 0.004345680967843915 0.0254999999999999
256 0.004345160812274742 0.0255999999999999
257 0.004344801341498962 0.0256999999999999
258 0.004344448540994169 0.0257999999999999
259 0.004344062201641506 0.0258999999999999
260 0.004343693706856754 0.0259999999999999
261 0.004343353040095589 0.0260999999999999
262 0.004342992907620218 0.0261999999999999
263 0.00434261332085473 0.0262999999999999
264 0.004342234650067896 0.0263999999999999
265 0.004341966345548475 0.0264999999999999
266 0.004341740662914702 0.02659999999999989
267 0.004341513695774566 0.02669999999999989
268 0.004341361387073975 0.02679999999999989
269 0.004341228151404179 0.02689999999999989
270 0.00434109498295374 0.02699999999999989
271 0.004340949169264189 0.02709999999999989
272 0.004340762266604686 0.02719999999999989
273 0.004340540386146693 0.02729999999999989
274 0.004340267685113711 0.02739999999999989
275 0.004339977784709075 0.02749999999999989
276 0.004339696865035643 0.02759999999999989
277 0.004339362044844984 0.02769999999999989
278 0.004339035212475972 0.02779999999999989
279 0.004338592278295133 0.02789999999999989
280 0.004338241275319435 0.02799999999999989
281 0.004337895271344033 0.02809999999999989
282 0.004337586848029616 0.02819999999999988
283 0.004337296752861863 0.02829999999999988
284 0.004337026842914779 0.02839999999999988
285 0.004336870821312377 0.02849999999999988
286 0.004336708623987224 0.02859999999999988
287 0.004336539255756154 0.02869999999999988
288 0.004336356033162494 0.02879999999999988
289 0.004336160511220181 0.02889999999999988
290 0.004335932991881531 0.02899999999999988
291 0.004335665859905168 0.02909999999999988
292 0.004335376151407483 0.02919999999999988
293 0.00433504720956037 0.02929999999999988
294 0.004334705587818291 0.02939999999999988
295 0.00433435726639869 0.02949999999999988
296 0.004333969218266969 0.02959999999999988
297 0.004333617835242197 0.02969999999999988
298 0.004333204885400043 0.02979999999999988
299 0.004332837209006908 0.02989999999999987
300 0.004332481897816609 0.02999999999999987
301 0.004332158467425994 0.03009999999999987
302 0.004331885808165343 0.03019999999999987
303 0.004331658424981006 0.03029999999999987
304 0.00433146056941104 0.03039999999999987
305 0.004331325140421979 0.03049999999999987
306 0.004331188446272103 0.03059999999999987
307 0.004331044852514749 0.03069999999999987
308 0.004330883273560782 0.03079999999999987
309 0.004330661319812069 0.03089999999999987
310 0.004330410721543114 0.03099999999999987
311 0.004330123940868004 0.03109999999999987
312 0.004329769214444075 0.03119999999999987
313 0.004329407169217552 0.03129999999999987
314 0.004329042130922668 0.03139999999999987
315 0.004328638123192331 0.03149999999999988
316 0.004328270029756498 0.03159999999999988
317 0.004327934169481901 0.03169999999999988
318 0.004327585418670963 0.03179999999999988
319 0.004327333000513672 0.03189999999999989
320 0.004327107197771937 0.03199999999999989
321 0.004326994314785078 0.03209999999999989
322 0.004326882611118824 0.0321999999999999
323 0.004326723833681308 0.0322999999999999
324 0.004326531443312964 0.0323999999999999
325 0.00432631798632134 0.0324999999999999
326 0.004326073306828745 0.03259999999999991
327 0.004325808240311307 0.03269999999999991
328 0.004325509056496713 0.03279999999999991
329 0.004325191428174779 0.03289999999999992
330 0.00432482978903425 0.03299999999999992
331 0.004324455780443963 0.03309999999999992
332 0.004324093676111336 0.03319999999999992
333 0.004323759361238113 0.03329999999999993
334 0.004323436021772402 0.03339999999999993
335 0.004323150105616477 0.03349999999999993
336 0.00432282288407265 0.03359999999999994
337 0.004322441431834554 0.03369999999999994
338 0.004322158194961033 0.03379999999999994
339 0.004321944327717292 0.03389999999999994
340 0.004321777899017617 0.03399999999999995
341 0.004321605411965212 0.03409999999999995
342 0.00432140582450239 0.03419999999999995
343 0.004321166084351246 0.03429999999999996
344 0.004320888901181075 0.03439999999999996
345 0.004320585768174923 0.03449999999999996
346 0.004320236422887076 0.03459999999999996
347 0.00431954482308545 0.03469999999999997
348 0.00431916799825548 0.03479999999999997
349 0.004318805093065354 0.03489999999999997
350 0.004318409462838655 0.03499999999999998
351 0.004318057085579956 0.03509999999999998
352 0.004317813520404105 0.03519999999999998
353 0.004317550531650301 0.03529999999999998
354 0.004317358536534568 0.03539999999999999
355 0.004317221959539289 0.03549999999999999
356 0.004317094736892909 0.03559999999999999
357 0.004316921233468984 0.0357
358 0.00431672161335324 0.0358
359 0.004316488254167739 0.0359
360 0.004316252591332706 0.036
361 0.004315961451120579 0.03610000000000001
362 0.004315599889977768 0.03620000000000001
363 0.004315254260422296 0.03630000000000001
364 0.004314873791521105 0.03640000000000002
365 0.004314530885039685 0.03650000000000002
366 0.004314199425567665 0.03660000000000002
367 0.004313825919333501 0.03670000000000002
368 0.004313484453636779 0.03680000000000003
369 0.004313147521433932 0.03690000000000003
370 0.004312828372859267 0.03700000000000003
371 0.004312532694230629 0.03710000000000004
372 0.004312278147262924 0.03720000000000004
373 0.004312062148926317 0.03730000000000004
374 0.004311904613615128 0.03740000000000004
375 0.00431168621536703 0.03750000000000005
376 0.004311517676435659 0.03760000000000005
377 0.004311352048538704 0.03770000000000005
378 0.00431115492515991 0.03780000000000006
379 0.004310928152306337 0.03790000000000006
380 0.00431066812889292 0.03800000000000006
381 0.004310371335501488 0.03810000000000006
382 0.004310051450271774 0.03820000000000007
383 0.004309681222406585 0.03830000000000007
384 0.004309320228534954 0.03840000000000007
385 0.004308969389906876 0.03850000000000008
386 0.004308580830547708 0.03860000000000008
387 0.004308268799771378 0.03870000000000008
388 0.004307970117315302 0.03880000000000008
389 0.004307635807525744 0.03890000000000009
390 0.004307376071194777 0.03900000000000009
391 0.004307249937624062 0.03910000000000009
392 0.004307170815760751 0.0392000000000001
393 0.004307055420870871 0.0393000000000001
394 0.004306948541305907 0.0394000000000001
395 0.004306792888504766 0.0395000000000001
396 0.004306597741999857 0.03960000000000011
397 0.004306359834018485 0.03970000000000011
398 0.004306092767665982 0.03980000000000011
399 0.004305783807574027 0.03990000000000012
400 0.004305466291030906 0.04000000000000012
401 0.004305158934707714 0.04010000000000012
402 0.004304833864536973 0.04020000000000012
403 0.004304470628536747 0.04030000000000013
404 0.004304132637563486 0.04040000000000013
405 0.004303790808939895 0.04050000000000013
406 0.004303200491790941 0.04060000000000014
407 0.004302831853105827 0.04070000000000014
408 0.004302535036793947 0.04080000000000014
409 0.004302233960244575 0.04090000000000014
410 0.004302042047643541 0.04100000000000015
411 0.004301904625154648 0.04110000000000015
412 0.004301723834859984 0.04120000000000015
413 0.004301553629254086 0.04130000000000016
414 0.004301377221545264 0.04140000000000016
415 0.004301170613572258 0.04150000000000016
416 0.004300931698765601 0.04160000000000016
417 0.0043006641413585 0.04170000000000017
418 0.004300351058112702 0.04180000000000017
419 0.004300032463132283 0.04190000000000017
420 0.004299682402042373 0.04200000000000018
421 0.004299289176867646 0.04210000000000018
422 0.004298919365025561 0.04220000000000018
423 0.004298502959548436 0.04230000000000018
424 0.004298145238009261 0.04240000000000019
425 0.004297828839961681 0.04250000000000019
426 0.004297510465490328 0.04260000000000019
427 0.004297184693932568 0.0427000000000002
428 0.004296936841788928 0.0428000000000002
429 0.004296712186315927 0.0429000000000002
430 0.004296546643702823 0.0430000000000002
431 0.004296403590919394 0.04310000000000021
432 0.004296268773974041 0.04320000000000021
433 0.00429610815822626 0.04330000000000021
434 0.004295882135553177 0.04340000000000022
435 0.00429561968004729 0.04350000000000022
436 0.004295350410931983 0.04360000000000022
437 0.004295054985431397 0.04370000000000022
438 0.004294755945719173 0.04380000000000023
439 0.004294443931732521 0.04390000000000023
440 0.004294093993848862 0.04400000000000023
441 0.00429377013660737 0.04410000000000024
442 0.004293372670111415 0.04420000000000024
443 0.00429282499884379 0.04430000000000024
444 0.004292533882643698 0.04440000000000024
445 0.004292245541088615 0.04450000000000025
446 0.004291940888083785 0.04460000000000025
447 0.004291642375814961 0.04470000000000025
448 0.004291373694096959 0.04480000000000026
449 0.004291058255561224 0.04490000000000026
450 0.004290572793949319 0.04500000000000026
451 0.004290303772946505 0.04510000000000026
452 0.004290065401882478 0.04520000000000027
453 0.004289836290888817 0.04530000000000027
454 0.004289591750676442 0.04540000000000027
455 0.004289330152127557 0.04550000000000028
456 0.00428904549794959 0.04560000000000028
457 0.004288765409406169 0.04570000000000028
458 0.004288406545808516 0.04580000000000028
459 0.004288020516908481 0.04590000000000029
460 0.004287657736766407 0.04600000000000029
461 0.004287338960526758 0.04610000000000029
462 0.004286978950550481 0.0462000000000003
463 0.004286685796595772 0.0463000000000003
464 0.004286375306004218 0.0464000000000003
465 0.004286099800465148 0.0465000000000003
466 0.004285823177225114 0.04660000000000031
467 0.004285525946613388 0.04670000000000031
468 0.004285249494891023 0.04680000000000031
469 0.004284994488912605 0.04690000000000032
470 0.004284745435399561 0.04700000000000032
471 0.00428447554500938 0.04710000000000032
472 0.004284215861088576 0.04720000000000033
473 0.004283970864435907 0.04730000000000033
474 0.004283733242296249 0.04740000000000033
475 0.004283458499516849 0.04750000000000033
476 0.004283170940249372 0.04760000000000034
477 0.00428285520856229 0.04770000000000034
478 0.004282479690438194 0.04780000000000034
479 0.004282127184772416 0.04790000000000035
480 0.00428176003734557 0.04800000000000035
481 0.004281417415343204 0.04810000000000035
482 0.004281026183011946 0.04820000000000035
483 0.004280660347694809 0.04830000000000036
484 0.004280347954127556 0.04840000000000036
485 0.004280183011069535 0.04850000000000036
486 0.004280067509350081 0.04860000000000037
487 0.004279904199135761 0.04870000000000037
488 0.00427974270682685 0.04880000000000037
489 0.004279523215580996 0.04890000000000037
490 0.004279276258858876 0.04900000000000038
491 0.004279026063234406 0.04910000000000038
492 0.004278732533914613 0.04920000000000038
493 0.00427840569145791 0.04930000000000039
494 0.004278059725862439 0.04940000000000039
495 0.004277729929445136 0.04950000000000039
496 0.004277414678734848 0.04960000000000039
497 0.004276983768240167 0.0497000000000004
498 0.004276617842928336 0.0498000000000004
499 0.004276296123718463 0.0499000000000004
500 0.004275955423338211 0.05000000000000041
501 0.004275611159538862 0.05010000000000041
502 0.004275252592691738 0.05020000000000041
503 0.00427492101288589 0.05030000000000041
504 0.004274521183386364 0.05040000000000042
505 0.00427419719649573 0.05050000000000042
506 0.004273930851499225 0.05060000000000042
507 0.004273761648670111 0.05070000000000043
508 0.004273641100742198 0.05080000000000043
509 0.004273534040113953 0.05090000000000043
510 0.004273410370636501 0.05100000000000043
511 0.004273236593459964 0.05110000000000044
512 0.004273010575624396 0.05120000000000044
513 0.004272754672842954 0.05130000000000044
514 0.004272465577107621 0.05140000000000045
515 0.004272163573015598 0.05150000000000045
516 0.004271837235777523 0.05160000000000045
517 0.004271501421561578 0.05170000000000045
518 0.004271131810469986 0.05180000000000046
519 0.004270794882556748 0.05190000000000046
520 0.00427045202063879 0.05200000000000046
521 0.004270086986408568 0.05210000000000047
522 0.004269748710817966 0.05220000000000047
523 0.004269403046812512 0.05230000000000047
524 0.004269107851106973 0.05240000000000047
525 0.004268768212827906 0.05250000000000048
526 0.004268534032395652 0.05260000000000048
527 0.004268398245473387 0.05270000000000048
528 0.004268295143368386 0.05280000000000049
529 0.00426815234790267 0.05290000000000049
530 0.004267962844782027 0.05300000000000049
531 0.004267740957467704 0.05310000000000049
532 0.004267503414085929 0.0532000000000005
533 0.004267243641000408 0.0533000000000005
534 0.004266975064728075 0.0534000000000005
535 0.004266676476258542 0.05350000000000051
536 0.004266351030543272 0.05360000000000051
537 0.004265989228857071 0.05370000000000051
538 0.004265631236578431 0.05380000000000051
539 0.004265279019743348 0.05390000000000052
540 0.004264689216135706 0.05400000000000052
