"report-def-0-rfile"
"Time Step" "report-def-0 etc.."
("Time Step" "report-def-0" "flow-time")
0 0.004419164963940584 0
1 0.004419164963940651 5e-05
2 0.00441916496394065 0.0001
3 0.00441916496394068 0.00015
4 0.004419164963940713 0.0002
5 0.004419164963489083 0.00025
6 0.004419164935428417 0.0003
7 0.00441916430180809 0.0003500000000000001
8 0.004419154310451628 0.0004000000000000001
9 0.00441911250065324 0.0004500000000000001
10 0.00441902158015239 0.0005000000000000001
11 0.004418887270527892 0.0005500000000000001
12 0.004418724469421299 0.0006000000000000002
13 0.004418540019178365 0.0006500000000000002
14 0.004418343446835294 0.0007000000000000002
15 0.004418137689460493 0.0007500000000000002
16 0.004417931377320873 0.0008000000000000003
17 0.004417746114140544 0.0008500000000000003
18 0.004417536237242965 0.0009000000000000003
19 0.004417342761669479 0.0009500000000000003
20 0.004417167560566569 0.001
21 0.004416963667119006 0.00105
22 0.004416793362491699 0.0011
23 0.004416637236221561 0.00115
24 0.004416500784953881 0.0012
25 0.004416314017717446 0.00125
26 0.004416149494475319 0.0013
27 0.004416004289905199 0.00135
28 0.004415862256714386 0.0014
29 0.004415701134057605 0.001449999999999999
30 0.004415531357501543 0.001499999999999999
31 0.004415355135678599 0.001549999999999999
32 0.004415175528201195 0.001599999999999999
33 0.004414999780062794 0.001649999999999999
34 0.004414823327577459 0.001699999999999999
35 0.004414629466554752 0.001749999999999999
36 0.004414436037186015 0.001799999999999999
37 0.004414255241283457 0.001849999999999999
38 0.004414075109609022 0.001899999999999999
39 0.004413896870410315 0.001949999999999999
40 0.004413735053941408 0.001999999999999999
41 0.004413543211571697 0.002049999999999999
42 0.004413371214924342 0.002099999999999999
43 0.004413185656114253 0.002149999999999999
44 0.004412985624721635 0.002199999999999999
45 0.004412804714222705 0.002249999999999999
46 0.004412616917478662 0.0023
47 0.004412433924509347 0.00235
48 0.004412248137767221 0.0024
49 0.004412070022654408 0.00245
50 0.004411892934322531 0.0025
51 0.004411722494678838 0.00255
52 0.004411443631959628 0.0026
53 0.004411281630921886 0.00265
54 0.004411131429059109 0.002700000000000001
55 0.004410981981857867 0.002750000000000001
56 0.004410802026402792 0.002800000000000001
57 0.00441062772184834 0.002850000000000001
58 0.004410446605207016 0.002900000000000001
59 0.004410288743794573 0.002950000000000001
60 0.004410141261561949 0.003000000000000001
61 0.004409984083345668 0.003050000000000001
62 0.004409801160143468 0.003100000000000002
63 0.004409622560118087 0.003150000000000002
64 0.004409451892297499 0.003200000000000002
65 0.004409279053293381 0.003250000000000002
66 0.004409119334709031 0.003300000000000002
67 0.004408950919766058 0.003350000000000002
68 0.004408790648708021 0.003400000000000002
69 0.004408625423706523 0.003450000000000003
70 0.004408472221820031 0.003500000000000003
71 0.004408303665447949 0.003550000000000003
72 0.004408128467613917 0.003600000000000003
73 0.004407946856702116 0.003650000000000003
74 0.004407778842968634 0.003700000000000003
75 0.004407623325312057 0.003750000000000003
76 0.004407446908309116 0.003800000000000003
77 0.004407275735523877 0.003850000000000004
78 0.004407128387181981 0.003900000000000004
79 0.004406973666086758 0.003950000000000004
80 0.004406799781106983 0.004000000000000004
81 0.004406628390686069 0.004050000000000003
82 0.004406460692267186 0.004100000000000003
83 0.004406299021819307 0.004150000000000003
84 0.004406145574176949 0.004200000000000002
85 0.004406016912506509 0.004250000000000002
86 0.00440588268304448 0.004300000000000002
87 0.00440576262541948 0.004350000000000001
88 0.004405651008993193 0.004400000000000001
89 0.004405542833927436 0.004450000000000001
90 0.004405429254703559 0.004500000000000001
91 0.004405295076164913 0.00455
92 0.004405143520838629 0.0046
93 0.004404986932163137 0.00465
94 0.00440483347200853 0.004699999999999999
95 0.004404673489566593 0.004749999999999999
96 0.004404507660951381 0.004799999999999999
97 0.004404341931667301 0.004849999999999998
98 0.004404180664534761 0.004899999999999998
99 0.004403992301731719 0.004949999999999998
100 0.004403816107214612 0.004999999999999998
101 0.004403623951661037 0.005049999999999997
102 0.004403451938297351 0.005099999999999997
103 0.004403267971248412 0.005149999999999997
104 0.004403107967312382 0.005199999999999996
105 0.004402913412670797 0.005249999999999996
106 0.004402719880548756 0.005299999999999996
107 0.004402531865084614 0.005349999999999995
108 0.004402345102826053 0.005399999999999995
109 0.004402162105160889 0.005449999999999995
110 0.004401823708332973 0.005499999999999994
111 0.004401634235980605 0.005549999999999994
112 0.004401460468491102 0.005599999999999994
113 0.004401292173742248 0.005649999999999994
114 0.004401112676884547 0.005699999999999993
115 0.00440093880733248 0.005749999999999993
116 0.004400766635936463 0.005799999999999993
117 0.004400584524082804 0.005849999999999992
118 0.004400394516141659 0.005899999999999992
119 0.00440021612777635 0.005949999999999992
120 0.004400038640983948 0.005999999999999991
121 0.004399863519489042 0.006049999999999991
122 0.004399683814950811 0.006099999999999991
123 0.004399474664278186 0.006149999999999991
124 0.004399292436168801 0.00619999999999999
125 0.004399129647927671 0.00624999999999999
126 0.00439887623859996 0.00629999999999999
127 0.004398722995459724 0.006349999999999989
128 0.004398574995700551 0.006399999999999989
129 0.004398390060482912 0.006449999999999989
130 0.004398232710624382 0.006499999999999988
131 0.004398063317549434 0.006549999999999988
132 0.004397892425095102 0.006599999999999988
133 0.004397725930370865 0.006649999999999988
134 0.004397561733965024 0.006699999999999987
135 0.004397396989837596 0.006749999999999987
136 0.004397214184178183 0.006799999999999987
137 0.004397015616378523 0.006849999999999986
138 0.004396839268987346 0.006899999999999986
139 0.004396673672422175 0.006949999999999986
140 0.004396501356322284 0.006999999999999985
141 0.004396332254558386 0.007049999999999985
142 0.004396178862445936 0.007099999999999985
143 0.004396015769537142 0.007149999999999984
144 0.004395862723528443 0.007199999999999984
145 0.004395678631314626 0.007249999999999984
146 0.004395514619216858 0.007299999999999984
147 0.004395363303608836 0.007349999999999983
148 0.004395197911365073 0.007399999999999983
149 0.004395051093446649 0.007449999999999983
150 0.004394910463385151 0.007499999999999982
151 0.004394779591628963 0.007549999999999982
152 0.004394639609177031 0.007599999999999982
153 0.00439449388254582 0.007649999999999981
154 0.004394337098965091 0.007699999999999981
155 0.004394175884145256 0.007749999999999981
156 0.004394030912666185 0.007799999999999981
157 0.004393886418823606 0.00784999999999998
158 0.004393735402465701 0.00789999999999998
159 0.004393596694610208 0.00794999999999998
160 0.004393457361637621 0.007999999999999979
161 0.004393316629051865 0.008049999999999979
162 0.004393181698921697 0.008099999999999979
163 0.004393049924686605 0.008149999999999978
164 0.004392919947462076 0.008199999999999978
165 0.004392774222166429 0.008249999999999978
166 0.004392619013435687 0.008299999999999978
167 0.004392453778416299 0.008349999999999977
168 0.004392269246028682 0.008399999999999977
169 0.004392096995019923 0.008449999999999977
170 0.00439191612366286 0.008499999999999976
171 0.004391672748757753 0.008549999999999976
172 0.004391509486147558 0.008599999999999976
173 0.004391330472420227 0.008649999999999975
174 0.004391147737541874 0.008699999999999975
175 0.004390994107271119 0.008749999999999975
176 0.004390827465360137 0.008799999999999975
177 0.004390635762654898 0.008849999999999974
178 0.004390462452279758 0.008899999999999974
179 0.004390286745386981 0.008949999999999974
180 0.004390129800776106 0.008999999999999973
181 0.004389960040395702 0.009049999999999973
182 0.004389802531377262 0.009099999999999973
183 0.004389651311406336 0.009149999999999972
184 0.004389506832837261 0.009199999999999972
185 0.004389369617013734 0.009249999999999972
186 0.004389226979116648 0.009299999999999971
187 0.00438908748941406 0.009349999999999971
188 0.004388956580508974 0.009399999999999971
189 0.004388831363309311 0.009449999999999971
190 0.004388708695230768 0.00949999999999997
191 0.004388582307526368 0.00954999999999997
192 0.004388449003434291 0.00959999999999997
193 0.00438830498941073 0.009649999999999969
194 0.004388148884510934 0.009699999999999969
195 0.004387989743603136 0.009749999999999969
196 0.004387824955715995 0.009799999999999968
197 0.004387665306118541 0.009849999999999968
198 0.004387497967583746 0.009899999999999968
199 0.004387336872878725 0.009949999999999968
200 0.004387183783035303 0.009999999999999967
201 0.004387025237296425 0.01004999999999997
202 0.004386845361969337 0.01009999999999997
203 0.004386667198793206 0.01014999999999997
204 0.004386484461716581 0.01019999999999997
205 0.004386317365450342 0.01024999999999997
206 0.004386145289581506 0.01029999999999997
207 0.004385975197157949 0.01034999999999997
208 0.004385806832640372 0.01039999999999996
209 0.004385653822092475 0.01044999999999996
210 0.004385494733973248 0.01049999999999996
211 0.004385315417329061 0.01054999999999996
212 0.004385136120599198 0.01059999999999996
213 0.004384976033150392 0.01064999999999996
214 0.004384807976251618 0.01069999999999996
215 0.004384612436944096 0.01074999999999996
216 0.004384444674434802 0.01079999999999996
217 0.004384302351550354 0.01084999999999996
218 0.004384143169635747 0.01089999999999996
219 0.004384011573757097 0.01094999999999996
220 0.00438388546305838 0.01099999999999996
221 0.004383749810466343 0.01104999999999996
222 0.004383629633769049 0.01109999999999996
223 0.004383532658354656 0.01114999999999996
224 0.004383453006490136 0.01119999999999996
225 0.00438338090322382 0.01124999999999996
226 0.004383305919172071 0.01129999999999996
227 0.004383217240990985 0.01134999999999996
228 0.004383105674978672 0.01139999999999996
229 0.004382977038037889 0.01144999999999996
230 0.004382846568275325 0.01149999999999996
231 0.004382708100926233 0.01154999999999996
232 0.004382566127981254 0.01159999999999996
233 0.004382411876985941 0.01164999999999996
234 0.004382252182379763 0.01169999999999996
235 0.004382097224543973 0.01174999999999996
236 0.004381935722538427 0.01179999999999996
237 0.004381770159315596 0.01184999999999996
238 0.00438161443832575 0.01189999999999996
239 0.004381462163255512 0.01194999999999996
240 0.004381291255517722 0.01199999999999996
241 0.004381120882409349 0.01204999999999995
242 0.0043809838377871 0.01209999999999995
243 0.004380863273955316 0.01214999999999995
244 0.004380680893882424 0.01219999999999995
245 0.004380513753998084 0.01224999999999995
246 0.004380348349550552 0.01229999999999995
247 0.004380166529343569 0.01234999999999995
248 0.004379994462130915 0.01239999999999995
249 0.004379825321334358 0.01244999999999995
250 0.004379669433018482 0.01249999999999995
251 0.004379525714944828 0.01254999999999995
252 0.004379361982986152 0.01259999999999995
253 0.004379190069229923 0.01264999999999995
254 0.004379045874582294 0.01269999999999995
255 0.004378905244594999 0.01274999999999995
256 0.004378766372288421 0.01279999999999995
257 0.004378620915093165 0.01284999999999995
258 0.004378470394919211 0.01289999999999995
259 0.004378317211340359 0.01294999999999995
260 0.004378168312037032 0.01299999999999995
261 0.004378026045411236 0.01304999999999995
262 0.004377879519482976 0.01309999999999995
263 0.004377721178836818 0.01314999999999995
264 0.004377552268839396 0.01319999999999995
265 0.004377372529056007 0.01324999999999995
266 0.00437720185497227 0.01329999999999995
267 0.004377042870322614 0.01334999999999995
268 0.004376871389275414 0.01339999999999995
269 0.004376689726829828 0.01344999999999995
270 0.004376504401468111 0.01349999999999995
271 0.00437633339258435 0.01354999999999995
272 0.004376168884091838 0.01359999999999995
273 0.00437600921004046 0.01364999999999995
274 0.004375832969306421 0.01369999999999994
275 0.004375662878218707 0.01374999999999994
276 0.004375495462066768 0.01379999999999994
277 0.004375338413575032 0.01384999999999994
278 0.004375151937048858 0.01389999999999994
279 0.004374978869846744 0.01394999999999994
280 0.004374819861571063 0.01399999999999994
281 0.004374654478249514 0.01404999999999994
282 0.004374495279056632 0.01409999999999994
283 0.004374329916028919 0.01414999999999994
284 0.004374192978050664 0.01419999999999994
285 0.00437410037577277 0.01424999999999994
286 0.004374007174427077 0.01429999999999994
287 0.004373938262382797 0.01434999999999994
288 0.004373861265631043 0.01439999999999994
289 0.00437377573619476 0.01444999999999994
290 0.00437367403485075 0.01449999999999994
291 0.004373562620460926 0.01454999999999994
292 0.004373443122923926 0.01459999999999994
293 0.004373312909799738 0.01464999999999994
294 0.004373176831214804 0.01469999999999994
295 0.004373033862157942 0.01474999999999994
296 0.004372881077382589 0.01479999999999994
297 0.004372726039486866 0.01484999999999994
298 0.004372560810208461 0.01489999999999994
299 0.004372407052649481 0.01494999999999994
300 0.004372252496175192 0.01499999999999994
301 0.004372092595591319 0.01504999999999994
302 0.004371943255536809 0.01509999999999994
303 0.004371792609269328 0.01514999999999994
304 0.004371597417706306 0.01519999999999994
305 0.00437142763877445 0.01524999999999994
306 0.004371263297585989 0.01529999999999994
307 0.004371102124876417 0.01534999999999993
308 0.004370946244655438 0.01539999999999993
309 0.004370790510470847 0.01544999999999993
310 0.004370642873007599 0.01549999999999993
311 0.004370473010286996 0.01554999999999993
312 0.004370309334469868 0.01559999999999993
313 0.00437014616742515 0.01564999999999993
314 0.004369999232473706 0.01569999999999994
315 0.004369835622021698 0.01574999999999994
316 0.004369668642378244 0.01579999999999994
317 0.004369520126323614 0.01584999999999994
318 0.004369380317145715 0.01589999999999994
319 0.004369234545802055 0.01594999999999994
320 0.004369106009199437 0.01599999999999994
321 0.00436896115178606 0.01604999999999995
322 0.004368839434164773 0.01609999999999995
323 0.004368731611539042 0.01614999999999995
324 0.004368624520695014 0.01619999999999995
325 0.00436851001609213 0.01624999999999995
326 0.004368390912531451 0.01629999999999995
327 0.004368265249164891 0.01634999999999995
328 0.004368132882259985 0.01639999999999996
329 0.004367985569268758 0.01644999999999996
330 0.004367836852768408 0.01649999999999996
331 0.00436769560853225 0.01654999999999996
332 0.004367570224652795 0.01659999999999996
333 0.004367424738221619 0.01664999999999996
334 0.004367283641484685 0.01669999999999996
335 0.004367126538503324 0.01674999999999997
336 0.004366985528401537 0.01679999999999997
337 0.004366813283458331 0.01684999999999997
338 0.004366641619444611 0.01689999999999997
339 0.004366453444828509 0.01694999999999997
340 0.004366292137374152 0.01699999999999997
341 0.004366120827571001 0.01704999999999997
342 0.004365938609320393 0.01709999999999998
343 0.004365779952447199 0.01714999999999998
344 0.004365600681437425 0.01719999999999998
345 0.004365437930976859 0.01724999999999998
346 0.004365287195517921 0.01729999999999998
347 0.004365106824809685 0.01734999999999998
348 0.004364940141657957 0.01739999999999998
349 0.004364803784914031 0.01744999999999999
350 0.00436467680420197 0.01749999999999999
351 0.004364547869453298 0.01754999999999999
352 0.004364391986086945 0.01759999999999999
353 0.004364251146033446 0.01764999999999999
354 0.004364122157763806 0.01769999999999999
355 0.004363994680567959 0.01774999999999999
356 0.004363871233196849 0.0178
357 0.004363744746823143 0.01785
358 0.004363609038106763 0.0179
359 0.004363462108098793 0.01795
360 0.004363316203423563 0.018
361 0.004363165783740858 0.01805
362 0.004363012726479478 0.0181
363 0.004362858084118107 0.01815000000000001
364 0.004362693587386808 0.01820000000000001
365 0.004362533666892322 0.01825000000000001
366 0.004362386454248151 0.01830000000000001
367 0.004362229494440106 0.01835000000000001
368 0.004362066071488041 0.01840000000000001
369 0.004361884653547052 0.01845000000000001
370 0.004361718582863628 0.01850000000000002
371 0.004361547876235366 0.01855000000000002
372 0.004361369216790772 0.01860000000000002
373 0.004361215342073135 0.01865000000000002
374 0.004361036044196958 0.01870000000000002
375 0.004360865826671227 0.01875000000000002
376 0.004360682132971114 0.01880000000000003
377 0.004360519528614273 0.01885000000000003
378 0.004360368338289037 0.01890000000000003
379 0.004360212861226812 0.01895000000000003
380 0.004360043718767524 0.01900000000000003
381 0.004359887319121003 0.01905000000000003
382 0.004359704716222831 0.01910000000000003
383 0.004359553571515957 0.01915000000000004
384 0.004359401811558001 0.01920000000000004
385 0.004359247296584324 0.01925000000000004
386 0.004359088230211475 0.01930000000000004
387 0.004358928328070064 0.01935000000000004
388 0.004358789978847254 0.01940000000000004
389 0.004358666616354367 0.01945000000000004
390 0.004358551908584844 0.01950000000000005
391 0.004358420565995092 0.01955000000000005
392 0.004358285015828051 0.01960000000000005
393 0.0043581368414905 0.01965000000000005
394 0.004357988188445213 0.01970000000000005
395 0.004357847221523611 0.01975000000000005
396 0.004357698708013288 0.01980000000000005
397 0.004357552558051815 0.01985000000000006
398 0.00435740551909655 0.01990000000000006
399 0.004357230917952947 0.01995000000000006
400 0.004357054804263448 0.02000000000000006
401 0.004356876661032741 0.02005000000000006
402 0.004356720956590576 0.02010000000000006
403 0.004356551431584748 0.02015000000000006
404 0.004356383960367504 0.02020000000000007
405 0.00435621651366506 0.02025000000000007
406 0.004356060337711363 0.02030000000000007
407 0.004355914726847214 0.02035000000000007
408 0.00435571528280117 0.02040000000000007
409 0.004355551157121613 0.02045000000000007
410 0.004355346745567306 0.02050000000000007
411 0.004355183504336887 0.02055000000000008
412 0.004355041551772743 0.02060000000000008
413 0.004354898870174814 0.02065000000000008
414 0.004354752865895468 0.02070000000000008
415 0.004354607818498323 0.02075000000000008
416 0.004354460075320625 0.02080000000000008
417 0.004354304233753044 0.02085000000000008
418 0.00435415489380091 0.02090000000000009
419 0.004354020140009336 0.02095000000000009
420 0.004353892864018254 0.02100000000000009
421 0.004353775655095244 0.02105000000000009
422 0.004353679881948546 0.02110000000000009
423 0.004353594710680033 0.02115000000000009
424 0.004353507130789808 0.02120000000000009
425 0.004353410412968962 0.0212500000000001
426 0.004353300762776531 0.0213000000000001
427 0.004353175058018754 0.0213500000000001
428 0.004353030429139306 0.0214000000000001
429 0.004352872966537566 0.0214500000000001
430 0.004352719574204836 0.0215000000000001
431 0.004352570169733266 0.0215500000000001
432 0.004352416873226257 0.02160000000000011
433 0.0043522568954563 0.02165000000000011
434 0.004352084930573884 0.02170000000000011
435 0.004351865571461559 0.02175000000000011
436 0.004351691935043274 0.02180000000000011
437 0.004351538554060235 0.02185000000000011
438 0.004351372260258017 0.02190000000000011
439 0.004351199032205264 0.02195000000000012
440 0.004351041262529748 0.02200000000000012
441 0.004350890084548472 0.02205000000000012
442 0.004350738811206563 0.02210000000000012
443 0.004350557884725666 0.02215000000000012
444 0.004350212397043822 0.02220000000000012
445 0.004350058197223627 0.02225000000000012
446 0.004349928724027735 0.02230000000000013
447 0.004349779973372719 0.02235000000000013
448 0.004349617851329085 0.02240000000000013
449 0.004349466456248629 0.02245000000000013
450 0.004349309991200361 0.02250000000000013
451 0.004349151091524652 0.02255000000000013
452 0.004349003707175745 0.02260000000000013
453 0.004348859566965246 0.02265000000000014
454 0.00434870898757921 0.02270000000000014
455 0.004348551518784452 0.02275000000000014
456 0.004348394409011426 0.02280000000000014
457 0.0043482543695134 0.02285000000000014
458 0.004348110431325997 0.02290000000000014
459 0.004347960849395284 0.02295000000000014
460 0.004347813611681041 0.02300000000000015
461 0.004347667663154624 0.02305000000000015
462 0.004347505766589774 0.02310000000000015
463 0.004347336434922779 0.02315000000000015
464 0.004347166890922949 0.02320000000000015
465 0.004346992213114791 0.02325000000000015
466 0.004346835094445936 0.02330000000000015
467 0.004346660035125307 0.02335000000000016
468 0.004346495283849859 0.02340000000000016
469 0.004346333343019241 0.02345000000000016
470 0.004346141629786549 0.02350000000000016
471 0.004345963493035019 0.02355000000000016
472 0.004345805725125558 0.02360000000000016
473 0.00434565620172807 0.02365000000000016
474 0.004345489535856686 0.02370000000000017
475 0.004345323462718328 0.02375000000000017
476 0.004345176647731309 0.02380000000000017
477 0.004345034562060045 0.02385000000000017
478 0.004344897162248409 0.02390000000000017
479 0.004344757245017797 0.02395000000000017
480 0.00434461532667874 0.02400000000000017
481 0.004344454867538964 0.02405000000000018
482 0.004344300859057823 0.02410000000000018
483 0.004344151435392179 0.02415000000000018
484 0.004343986833808355 0.02420000000000018
485 0.004343828927032854 0.02425000000000018
486 0.004343674585444261 0.02430000000000018
487 0.004343521631875964 0.02435000000000018
488 0.004343364431709986 0.02440000000000019
489 0.004343200250215874 0.02445000000000019
490 0.004343037672459442 0.02450000000000019
491 0.004342877994088701 0.02455000000000019
492 0.004342713010510106 0.02460000000000019
493 0.004342549958654171 0.02465000000000019
494 0.004342387307372637 0.02470000000000019
495 0.004342220387475187 0.0247500000000002
496 0.004342058533547929 0.0248000000000002
497 0.004341900642328118 0.0248500000000002
498 0.004341727520033603 0.0249000000000002
499 0.004341557464175751 0.0249500000000002
500 0.004341387384921319 0.0250000000000002
501 0.004341164228376432 0.0250500000000002
502 0.004340987490299025 0.02510000000000021
503 0.004340819724591978 0.02515000000000021
504 0.004340652357434084 0.02520000000000021
505 0.004340500087125429 0.02525000000000021
506 0.004340328312554557 0.02530000000000021
507 0.004340143896954772 0.02535000000000021
508 0.004339975576843486 0.02540000000000021
509 0.004339788309500893 0.02545000000000022
510 0.004339540600128877 0.02550000000000022
511 0.004339409411202005 0.02555000000000022
512 0.004339305144704076 0.02560000000000022
513 0.004339189684228625 0.02565000000000022
514 0.004339066994655767 0.02570000000000022
515 0.004338934310225053 0.02575000000000022
516 0.004338793277858157 0.02580000000000023
517 0.004338651465199008 0.02585000000000023
518 0.004338502036676436 0.02590000000000023
519 0.004338348178556967 0.02595000000000023
520 0.004338197160681934 0.02600000000000023
521 0.00433804326556458 0.02605000000000023
522 0.004337891042028582 0.02610000000000023
523 0.004337743629927263 0.02615000000000024
524 0.004337606008730914 0.02620000000000024
525 0.004337458997338088 0.02625000000000024
526 0.004337243601549252 0.02630000000000024
527 0.004337056009735275 0.02635000000000024
528 0.004336898999338687 0.02640000000000024
529 0.004336724108908781 0.02645000000000024
530 0.004336566928112746 0.02650000000000025
531 0.004336420859438344 0.02655000000000025
532 0.004336258203762763 0.02660000000000025
533 0.004336087362186628 0.02665000000000025
534 0.004335862471464312 0.02670000000000025
535 0.004335679772142326 0.02675000000000025
536 0.004335507547057325 0.02680000000000025
537 0.004335350980973284 0.02685000000000026
538 0.004335169610393591 0.02690000000000026
539 0.004335004091046279 0.02695000000000026
540 0.004334824151854783 0.02700000000000026
541 0.004334657637367714 0.02705000000000026
542 0.004334492430048747 0.02710000000000026
543 0.004334324551048496 0.02715000000000026
544 0.004334029897962671 0.02720000000000027
545 0.004333860006004111 0.02725000000000027
546 0.004333683821246293 0.02730000000000027
547 0.004333513606804591 0.02735000000000027
548 0.004333357467005669 0.02740000000000027
549 0.004333213773296388 0.02745000000000027
550 0.004333058548574347 0.02750000000000027
551 0.004332889922461734 0.02755000000000028
552 0.004332724232226791 0.02760000000000028
553 0.004332579482246573 0.02765000000000028
554 0.004332439736100883 0.02770000000000028
555 0.004332285630257757 0.02775000000000028
556 0.004332131554645453 0.02780000000000028
557 0.004331982424338319 0.02785000000000028
558 0.004331836994410585 0.02790000000000029
559 0.004331678041070194 0.02795000000000029
560 0.004331533273104125 0.02800000000000029
561 0.004331404463291918 0.02805000000000029
562 0.004331261581352291 0.02810000000000029
563 0.004331123515498054 0.02815000000000029
564 0.004330959125502648 0.02820000000000029
565 0.004330795684474029 0.0282500000000003
566 0.0043306368049023 0.0283000000000003
567 0.004330489159428288 0.0283500000000003
568 0.004330083437631731 0.0284000000000003
569 0.004329915032568517 0.0284500000000003
570 0.004329763024514726 0.0285000000000003
571 0.004329612291861863 0.0285500000000003
572 0.004329447702141486 0.02860000000000031
573 0.004329279897162401 0.02865000000000031
574 0.004329125172087386 0.02870000000000031
575 0.004328967138788894 0.02875000000000031
576 0.004328801205790972 0.02880000000000031
577 0.004328629256774275 0.02885000000000031
578 0.004328469060205198 0.02890000000000031
579 0.004328307029694918 0.02895000000000032
580 0.004328142222019312 0.02900000000000032
581 0.004327994252910203 0.02905000000000032
582 0.004327835999414427 0.02910000000000032
583 0.004327674969874054 0.02915000000000032
584 0.004327506503660533 0.02920000000000032
585 0.004327345184273507 0.02925000000000032
586 0.004327143494931333 0.02930000000000033
587 0.004326982094673372 0.02935000000000033
588 0.004326842649200583 0.02940000000000033
589 0.004326704667121662 0.02945000000000033
590 0.004326563453697224 0.02950000000000033
591 0.004326421442918285 0.02955000000000033
592 0.004326274898771534 0.02960000000000033
593 0.00432612953299002 0.02965000000000034
594 0.004325980826045521 0.02970000000000034
595 0.004325827973939566 0.02975000000000034
596 0.004325670622804725 0.02980000000000034
597 0.004325518817041557 0.02985000000000034
598 0.004325366281722651 0.02990000000000034
599 0.004325202179815003 0.02995000000000034
600 0.004325032237952765 0.03000000000000035
601 0.004324871000598327 0.03005000000000035
602 0.004324704739959025 0.03010000000000035
603 0.004324536448551956 0.03015000000000035
604 0.004324368953012444 0.03020000000000035
605 0.004324219489952871 0.03025000000000035
606 0.004324066367585087 0.03030000000000035
607 0.004323899836486886 0.03035000000000036
608 0.004323725493846777 0.03040000000000036
609 0.004323543134946095 0.03045000000000036
610 0.00432337037965504 0.03050000000000036
611 0.004323206801877344 0.03055000000000036
612 0.004323040671243982 0.03060000000000036
613 0.004322871139546098 0.03065000000000036
614 0.004322706757758446 0.03070000000000037
615 0.004322534675774416 0.03075000000000037
616 0.004322374498372079 0.03080000000000037
617 0.004322217107369115 0.03085000000000037
618 0.004322065916169746 0.03090000000000037
619 0.004321912933507927 0.03095000000000037
620 0.004321758081824294 0.03100000000000037
621 0.004321611108132142 0.03105000000000038
622 0.004321493088437624 0.03110000000000038
623 0.00432139977660593 0.03115000000000038
624 0.004321319881226944 0.03120000000000038
625 0.004321239507303085 0.03125000000000038
626 0.004321141099187461 0.03130000000000038
627 0.004321011573560397 0.03135000000000038
628 0.004320860852501521 0.03140000000000039
629 0.004320707021971623 0.03145000000000039
630 0.004320559158489388 0.03150000000000039
631 0.004320380534187576 0.03155000000000039
632 0.004320222165942334 0.03160000000000039
633 0.004320053854519677 0.03165000000000039
634 0.004319876676186776 0.03170000000000039
635 0.004319709367054243 0.0317500000000004
636 0.004319509823626873 0.0318000000000004
637 0.004319324932978145 0.0318500000000004
638 0.004319162589390293 0.0319000000000004
639 0.004319000152231149 0.0319500000000004
