"report-def-1-rfile"
"Time Step" "report-def-1 etc.."
("Time Step" "report-def-1" "flow-time")
0 0.004333110329272882 0
1 0.004333110329272935 5e-05
2 0.004333110329272956 0.0001
3 0.004333110329272949 0.00015
4 0.004333110329273011 0.0002
5 0.004333110329272965 0.00025
6 0.004333110329272944 0.0003
7 0.004333110329272972 0.0003500000000000001
8 0.00433311032927292 0.0004000000000000001
9 0.00433311032927291 0.0004500000000000001
10 0.004333110329272884 0.0005000000000000001
11 0.004333110329272841 0.0005500000000000001
12 0.004333110329272903 0.0006000000000000002
14 0.004333096177187332 0.0007000000000000002
15 0.004333094997846886 0.0007500000000000002
16 0.004333094604733411 0.0008000000000000003
17 0.004333094473695576 0.0008500000000000003
18 0.004333094430016393 0.0009000000000000003
19 0.0043330944154567 0.0009500000000000003
20 0.004333094410603458 0.001
21 0.004333094408985823 0.00105
22 0.004333094408446554 0.0011
23 0.00433309440826679 0.00115
24 0.004333094408206877 0.0012
25 0.004333094408186908 0.00125
26 0.004333094408180268 0.0013
27 0.004333094408178 0.00135
28 0.004333094408177267 0.0014
29 0.004333094408177053 0.001449999999999999
30 0.004333094408176978 0.001499999999999999
31 0.004333094408176976 0.001549999999999999
32 0.004333094408176984 0.001599999999999999
33 0.004333094408176945 0.001649999999999999
34 0.004333094408176927 0.001699999999999999
35 0.004333094408176935 0.001749999999999999
36 0.004333094408176962 0.001799999999999999
37 0.004333094408177027 0.001849999999999999
38 0.004333094408176951 0.001899999999999999
39 0.004333094408177027 0.001949999999999999
40 0.004333094408177058 0.001999999999999999
41 0.004333094408177106 0.002049999999999999
42 0.004333094164060669 0.002099999999999999
43 0.004333093827961238 0.002149999999999999
44 0.004333093715912184 0.002199999999999999
45 0.004333093385778608 0.002249999999999999
46 0.00433309296108742 0.0023
47 0.00433309252295973 0.00235
48 0.004333092008088001 0.0024
49 0.004333091504326566 0.00245
50 0.004333091005350465 0.0025
51 0.004333090830475724 0.00255
52 0.004333090755269946 0.0026
53 0.004333090697441676 0.00265
54 0.00433309061601989 0.002700000000000001
55 0.004333090473436613 0.002750000000000001
56 0.004333090215989505 0.002800000000000001
57 0.004333089756652847 0.002850000000000001
58 0.004333088953323639 0.002900000000000001
59 0.004333087578619624 0.002950000000000001
60 0.004333085277695081 0.003000000000000001
61 0.004333081511924524 0.003050000000000001
62 0.004333075486967898 0.003100000000000002
63 0.004333066063010472 0.003150000000000002
64 0.004333051653505511 0.003200000000000002
65 0.00433303011020441 0.003250000000000002
66 0.004332998605619353 0.003300000000000002
67 0.004332953525940751 0.003350000000000002
68 0.004332890397117559 0.003400000000000002
69 0.004332803860903883 0.003450000000000003
70 0.004332687720713062 0.003500000000000003
71 0.004332535075651579 0.003550000000000003
72 0.004332338532145307 0.003600000000000003
73 0.004332090486682138 0.003650000000000003
74 0.004331783438266893 0.003700000000000003
75 0.004331410308808271 0.003750000000000003
76 0.004330964732760472 0.003800000000000003
77 0.004330441311869146 0.003850000000000004
78 0.004329835838627104 0.003900000000000004
79 0.004329145471062703 0.003950000000000004
80 0.004328368842738449 0.004000000000000004
81 0.004327506079136384 0.004050000000000003
82 0.004326558734173947 0.004100000000000003
83 0.004325529650872102 0.004150000000000003
84 0.004324422764848164 0.004200000000000002
85 0.004323242873615588 0.004250000000000002
86 0.004321995381501189 0.004300000000000002
87 0.004320686071704572 0.004350000000000001
88 0.004319320869387492 0.004400000000000001
89 0.004317905666291717 0.004450000000000001
90 0.00431644616539006 0.004500000000000001
91 0.004314947764047969 0.00455
92 0.00431341548117726 0.0046
93 0.004311853893010196 0.00465
94 0.004310267093492205 0.004699999999999999
95 0.00430865868092173 0.004749999999999999
96 0.004307031761982844 0.004799999999999999
97 0.004305388971083815 0.004849999999999998
98 0.00430373250301419 0.004899999999999998
99 0.004302064148037449 0.004949999999999998
100 0.004300385340195703 0.004999999999999998
101 0.004298697198586963 0.005049999999999997
102 0.004297000567698229 0.005099999999999997
103 0.004295296064115438 0.005149999999999997
104 0.004293584115378259 0.005199999999999996
105 0.004291864993253024 0.005249999999999996
106 0.004290138842270926 0.005299999999999996
107 0.004288405707992655 0.005349999999999995
108 0.004286665557127109 0.005399999999999995
109 0.004284918301445823 0.005449999999999995
110 0.004283163817174757 0.005499999999999994
111 0.004281401962787173 0.005549999999999994
112 0.004279632592370026 0.005599999999999994
113 0.004277855565036451 0.005649999999999994
114 0.004276070754215143 0.005699999999999993
115 0.004274278055325211 0.005749999999999993
116 0.004272477388496152 0.005799999999999993
117 0.004270668697564415 0.005849999999999992
118 0.004268851950454683 0.005899999999999992
119 0.004267027137961309 0.005949999999999992
120 0.004265194275392958 0.005999999999999991
121 0.004263353398779183 0.006049999999999991
122 0.004261504567624815 0.006099999999999991
123 0.004259647854875068 0.006149999999999991
124 0.004257783349298163 0.00619999999999999
125 0.004255911151884809 0.00624999999999999
126 0.004254031369571131 0.00629999999999999
127 0.004252144121870514 0.006349999999999989
128 0.004250249535444233 0.006399999999999989
129 0.004248347741390332 0.006449999999999989
130 0.00424643887332909 0.006499999999999988
131 0.004244523070710254 0.006549999999999988
132 0.004242600470292685 0.006599999999999988
133 0.004240671208636527 0.006649999999999988
134 0.004238735421918408 0.006699999999999987
135 0.004236793242147693 0.006749999999999987
136 0.004234844795442701 0.006799999999999987
137 0.004232890202423361 0.006849999999999986
138 0.004230929578198683 0.006899999999999986
139 0.004228963034569721 0.006949999999999986
140 0.004226990676768743 0.006999999999999985
141 0.004225012606235495 0.007049999999999985
142 0.004223028923154068 0.007099999999999985
143 0.004221039722585856 0.007149999999999984
144 0.004219045094474578 0.007199999999999984
145 0.004217045126839879 0.007249999999999984
146 0.00421503990760724 0.007299999999999984
147 0.004213029518236727 0.007349999999999983
148 0.004211012675801765 0.007399999999999983
149 0.004208988778667612 0.007449999999999983
150 0.004206956859890499 0.007499999999999982
151 0.004204916933793269 0.007549999999999982
152 0.004202869348282479 0.007599999999999982
153 0.004200814195400823 0.007649999999999981
154 0.004198751148662816 0.007699999999999981
155 0.004196679690739656 0.007749999999999981
156 0.004194598259806849 0.007799999999999981
157 0.004192506560246514 0.00784999999999998
158 0.004190404960053887 0.00789999999999998
159 0.004188293948429612 0.00794999999999998
160 0.004186173882408553 0.007999999999999979
161 0.004184044964247038 0.008049999999999979
162 0.004181907413896207 0.008099999999999979
163 0.004179761545202425 0.008149999999999978
164 0.004177607823118493 0.008199999999999978
165 0.0041754469004954 0.008249999999999978
166 0.004173279669166838 0.008299999999999978
167 0.004171107327843669 0.008349999999999977
168 0.004168931432591091 0.008399999999999977
169 0.004166753894107336 0.008449999999999977
170 0.004164576963100071 0.008499999999999976
171 0.004162403227577327 0.008549999999999976
172 0.004160235474132434 0.008599999999999976
173 0.0041580765210643 0.008649999999999975
174 0.004155929000324106 0.008699999999999975
175 0.004153795122202662 0.008749999999999975
176 0.004151676474106309 0.008799999999999975
177 0.004149573895061745 0.008849999999999974
178 0.004147487393544644 0.008899999999999974
179 0.004145416156535607 0.008949999999999974
180 0.004143358640386697 0.008999999999999973
181 0.004141312713281651 0.009049999999999973
182 0.004139275828757763 0.009099999999999973
183 0.004137245193243932 0.009149999999999972
184 0.00413521792431561 0.009199999999999972
185 0.004133191197161295 0.009249999999999972
186 0.004131162346008338 0.009299999999999971
187 0.004129127277630902 0.009349999999999971
188 0.004127081178493195 0.009399999999999971
189 0.004125021696509789 0.009449999999999971
190 0.004122946993647309 0.00949999999999997
191 0.004120855732950196 0.00954999999999997
192 0.004118747007283474 0.00959999999999997
193 0.004116619967794724 0.009649999999999969
194 0.004114473255229978 0.009699999999999969
195 0.00411230300078877 0.009749999999999969
196 0.004110108001206127 0.009799999999999968
197 0.004107889190566992 0.009849999999999968
198 0.004105647612636063 0.009899999999999968
199 0.004103385058309298 0.009949999999999968
200 0.004101103740375061 0.009999999999999967
201 0.004098804243695405 0.01004999999999997
202 0.004096485968692941 0.01009999999999997
203 0.004094149372535506 0.01014999999999997
204 0.004091795246239131 0.01019999999999997
205 0.004089423558343881 0.01024999999999997
206 0.00408703406895072 0.01029999999999997
207 0.004084625619962499 0.01034999999999997
208 0.004082199486534098 0.01039999999999996
209 0.004079757398525406 0.01044999999999996
210 0.004077300378343179 0.01049999999999996
211 0.0040748300233329 0.01054999999999996
212 0.004072347902477612 0.01059999999999996
213 0.004069856146535607 0.01064999999999996
214 0.004067357160295657 0.01069999999999996
215 0.004064852118889114 0.01074999999999996
216 0.00406234152614264 0.01079999999999996
217 0.004059825984864062 0.01084999999999996
218 0.004057305069376536 0.01089999999999996
219 0.00405477780826506 0.01094999999999996
220 0.004052240816341267 0.01099999999999996
221 0.004049689880616006 0.01104999999999996
222 0.004047122382753533 0.01109999999999996
223 0.004044537730093525 0.01114999999999996
224 0.004041933025709582 0.01119999999999996
225 0.0040392289863561 0.01124999999999996
226 0.004036196332190967 0.01129999999999996
227 0.004032846933850086 0.01134999999999996
228 0.004029518653779376 0.01139999999999996
229 0.004026650273925434 0.01144999999999996
230 0.004024012070436688 0.01149999999999996
231 0.004021917119600672 0.01154999999999996
232 0.004020299570855535 0.01159999999999996
233 0.004019168358717471 0.01164999999999996
234 0.004018067397776963 0.01169999999999996
235 0.00401687587199919 0.01174999999999996
236 0.004015594366440678 0.01179999999999996
237 0.004014074550514914 0.01184999999999996
238 0.004012670677297256 0.01189999999999996
239 0.004011469439884503 0.01194999999999996
240 0.004010354399080136 0.01199999999999996
241 0.004008715630885057 0.01204999999999995
242 0.004007479853366689 0.01209999999999995
243 0.004006576127394061 0.01214999999999995
244 0.004005669188850903 0.01219999999999995
245 0.004004869475905939 0.01224999999999995
246 0.004003570159285613 0.01229999999999995
247 0.004001936040504921 0.01234999999999995
248 0.004000517737142404 0.01239999999999995
249 0.003999216691202573 0.01244999999999995
250 0.003997925570501339 0.01249999999999995
251 0.003996583741065288 0.01254999999999995
252 0.003995165087111234 0.01259999999999995
253 0.003993664942238269 0.01264999999999995
254 0.003992090648551334 0.01269999999999995
255 0.003990454435037072 0.01274999999999995
256 0.003988770637784647 0.01279999999999995
257 0.003987052450652316 0.01284999999999995
258 0.003985309993841692 0.01289999999999995
259 0.003983549751329689 0.01294999999999995
260 0.003981774487695357 0.01299999999999995
261 0.00397998404387962 0.01304999999999995
262 0.003978176401525178 0.01309999999999995
263 0.003976348274633359 0.01314999999999995
264 0.003974495946423383 0.01319999999999995
265 0.003972615702441474 0.01324999999999995
266 0.003970705229332449 0.01329999999999995
267 0.003968762260433589 0.01334999999999995
268 0.003966786667365307 0.01339999999999995
269 0.003964779971886887 0.01344999999999995
270 0.003962744119466641 0.01349999999999995
271 0.003960682804924478 0.01354999999999995
272 0.003958599560118048 0.01359999999999995
273 0.003956498192912804 0.01364999999999995
274 0.003954382536559697 0.01369999999999994
275 0.003952256800196953 0.01374999999999994
276 0.003950123341152217 0.01379999999999994
277 0.003947983818469756 0.01384999999999994
278 0.003945839843917561 0.01389999999999994
279 0.003943693152066669 0.01394999999999994
280 0.003941544612066527 0.01399999999999994
281 0.003939394587852169 0.01404999999999994
282 0.003937242030523466 0.01409999999999994
283 0.003935085814240729 0.01414999999999994
284 0.003932924544414936 0.01419999999999994
285 0.003930756839712092 0.01424999999999994
286 0.003928581352201423 0.01429999999999994
287 0.00392639711392447 0.01434999999999994
288 0.003924203532154043 0.01439999999999994
289 0.00392200045380993 0.01444999999999994
290 0.003919788381652704 0.01449999999999994
291 0.003917567877323819 0.01454999999999994
292 0.003915340650602528 0.01459999999999994
293 0.003913108025882668 0.01464999999999994
294 0.003910872795801323 0.01469999999999994
295 0.003908637533046358 0.01474999999999994
296 0.003906405284514526 0.01479999999999994
297 0.003904179389604179 0.01484999999999994
298 0.00390196329065197 0.01489999999999994
299 0.003899760312594843 0.01494999999999994
300 0.003897573407780757 0.01499999999999994
301 0.00389540488600476 0.01504999999999994
302 0.003893256178729891 0.01509999999999994
303 0.003891127678090523 0.01514999999999994
304 0.003889018672111071 0.01519999999999994
305 0.003886927396011034 0.01524999999999994
306 0.00388485118714452 0.01529999999999994
307 0.003882786711912517 0.01534999999999993
308 0.00388073021991897 0.01539999999999993
309 0.003878677758156874 0.01544999999999993
310 0.003876625417626147 0.01549999999999993
311 0.00387456745635879 0.01554999999999993
312 0.003872499111344616 0.01559999999999993
313 0.003870416604846813 0.01564999999999993
314 0.003868316496236897 0.01569999999999994
315 0.003866196200235732 0.01574999999999994
316 0.003864053958953732 0.01579999999999994
317 0.003861888242243328 0.01584999999999994
318 0.003859697591887256 0.01589999999999994
319 0.003857480334315685 0.01594999999999994
320 0.003855235070806078 0.01599999999999994
321 0.003852962444855249 0.01604999999999995
322 0.003850665041964609 0.01609999999999995
323 0.003848345981070166 0.01614999999999995
324 0.003846008285185527 0.01619999999999995
325 0.003843654826117878 0.01624999999999995
326 0.003841288253843081 0.01629999999999995
327 0.003838910998026171 0.01634999999999995
328 0.003836525142120985 0.01639999999999996
329 0.00383413216171967 0.01644999999999996
330 0.003831734550249125 0.01649999999999996
331 0.003829334941867962 0.01654999999999996
332 0.003826936052478118 0.01659999999999996
333 0.003824540022004842 0.01664999999999996
334 0.00382214844980845 0.01669999999999996
335 0.003819762445387363 0.01674999999999997
336 0.003817382604431913 0.01679999999999997
337 0.003815009028442143 0.01684999999999997
338 0.00381264134384957 0.01689999999999997
339 0.003810278759893039 0.01694999999999997
340 0.003807920202197391 0.01699999999999997
341 0.003805564491111797 0.01704999999999997
342 0.00380321052920383 0.01709999999999998
343 0.003800857506731604 0.01714999999999998
344 0.003798505111925912 0.01719999999999998
345 0.00379615366953292 0.01724999999999998
346 0.003793804259155618 0.01729999999999998
347 0.003791458710158902 0.01734999999999998
348 0.003789119495697984 0.01739999999999998
349 0.003786789509286447 0.01744999999999999
350 0.003784471766514876 0.01749999999999999
351 0.003782169058581373 0.01754999999999999
352 0.003779883609945219 0.01759999999999999
353 0.003777616793115919 0.01764999999999999
354 0.003775368948819755 0.01769999999999999
355 0.003773139327683556 0.01774999999999999
356 0.003770926153103803 0.0178
357 0.003768726754200425 0.01785
358 0.003766532628907508 0.0179
359 0.003764335721621514 0.01795
360 0.003762128322124222 0.018
361 0.003759907666250515 0.01805
362 0.003757672783786914 0.0181
363 0.003755422641159998 0.01815000000000001
364 0.003753155491819356 0.01820000000000001
365 0.003750869270594251 0.01825000000000001
366 0.003748562232301651 0.01830000000000001
367 0.003746233485383175 0.01835000000000001
368 0.00374388260164194 0.01840000000000001
369 0.003741509673465806 0.01845000000000001
370 0.003739115354341971 0.01850000000000002
371 0.003736700889827394 0.01855000000000002
372 0.003734268131730063 0.01860000000000002
373 0.003731819732837063 0.01865000000000002
374 0.003729359161960381 0.01870000000000002
375 0.003726890754709143 0.01875000000000002
376 0.003724419640568947 0.01880000000000003
377 0.003721950123318065 0.01885000000000003
378 0.003719485838379815 0.01890000000000003
379 0.003717031798353621 0.01895000000000003
380 0.003714593723966558 0.01900000000000003
381 0.00371217690409553 0.01905000000000003
382 0.003709784287853909 0.01910000000000003
383 0.0037074159575693 0.01915000000000004
384 0.003705069611021548 0.01920000000000004
385 0.003702741081803355 0.01925000000000004
386 0.003700425140370126 0.01930000000000004
387 0.003698116162062473 0.01935000000000004
388 0.003695808716526105 0.01940000000000004
389 0.003693497988157597 0.01945000000000004
390 0.003691179994470108 0.01950000000000005
391 0.003688851800026491 0.01955000000000005
392 0.003686511522269223 0.01960000000000005
393 0.003684158454150427 0.01965000000000005
394 0.003681793126342688 0.01970000000000005
395 0.00367941730409206 0.01975000000000005
396 0.003677033906972964 0.01980000000000005
397 0.003674646794523558 0.01985000000000006
398 0.003672260398019861 0.01990000000000006
399 0.003669879239085101 0.01995000000000006
400 0.003667507404658616 0.02000000000000006
401 0.003665148086851828 0.02005000000000006
402 0.003662803247556426 0.02010000000000006
403 0.003660473444191157 0.02015000000000006
404 0.003658157836954059 0.02020000000000007
405 0.003655852734543492 0.02025000000000007
406 0.003653553886605355 0.02030000000000007
407 0.003651255646238864 0.02035000000000007
408 0.003648953935548875 0.02040000000000007
409 0.003646644857992662 0.02045000000000007
410 0.00364432522068647 0.02050000000000007
411 0.003641991896392511 0.02055000000000008
412 0.003639642124705524 0.02060000000000008
413 0.003637273908563171 0.02065000000000008
414 0.003634886289655226 0.02070000000000008
415 0.003632478962488862 0.02075000000000008
416 0.003630052095690978 0.02080000000000008
417 0.003627606619598545 0.02085000000000008
418 0.003625144579739864 0.02090000000000009
419 0.003622668747350095 0.02095000000000009
420 0.003620182270816287 0.02100000000000009
421 0.003617688670298894 0.02105000000000009
422 0.003615191855600446 0.02110000000000009
423 0.003612696022387219 0.02115000000000009
424 0.003610205729219397 0.02120000000000009
425 0.003607725716165393 0.0212500000000001
426 0.003605260664204398 0.0213000000000001
427 0.003602813679342898 0.0213500000000001
428 0.003600384521960738 0.0214000000000001
429 0.003597973723547269 0.0214500000000001
430 0.00359558217806619 0.0215000000000001
431 0.003593209594446557 0.0215500000000001
432 0.003590854475573397 0.02160000000000011
433 0.003588513612709754 0.02165000000000011
434 0.003586182338189906 0.02170000000000011
435 0.003583855230289455 0.02175000000000011
436 0.003581526915107424 0.02180000000000011
437 0.003579192572644458 0.02185000000000011
438 0.003576848208899391 0.02190000000000011
439 0.003574490773010017 0.02195000000000012
440 0.003572118242420277 0.02200000000000012
441 0.003569729647605989 0.02205000000000012
442 0.003567325123299824 0.02210000000000012
443 0.003564905954845979 0.02215000000000012
444 0.003562474626206135 0.02220000000000012
445 0.003560034794308933 0.02225000000000012
446 0.003557591135704786 0.02230000000000013
447 0.00355514910925084 0.02235000000000013
448 0.003552712726988428 0.02240000000000013
449 0.003550284526408823 0.02245000000000013
450 0.003547867224778667 0.02250000000000013
451 0.003545462925202838 0.02255000000000013
452 0.003543068710300656 0.02260000000000013
453 0.003540678153379492 0.02265000000000014
454 0.003538286168918548 0.02270000000000014
455 0.003535889810316692 0.02275000000000014
456 0.003533485920295322 0.02280000000000014
457 0.003531071300629074 0.02285000000000014
458 0.003528643926207747 0.02290000000000014
459 0.003526202517647089 0.02295000000000014
460 0.003523744814031806 0.02300000000000015
461 0.003521268586714141 0.02305000000000015
462 0.003518772031333081 0.02310000000000015
463 0.003516253918323344 0.02315000000000015
464 0.003513713868447932 0.02320000000000015
465 0.00351115238579375 0.02325000000000015
466 0.003508570903702714 0.02330000000000015
467 0.003505971821068021 0.02335000000000016
468 0.003503358448873252 0.02340000000000016
469 0.003500734935863789 0.02345000000000016
470 0.003498106068097438 0.02350000000000016
471 0.003495477156836368 0.02355000000000016
472 0.003492853956497771 0.02360000000000016
473 0.00349024252397664 0.02365000000000016
474 0.003487648981425829 0.02370000000000017
475 0.003485079172042073 0.02375000000000017
476 0.003482538197785952 0.02380000000000017
477 0.003480029967338437 0.02385000000000017
478 0.003477553630832295 0.02390000000000017
479 0.003475106897730773 0.02395000000000017
480 0.003472688553087412 0.02400000000000017
481 0.003470295174561291 0.02405000000000018
482 0.003467921547335734 0.02410000000000018
483 0.00346555945742715 0.02415000000000018
484 0.003463200645754823 0.02420000000000018
485 0.003460841432643292 0.02425000000000018
486 0.003458478659675131 0.02430000000000018
487 0.003456109031672747 0.02435000000000018
488 0.003453729396983927 0.02440000000000019
489 0.003451337003668868 0.02445000000000019
490 0.003448929929390021 0.02450000000000019
491 0.003446507346689946 0.02455000000000019
492 0.003444069671430111 0.02460000000000019
493 0.003441618509117848 0.02465000000000019
494 0.003439155630896959 0.02470000000000019
495 0.003436683129660389 0.0247500000000002
496 0.003434204560977115 0.0248000000000002
497 0.003431725095915822 0.0248500000000002
498 0.00342924947494482 0.0249000000000002
499 0.003426781790316975 0.0249500000000002
500 0.003424325860674679 0.0250000000000002
501 0.003421883776169344 0.0250500000000002
502 0.003419455335977413 0.02510000000000021
503 0.003417038431926459 0.02515000000000021
504 0.003414629696939687 0.02520000000000021
505 0.003412225138657898 0.02525000000000021
506 0.003409820658420785 0.02530000000000021
507 0.003407412444867674 0.02535000000000021
508 0.003404997259689363 0.02540000000000021
509 0.003402572646505213 0.02545000000000022
510 0.003400137110453436 0.02550000000000022
511 0.003397690263970781 0.02555000000000022
512 0.003395232890654091 0.02560000000000022
513 0.003392766931537713 0.02565000000000022
514 0.003390295338999838 0.02570000000000022
515 0.003387819545443082 0.02575000000000022
516 0.003385339832425382 0.02580000000000023
517 0.003382858191909856 0.02585000000000023
518 0.003380377441063936 0.02590000000000023
519 0.003377899756188072 0.02595000000000023
520 0.003375423824833255 0.02600000000000023
521 0.003372946818737874 0.02605000000000023
522 0.003370461002778331 0.02610000000000023
523 0.003367961509800059 0.02615000000000024
524 0.003365444381162405 0.02620000000000024
525 0.003362905725154175 0.02625000000000024
526 0.003360344741117439 0.02630000000000024
527 0.003357761106080757 0.02635000000000024
528 0.003355154549559016 0.02640000000000024
529 0.003352525733978036 0.02645000000000024
530 0.003349874902810504 0.02650000000000025
531 0.003347201879675965 0.02655000000000025
532 0.003344507151948809 0.02660000000000025
533 0.00334179191272966 0.02665000000000025
534 0.003339057981676203 0.02670000000000025
535 0.003336307684820945 0.02675000000000025
536 0.003333544121979727 0.02680000000000025
537 0.003330771060849704 0.02685000000000026
538 0.003327993061406687 0.02690000000000026
539 0.0033252157832763 0.02695000000000026
540 0.003322445523962404 0.02700000000000026
541 0.003319689649418859 0.02705000000000026
542 0.003316956031427217 0.02710000000000026
543 0.003314251828837521 0.02715000000000026
544 0.003311584012017846 0.02720000000000027
545 0.003308958602067609 0.02725000000000027
546 0.003306379351739914 0.02730000000000027
547 0.00330384813321213 0.02735000000000027
548 0.003301364800272799 0.02740000000000027
549 0.003298925509232998 0.02745000000000027
550 0.003296525728202853 0.02750000000000027
551 0.003294158585213045 0.02755000000000028
552 0.003291817456880348 0.02760000000000028
553 0.003289495564230738 0.02765000000000028
554 0.003287186631076987 0.02770000000000028
555 0.00328488420965209 0.02775000000000028
556 0.003282582191380376 0.02780000000000028
557 0.003280274979009898 0.02785000000000028
558 0.003277957642347796 0.02790000000000029
559 0.003275626145710592 0.02795000000000029
560 0.003273276410576194 0.02800000000000029
561 0.003270906681857435 0.02805000000000029
562 0.003268516247534191 0.02810000000000029
563 0.003266104896705774 0.02815000000000029
564 0.003263673625352669 0.02820000000000029
565 0.003261224545197886 0.0282500000000003
566 0.003258760851382699 0.0283000000000003
567 0.003256286175901484 0.0283500000000003
568 0.003253805274023878 0.0284000000000003
569 0.003251322586410816 0.0284500000000003
570 0.0032488425345896 0.0285000000000003
571 0.00324636752791323 0.0285500000000003
572 0.003243896970255574 0.02860000000000031
573 0.00324143290390167 0.02865000000000031
574 0.003238976537615204 0.02870000000000031
575 0.003236528115384463 0.02875000000000031
576 0.003234085475200037 0.02880000000000031
577 0.003231646651662349 0.02885000000000031
578 0.003229208790718627 0.02890000000000031
579 0.003226768183894609 0.02895000000000032
580 0.003224322105293962 0.02900000000000032
581 0.003221868267685351 0.02905000000000032
582 0.003219404815085869 0.02910000000000032
583 0.003216930773858766 0.02915000000000032
584 0.003214446277171408 0.02920000000000032
585 0.003211951542294179 0.02925000000000032
586 0.003209448506984242 0.02930000000000033
587 0.003206939667845324 0.02935000000000033
588 0.003204428666302616 0.02940000000000033
589 0.003201920185820175 0.02945000000000033
590 0.003199419764126293 0.02950000000000033
591 0.00319693347133282 0.02955000000000033
592 0.003194467456009398 0.02960000000000033
593 0.003192027378466093 0.02965000000000034
594 0.003189617406809752 0.02970000000000034
595 0.003187236270657825 0.02975000000000034
596 0.003184870302131276 0.02980000000000034
597 0.003182504992897168 0.02985000000000034
598 0.003180139670867603 0.02990000000000034
599 0.003177776568949228 0.02995000000000034
600 0.00317541380407892 0.03000000000000035
601 0.003173047745443591 0.03005000000000035
602 0.003170674492044267 0.03010000000000035
603 0.003168289268737126 0.03015000000000035
604 0.003165886309923248 0.03020000000000035
605 0.003163459844146771 0.03025000000000035
606 0.003161005005385719 0.03030000000000035
607 0.003158517630776743 0.03035000000000036
608 0.003155994771277149 0.03040000000000036
609 0.003153435250865025 0.03045000000000036
610 0.003150839563039492 0.03050000000000036
611 0.003148209921263522 0.03055000000000036
612 0.003145550231100233 0.03060000000000036
613 0.003142863317929169 0.03065000000000036
614 0.003140154433669102 0.03070000000000037
615 0.003137430877494995 0.03075000000000037
616 0.003134701566012859 0.03080000000000037
617 0.003131976328582611 0.03085000000000037
618 0.003129264819444992 0.03090000000000037
619 0.003126575437284201 0.03095000000000037
620 0.00312391475886023 0.03100000000000037
621 0.003121286699673938 0.03105000000000038
622 0.003118692372672789 0.03110000000000038
623 0.003116130480640203 0.03115000000000038
624 0.003113597931861143 0.03120000000000038
625 0.003111090612045207 0.03125000000000038
626 0.003108604142776708 0.03130000000000038
627 0.003106134524265484 0.03135000000000038
628 0.003103678556021436 0.03140000000000039
629 0.003101234130210963 0.03145000000000039
630 0.003098800267440899 0.03150000000000039
631 0.003096377019789716 0.03155000000000039
632 0.00309396522568651 0.03160000000000039
633 0.003091566165827354 0.03165000000000039
634 0.003089180764241106 0.03170000000000039
635 0.003086807813559945 0.0317500000000004
636 0.003084443504353928 0.0318000000000004
637 0.003082085908913615 0.0318500000000004
638 0.00307973101652369 0.0319000000000004
639 0.003077374703003242 0.0319500000000004
640 0.003075012062190148 0.0320000000000004
641 0.003072640108040607 0.0320500000000004
642 0.003070256600570124 0.03210000000000041
643 0.003067858580183579 0.03215000000000041
644 0.003065444838526775 0.03220000000000041
645 0.003063014274268493 0.03225000000000041
646 0.003060565834827357 0.03230000000000041
647 0.003058098574932806 0.03235000000000041
648 0.003055612182393437 0.03240000000000041
649 0.003053106995446574 0.03245000000000042
650 0.003050583745127628 0.03250000000000042
651 0.00304804421422557 0.03255000000000042
652 0.003045490892554048 0.03260000000000042
653 0.003042925252052499 0.03265000000000042
654 0.003040350792305122 0.03270000000000042
655 0.003037769937132096 0.03275000000000042
656 0.003035187210494089 0.03280000000000043
657 0.003032606363087863 0.03285000000000043
658 0.003030031080922274 0.03290000000000043
659 0.003027464220921138 0.03295000000000043
660 0.003024907803587429 0.03300000000000043
661 0.003022362426652534 0.03305000000000043
662 0.003019828160398734 0.03310000000000043
663 0.003017303693512696 0.03315000000000044
664 0.003014787214765527 0.03320000000000044
665 0.003012276745663138 0.03325000000000044
666 0.003009770473582102 0.03330000000000044
667 0.00300726706131556 0.03335000000000044
668 0.003004765929441287 0.03340000000000044
669 0.003002267438795695 0.03345000000000044
670 0.002999772984208057 0.03350000000000045
671 0.002997284982160466 0.03355000000000045
672 0.002994806479769519 0.03360000000000045
673 0.002992339284416804 0.03365000000000045
674 0.002989883419774328 0.03370000000000045
675 0.002987440854398327 0.03375000000000045
676 0.002985009023479071 0.03380000000000045
677 0.002982586588177245 0.03385000000000046
678 0.002980172224178605 0.03390000000000046
679 0.002977761788232402 0.03395000000000046
680 0.002975350750185121 0.03400000000000046
681 0.002972935945380582 0.03405000000000046
682 0.002970514060362996 0.03410000000000046
683 0.002968081881616721 0.03415000000000046
684 0.002965636027290322 0.03420000000000047
685 0.00296317287743401 0.03425000000000047
686 0.002960689523729558 0.03430000000000047
687 0.002958183837690762 0.03435000000000047
688 0.002955654214248485 0.03440000000000047
689 0.002953100148930053 0.03445000000000047
690 0.002950522188317159 0.03450000000000047
691 0.002947922093948141 0.03455000000000048
692 0.002945302837799981 0.03460000000000048
693 0.002942668491107703 0.03465000000000048
694 0.002940024050971744 0.03470000000000048
695 0.002937375179960395 0.03475000000000048
696 0.002934727912529597 0.03480000000000048
697 0.002932088350838536 0.03485000000000048
698 0.002929462287643678 0.03490000000000049
699 0.00292685481498108 0.03495000000000049
700 0.002924269932309342 0.03500000000000049
701 0.002921710258953901 0.03505000000000049
702 0.002919174227558034 0.03510000000000049
703 0.002916659103470493 0.03515000000000049
704 0.002914160539214746 0.03520000000000049
705 0.002911676931805945 0.0352500000000005
706 0.00290920544876503 0.0353000000000005
707 0.002906740196688045 0.0353500000000005
708 0.002904277285734459 0.0354000000000005
709 0.002901814697425651 0.0354500000000005
710 0.002899350185805537 0.0355000000000005
711 0.002896881582532926 0.0355500000000005
712 0.00289440694640703 0.03560000000000051
713 0.00289192460306576 0.03565000000000051
714 0.002889433235989954 0.03570000000000051
715 0.002886931946841644 0.03575000000000051
716 0.002884420413885646 0.03580000000000051
717 0.002881898998370882 0.03585000000000051
718 0.002879368882635994 0.03590000000000051
719 0.002876832198235845 0.03595000000000052
720 0.002874292117839348 0.03600000000000052
721 0.002871752822097461 0.03605000000000052
722 0.002869219297666902 0.03610000000000052
723 0.002866696947622415 0.03615000000000052
724 0.002864191046982625 0.03620000000000052
725 0.0028617061440207 0.03625000000000052
726 0.00285924357314461 0.03630000000000053
727 0.002856800615764763 0.03635000000000053
728 0.002854374646904437 0.03640000000000053
729 0.002851963104424487 0.03645000000000053
730 0.002849562245695076 0.03650000000000053
731 0.002847166912962511 0.03655000000000053
732 0.002844772420454315 0.03660000000000053
733 0.002842371836763419 0.03665000000000054
734 0.002839959830627479 0.03670000000000054
735 0.002837533688481919 0.03675000000000054
736 0.002835091067936523 0.03680000000000054
737 0.002832629913499731 0.03685000000000054
738 0.00283014860375427 0.03690000000000054
739 0.002827646354949678 0.03695000000000054
740 0.002825123546711011 0.03700000000000055
741 0.00282258130905009 0.03705000000000055
742 0.002820022394799935 0.03710000000000055
743 0.002817450252833677 0.03715000000000055
744 0.00281486942730777 0.03720000000000055
745 0.002812285410112994 0.03725000000000055
746 0.002809704136699733 0.03730000000000055
747 0.002807131255195514 0.03735000000000056
748 0.002804567680811733 0.03740000000000056
749 0.002802015866738096 0.03745000000000056
750 0.002799477833577293 0.03750000000000056
751 0.002796954471677043 0.03755000000000056
752 0.002794444071128448 0.03760000000000056
753 0.002791942903076375 0.03765000000000056
754 0.002789446586813816 0.03770000000000057
755 0.002786950899175768 0.03775000000000057
756 0.00278445234904744 0.03780000000000057
757 0.002781948690222392 0.03785000000000057
758 0.002779438004438482 0.03790000000000057
759 0.002776918612559175 0.03795000000000057
760 0.002774389336542236 0.03800000000000057
761 0.002771849882263073 0.03805000000000058
762 0.002769300994672487 0.03810000000000058
763 0.002766742515814667 0.03815000000000058
764 0.002764176889166361 0.03820000000000058
765 0.002761606574434157 0.03825000000000058
766 0.002759036182177789 0.03830000000000058
767 0.00275647045086653 0.03835000000000059
768 0.002753911507702086 0.03840000000000059
769 0.002751361393516978 0.03845000000000059
770 0.002748821452942331 0.03850000000000059
771 0.002746294073127058 0.03855000000000059
772 0.002743779646835422 0.03860000000000059
773 0.002741276373375535 0.03865000000000059
774 0.002738781448393657 0.0387000000000006
775 0.002736291287861647 0.0387500000000006
776 0.002733802363145927 0.0388000000000006
777 0.002731308259297659 0.0388500000000006
778 0.002728803274763981 0.0389000000000006
779 0.002726282982951145 0.0389500000000006
780 0.002723743561390329 0.0390000000000006
781 0.002721183720479143 0.03905000000000061
782 0.002718602650799335 0.03910000000000061
783 0.002716000327921401 0.03915000000000061
784 0.002713377265190665 0.03920000000000061
785 0.002710735481524569 0.03925000000000061
786 0.002708078833333681 0.03930000000000061
787 0.002705411504577501 0.03935000000000061
788 0.002702737283997483 0.03940000000000062
789 0.002700059628390638 0.03945000000000062
790 0.002697380059585826 0.03950000000000062
791 0.002694700478254684 0.03955000000000062
792 0.002692022789374087 0.03960000000000062
793 0.002689349838153947 0.03965000000000062
794 0.00268668556933605 0.03970000000000062
795 0.002684034043696382 0.03975000000000063
796 0.002681399254804839 0.03980000000000063
797 0.002678784207423208 0.03985000000000063
798 0.002676191483147224 0.03990000000000063
799 0.002673622640769652 0.03995000000000063
800 0.002671078187138722 0.04000000000000063
801 0.00266855706690002 0.04005000000000063
802 0.002666057298649489 0.04010000000000064
803 0.002663576267179495 0.04015000000000064
804 0.002661111070676767 0.04020000000000064
805 0.002658658842140528 0.04025000000000064
806 0.002656217030915251 0.04030000000000064
807 0.002653783592221307 0.04035000000000064
808 0.002651357095930193 0.04040000000000064
809 0.002648936732796043 0.04045000000000065
810 0.002646522250805076 0.04050000000000065
811 0.002644113808146759 0.04055000000000065
812 0.002641711769817386 0.04060000000000065
813 0.002639316491672981 0.04065000000000065
814 0.002636928119411483 0.04070000000000065
815 0.002634543444488629 0.04075000000000065
816 0.002632156534230697 0.04080000000000066
817 0.002629762069568711 0.04085000000000066
818 0.00262735814309631 0.04090000000000066
819 0.002624944040340685 0.04095000000000066
820 0.002622518771045199 0.04100000000000066
821 0.002620079536352575 0.04105000000000066
822 0.002617624245892183 0.04110000000000066
823 0.002615150958164269 0.04115000000000067
824 0.002612658300234767 0.04120000000000067
825 0.002610145969844426 0.04125000000000067
826 0.002607613966206194 0.04130000000000067
827 0.00260506270680163 0.04135000000000067
828 0.002602493311921767 0.04140000000000067
829 0.002599907988167188 0.04145000000000067
830 0.00259730951173026 0.04150000000000068
831 0.002594701946665323 0.04155000000000068
832 0.002592090329599758 0.04160000000000068
833 0.002589480645753103 0.04165000000000068
834 0.002586878254700942 0.04170000000000068
835 0.002584287783671922 0.04175000000000068
836 0.002581712373584617 0.04180000000000068
837 0.002579157103270666 0.04185000000000069
838 0.002576624875543386 0.04190000000000069
839 0.002574116393188055 0.04195000000000069
840 0.002571630414122761 0.04200000000000069
841 0.002569163415927668 0.04205000000000069
842 0.002566710748272235 0.04210000000000069
843 0.002564266961986873 0.04215000000000069
844 0.00256182677653056 0.0422000000000007
845 0.002559384909598031 0.0422500000000007
846 0.002556937545416825 0.0423000000000007
847 0.0025544815379871 0.0423500000000007
848 0.002552015032716872 0.0424000000000007
849 0.002549537509461513 0.0424500000000007
850 0.002547049787896121 0.0425000000000007
851 0.002544553963478274 0.04255000000000071
852 0.002542053257274236 0.04260000000000071
853 0.002539551742215619 0.04265000000000071
854 0.002537053976402429 0.04270000000000071
855 0.002534564549199844 0.04275000000000071
856 0.002532087621553427 0.04280000000000071
857 0.002529624735103232 0.04285000000000071
858 0.002527176631746915 0.04290000000000072
859 0.002524741248082063 0.04295000000000072
860 0.002522316754461046 0.04300000000000072
861 0.002519897090898451 0.04305000000000072
862 0.002517474250380457 0.04310000000000072
863 0.002515045013376599 0.04315000000000072
864 0.002512606854136729 0.04320000000000072
865 0.002510157017176195 0.04325000000000073
866 0.002507693225240764 0.04330000000000073
867 0.002505213511738426 0.04335000000000073
868 0.002502715760035832 0.04340000000000073
869 0.002500198427606286 0.04345000000000073
870 0.002497659532823099 0.04350000000000073
871 0.002495099044703825 0.04355000000000073
872 0.002492518022166339 0.04360000000000074
873 0.002489918293590172 0.04365000000000074
874 0.002487301858606223 0.04370000000000074
875 0.002484671354786556 0.04375000000000074
876 0.002482029937968014 0.04380000000000074
877 0.002479381230726273 0.04385000000000074
878 0.002476729155070551 0.04390000000000074
879 0.002474077789980037 0.04395000000000075
880 0.002471431004671019 0.04400000000000075
881 0.002468793026147524 0.04405000000000075
882 0.002466167242034653 0.04410000000000075
883 0.002463556584278856 0.04415000000000075
884 0.002460963408196318 0.04420000000000075
885 0.002458389447891788 0.04425000000000075
886 0.002455835817059238 0.04430000000000076
887 0.002453303021679773 0.04435000000000076
888 0.002450790962347438 0.04440000000000076
889 0.002448298948091563 0.04445000000000076
890 0.002445825733750361 0.04450000000000076
891 0.002443366571431952 0.04455000000000076
892 0.002440914117471272 0.04460000000000076
893 0.002438464039723029 0.04465000000000077
894 0.002436013865505986 0.04470000000000077
895 0.002433562254825258 0.04475000000000077
896 0.002431105940566267 0.04480000000000077
897 0.002428642746531008 0.04485000000000077
898 0.002426170836261981 0.04490000000000077
899 0.002423688255230889 0.04495000000000077
900 0.002421193872516725 0.04500000000000078
901 0.002418686243408699 0.04505000000000078
902 0.0024161644849445 0.04510000000000078
903 0.002413628242176006 0.04515000000000078
904 0.00241107802109046 0.04520000000000078
905 0.002408515082047841 0.04525000000000078
906 0.002405941580246295 0.04530000000000078
907 0.002403360867599052 0.04535000000000079
908 0.002400776968289451 0.04540000000000079
909 0.002398194997718655 0.04545000000000079
910 0.002395620779662263 0.04550000000000079
911 0.002393060287802529 0.04555000000000079
912 0.002390519011705657 0.04560000000000079
913 0.002388001303102898 0.04565000000000079
914 0.002385509853861809 0.0457000000000008
915 0.00238304539886239 0.0457500000000008
916 0.0023806066943329 0.0458000000000008
917 0.002378187250952288 0.0458500000000008
918 0.002375780393326471 0.0459000000000008
919 0.002373378519673833 0.0459500000000008
920 0.002370977005828254 0.0460000000000008
921 0.002368571277618965 0.04605000000000081
922 0.00236615603262905 0.04610000000000081
923 0.002363726524367977 0.04615000000000081
924 0.002361278465624693 0.04620000000000081
925 0.002358808904391474 0.04625000000000081
926 0.002356316879582215 0.04630000000000081
927 0.002353802516687033 0.04635000000000081
928 0.002351266782209217 0.04640000000000082
929 0.002348711364293243 0.04645000000000082
930 0.002346138659930755 0.04650000000000082
931 0.002343551577862557 0.04655000000000082
932 0.002340954047139866 0.04660000000000082
933 0.002338350640153901 0.04665000000000082
934 0.002335746828967662 0.04670000000000082
935 0.002333148180531469 0.04675000000000083
936 0.00233056057805622 0.04680000000000083
937 0.002327989766780149 0.04685000000000083
938 0.002325437359600417 0.04690000000000083
939 0.002322903880042699 0.04695000000000083
940 0.002320390063714239 0.04700000000000083
941 0.002317896946436759 0.04705000000000083
942 0.002315423961441254 0.04710000000000084
943 0.002312967932654376 0.04715000000000084
944 0.002310523541514319 0.04720000000000084
945 0.002308085008501391 0.04725000000000084
946 0.002305646328945372 0.04730000000000084
947 0.002303202279495074 0.04735000000000084
948 0.002300748453314596 0.04740000000000084
949 0.002298281251681656 0.04745000000000085
950 0.002295798098394271 0.04750000000000085
951 0.002293297261857302 0.04755000000000085
952 0.002290777927232935 0.04760000000000085
953 0.002288240839033784 0.04765000000000085
954 0.002285688198079203 0.04770000000000085
955 0.002283123136053976 0.04775000000000085
956 0.002280550151780622 0.04780000000000086
957 0.00227797484501649 0.04785000000000086
958 0.00227540346312037 0.04790000000000086
959 0.002272842318790636 0.04795000000000086
960 0.00227029715592152 0.04800000000000086
961 0.002267772551033484 0.04805000000000086
962 0.002265271452292125 0.04810000000000086
963 0.002262787714574762 0.04815000000000087
964 0.002260317036610538 0.04820000000000087
965 0.00225785538929108 0.04825000000000087
966 0.00225540126679523 0.04830000000000087
967 0.002252951749088176 0.04835000000000087
968 0.002250503158287171 0.04840000000000087
969 0.002248051121729981 0.04845000000000087
970 0.002245591302843661 0.04850000000000088
971 0.002243119824449903 0.04855000000000088
972 0.00224063286194099 0.04860000000000088
973 0.002238127762308076 0.04865000000000088
974 0.002235602760871379 0.04870000000000088
975 0.002233057077441024 0.04875000000000088
976 0.002230491349393236 0.04880000000000088
977 0.0022279072699354 0.04885000000000089
978 0.00222530779145782 0.04890000000000089
979 0.00222269709637384 0.04895000000000089
980 0.002220080814409177 0.04900000000000089
981 0.002217465141537145 0.04905000000000089
982 0.002214856912947481 0.04910000000000089
983 0.002212262973088012 0.04915000000000089
984 0.002209689486350135 0.0492000000000009
985 0.002207141262886703 0.0492500000000009
986 0.002204621277653849 0.0493000000000009
987 0.002202130440270268 0.0493500000000009
988 0.002199667645685759 0.0494000000000009
989 0.0021972299991017 0.0494500000000009
990 0.002194813600323225 0.0495000000000009
991 0.002192407255002058 0.04955000000000091
992 0.002190004202499974 0.04960000000000091
993 0.002187599767103162 0.04965000000000091
994 0.002185189876164231 0.04970000000000091
995 0.002182770850665078 0.04975000000000091
996 0.002180339485411506 0.04980000000000091
997 0.002177893235647912 0.04985000000000091
998 0.002175429516309557 0.04990000000000092
999 0.002172946532709582 0.04995000000000092
1000 0.002170443398168262 0.05000000000000092
1001 0.002167919887022353 0.05005000000000092
1002 0.002165377039463426 0.05010000000000092
1003 0.002162816697247909 0.05015000000000092
1004 0.002160241360712674 0.05020000000000092
1005 0.002157654207343614 0.05025000000000093
1006 0.002155059785978772 0.05030000000000093
1007 0.002152462992125616 0.05035000000000093
1008 0.002149869369012352 0.05040000000000093
1009 0.002147284780656171 0.05045000000000093
1010 0.002144714952332465 0.05050000000000093
1011 0.002142164946915694 0.05055000000000093
1012 0.002139638641691204 0.05060000000000094
1013 0.00213713832265767 0.05065000000000094
1014 0.00213466391622039 0.05070000000000094
1015 0.002132202398294279 0.05075000000000094
1016 0.002129747359157544 0.05080000000000094
1017 0.002127297389781982 0.05085000000000094
1018 0.00212485004382139 0.05090000000000094
1019 0.002122400966763364 0.05095000000000095
1020 0.002119945100730578 0.05100000000000095
1021 0.002117477404346121 0.05105000000000095
1022 0.002114993559673357 0.05110000000000095
1023 0.002112489639541543 0.05115000000000095
1024 0.002109962744157191 0.05120000000000095
1025 0.002107410686894943 0.05125000000000095
1026 0.002104832825299556 0.05130000000000096
1027 0.002102229622638084 0.05135000000000096
1028 0.002099602882280865 0.05140000000000096
1029 0.002096956117556631 0.05145000000000096
1030 0.002094294515295647 0.05150000000000096
1031 0.002091625003009804 0.05155000000000096
1032 0.002088956606176431 0.05160000000000096
1033 0.002086299407445635 0.05165000000000097
1034 0.002083664182382547 0.05170000000000097
1035 0.002081061333178677 0.05175000000000097
1036 0.002078499622464025 0.05180000000000097
1037 0.00207598501234406 0.05185000000000097
1038 0.002073519882482138 0.05190000000000097
1039 0.002071102814025598 0.05195000000000097
1040 0.002068728983186766 0.05200000000000098
1041 0.002066391009371905 0.05205000000000098
1042 0.002064080024450501 0.05210000000000098
1043 0.00206178669948718 0.05215000000000098
1044 0.002059502078987004 0.05220000000000098
1045 0.002057218125884636 0.05225000000000098
1046 0.002054924310771456 0.05230000000000098
1047 0.002052609894660029 0.05235000000000099
1048 0.002050269587438413 0.05240000000000099
1049 0.002047902001998864 0.05245000000000099
1050 0.00204550658670895 0.05250000000000099
1051 0.00204308231241524 0.05255000000000099
1052 0.002040628536580043 0.05260000000000099
1053 0.002038144843551874 0.05265000000000099
1054 0.002035630887267187 0.052700000000001
1055 0.002033087703393646 0.052750000000001
1056 0.0020305166158735 0.052800000000001
1057 0.002027919705193612 0.052850000000001
1058 0.002025299249695823 0.052900000000001
1059 0.002022658165462908 0.052950000000001
1060 0.00201999986182368 0.053000000000001
1061 0.002017328831126761 0.05305000000000101
1062 0.002014649928576188 0.05310000000000101
1063 0.002011969301688024 0.05315000000000101
1064 0.002009293558656873 0.05320000000000101
1065 0.00200662978061504 0.05325000000000101
1066 0.002003984983424508 0.05330000000000101
1067 0.002001365453311827 0.05335000000000101
1068 0.001998776066529486 0.05340000000000102
1069 0.001996219748931489 0.05345000000000102
1070 0.001993697174676056 0.05350000000000102
1071 0.001991206760457612 0.05355000000000102
1072 0.001988744920034282 0.05360000000000102
1073 0.001986306518592564 0.05365000000000102
1074 0.00198388542065741 0.05370000000000102
1075 0.00198147505324972 0.05375000000000103
1076 0.001979065427032198 0.05380000000000103
1077 0.00197664452132329 0.05385000000000103
1078 0.0019742090683124 0.05390000000000103
1079 0.001971756853828055 0.05395000000000103
1080 0.001969285270747351 0.05400000000000103
1081 0.001966791634871996 0.05405000000000103
1082 0.001964273950042732 0.05410000000000104
1083 0.001961731286649014 0.05415000000000104
1084 0.001959163225889898 0.05420000000000104
1085 0.001956570393736428 0.05425000000000104
1086 0.001953953798191256 0.05430000000000104
1087 0.001951315587732646 0.05435000000000104
1088 0.001948658512445477 0.05440000000000104
1089 0.001945986087132475 0.05445000000000105
1090 0.001943302450377458 0.05450000000000105
1091 0.001940612735062146 0.05455000000000105
1092 0.00193792307839492 0.05460000000000105
1093 0.001935240577722796 0.05465000000000105
1094 0.001932572541617615 0.05470000000000105
1095 0.001929926415300455 0.05475000000000105
1096 0.001927309092752178 0.05480000000000106
1097 0.001924726204808202 0.05485000000000106
1098 0.001922181491919849 0.05490000000000106
1099 0.00191967639272009 0.05495000000000106
1100 0.00191720992290004 0.05500000000000106
1101 0.001914778846071112 0.05505000000000106
1102 0.001912378067778343 0.05510000000000106
1103 0.001910001158563851 0.05515000000000107
1104 0.001907640902674342 0.05520000000000107
1105 0.001905289811961225 0.05525000000000107
1106 0.001902940568983071 0.05530000000000107
1107 0.001900586375633476 0.05535000000000107
1108 0.001898221195238629 0.05540000000000107
1109 0.001895839913484959 0.05545000000000107
1110 0.001893438258498368 0.05550000000000108
1111 0.001891013332125501 0.05555000000000108
1112 0.001888563205077415 0.05560000000000108
1113 0.001886086898089479 0.05565000000000108
1114 0.001883584712617823 0.05570000000000108
1115 0.001881057703575692 0.05575000000000108
1116 0.001878507743775169 0.05580000000000108
1117 0.00187593724402206 0.05585000000000109
1118 0.001873349041167482 0.05590000000000109
1119 0.001870746275081302 0.05595000000000109
1120 0.001868132253973725 0.05600000000000109
1121 0.001865510194975211 0.05605000000000109
1122 0.001862883245365839 0.05610000000000109
1123 0.001860254289476602 0.05615000000000109
1124 0.00185762587993733 0.0562000000000011
1125 0.00185500016849765 0.0562500000000011
1126 0.001852378989099011 0.0563000000000011
1127 0.001849763776940056 0.0563500000000011
1128 0.001847155506122987 0.0564000000000011
1129 0.001844554837379249 0.0564500000000011
1130 0.001841962228474959 0.0565000000000011
1131 0.001839377656317171 0.05655000000000111
1132 0.001836800980496792 0.05660000000000111
1133 0.00183423174892273 0.05665000000000111
1134 0.001831669379164781 0.05670000000000111
1135 0.001829113155708752 0.05675000000000111
1136 0.001826562266049033 0.05680000000000111
1137 0.001824015792468095 0.05685000000000111
1138 0.001821472886095532 0.05690000000000112
1139 0.001818932570844785 0.05695000000000112
1140 0.001816393844191902 0.05700000000000112
1141 0.001813855737525342 0.05705000000000112
1142 0.001811317387491927 0.05710000000000112
1143 0.001808778027820208 0.05715000000000112
1144 0.001806236874734758 0.05720000000000112
1145 0.001803693325846239 0.05725000000000113
1146 0.00180114687242519 0.05730000000000113
1147 0.00179859708593934 0.05735000000000113
1148 0.001796043650222797 0.05740000000000113
1149 0.001793486175409376 0.05745000000000113
1150 0.001790924717022164 0.05750000000000113
1151 0.001788359214457367 0.05755000000000113
1152 0.001785789652640663 0.05760000000000114
1153 0.001783216091870694 0.05765000000000114
1154 0.001780638604477251 0.05770000000000114
1155 0.001778057185118359 0.05775000000000114
1156 0.001775472253491932 0.05780000000000114
1157 0.0017728837410776 0.05785000000000114
1158 0.001770291913363525 0.05790000000000114
1159 0.001767696988743043 0.05795000000000115
1160 0.001765099166423506 0.05800000000000115
1161 0.001762498639829932 0.05805000000000115
1162 0.001759895603051692 0.05810000000000115
1163 0.001757290252282466 0.05815000000000115
1164 0.001754682791887018 0.05820000000000115
1165 0.001752073436252782 0.05825000000000116
1166 0.001749462415495744 0.05830000000000116
1167 0.001746849979988207 0.05835000000000116
1168 0.001744236405027698 0.05840000000000116
1169 0.00174162199371357 0.05845000000000116
1170 0.001739007080443849 0.05850000000000116
1171 0.001736392032061353 0.05855000000000116
1172 0.001733777250843909 0.05860000000000117
1173 0.001731163172737772 0.05865000000000117
1174 0.001728550264982323 0.05870000000000117
1175 0.001725939025480807 0.05875000000000117
1176 0.001723329976478754 0.05880000000000117
1177 0.001720723658766139 0.05885000000000117
1178 0.00171812062553426 0.05890000000000117
1179 0.001715521438420325 0.05895000000000118
1180 0.001712926661271462 0.05900000000000118
1181 0.001710336850539792 0.05905000000000118
1182 0.001707752548609964 0.05910000000000118
1183 0.001705174281629718 0.05915000000000118
1184 0.001702602553240381 0.05920000000000118
1185 0.001700037840953842 0.05925000000000118
1186 0.001697480591345128 0.05930000000000119
1187 0.00169493120972971 0.05935000000000119
1188 0.001692390066242111 0.05940000000000119
1189 0.001689857478657906 0.05945000000000119
1190 0.001687333730386033 0.05950000000000119
1191 0.001684819059408477 0.05955000000000119
1192 0.001682313673340976 0.05960000000000119
1193 0.001679817735885401 0.0596500000000012
1194 0.001677331370329927 0.0597000000000012
1195 0.001674854656410716 0.0597500000000012
1196 0.001672387627765656 0.0598000000000012
1197 0.001669930265235881 0.0598500000000012
1198 0.001667482500078406 0.0599000000000012
1199 0.001665044213553584 0.0599500000000012
1200 0.001662615237916952 0.06000000000000121
1201 0.001660195362461818 0.06005000000000121
1202 0.001657784340267109 0.06010000000000121
1203 0.001655381892773123 0.06015000000000121
1204 0.001652987715574772 0.06020000000000121
1205 0.001650601489387939 0.06025000000000121
1206 0.001648222896375354 0.06030000000000121
1207 0.001645851626779267 0.06035000000000122
1208 0.00164348738644882 0.06040000000000122
1209 0.001641129902303618 0.06045000000000122
1210 0.001638778920646683 0.06050000000000122
1211 0.00163643420313455 0.06055000000000122
1212 0.001634095672242775 0.06060000000000122
1213 0.00163176299611313 0.06065000000000122
1214 0.001629435930731558 0.06070000000000123
1215 0.001627114269096437 0.06075000000000123
1216 0.001624797816803345 0.06080000000000123
1217 0.001622486468349452 0.06085000000000123
1218 0.001620179985944015 0.06090000000000123
1219 0.001617878168816002 0.06095000000000123
1220 0.001615580800175408 0.06100000000000123
1221 0.001613287687094522 0.06105000000000124
1222 0.001610998575627816 0.06110000000000124
1223 0.001608713209987416 0.06115000000000124
1224 0.001606431362725803 0.06120000000000124
1225 0.001604152786476154 0.06125000000000124
1226 0.001601877205105601 0.06130000000000124
1227 0.001599604343742534 0.06135000000000124
1228 0.001597334064004402 0.06140000000000125
1229 0.001595066068073946 0.06145000000000125
1230 0.00159280013760071 0.06150000000000125
1231 0.00159053591199727 0.06155000000000125
1232 0.001588272922718291 0.06160000000000125
1233 0.001586010902140569 0.06165000000000125
1234 0.001583749484087814 0.06170000000000125
1235 0.001581488292462182 0.06175000000000126
1236 0.001579227061314956 0.06180000000000126
1237 0.001576965128709033 0.06185000000000126
1238 0.001574702268673945 0.06190000000000126
1239 0.001572437806130576 0.06195000000000126
1240 0.001570171371746681 0.06200000000000126
1241 0.001567902528718352 0.06205000000000126
1242 0.001565630964566088 0.06210000000000127
1243 0.001563356111424177 0.06215000000000127
1244 0.00156107732640328 0.06220000000000127
1245 0.001558794232869613 0.06225000000000127
1246 0.001556506364099806 0.06230000000000127
1247 0.001554213267385166 0.06235000000000127
1248 0.001551914636358031 0.06240000000000127
1249 0.001549609791579366 0.06245000000000128
1250 0.001547298559650716 0.06250000000000128
1251 0.001544980408755386 0.06255000000000127
1252 0.001542655033201852 0.06260000000000127
1253 0.001540322239648695 0.06265000000000126
1254 0.001537981937056799 0.06270000000000125
1255 0.001535633866278747 0.06275000000000125
1256 0.001533278064072929 0.06280000000000124
1257 0.001530914416026545 0.06285000000000124
1258 0.001528542998491336 0.06290000000000123
1259 0.001526163819605536 0.06295000000000123
1260 0.001523777183278235 0.06300000000000122
1261 0.001521383417831158 0.06305000000000122
1262 0.001518982912737719 0.06310000000000121
1263 0.001516576120013892 0.06315000000000121
1264 0.001514163557785867 0.0632000000000012
1265 0.001511745799295202 0.06325000000000119
1266 0.00150932346476643 0.06330000000000119
1267 0.001506897224774124 0.06335000000000118
1268 0.001504467789108167 0.06340000000000118
1269 0.001502035898714563 0.06345000000000117
1270 0.001499602311228231 0.06350000000000117
1271 0.00149716779155496 0.06355000000000116
1272 0.001494733100669701 0.06360000000000116
1273 0.001492298985994671 0.06365000000000115
1274 0.001489866179055671 0.06370000000000114
1275 0.00148743538928767 0.06375000000000114
1276 0.001485007297692599 0.06380000000000113
1277 0.001482582554311202 0.06385000000000113
1278 0.001480161773161169 0.06390000000000112
1279 0.001477745528208281 0.06395000000000112
1280 0.00147533434883963 0.06400000000000111
1281 0.00147292872450481 0.06405000000000111
1282 0.001470529102768866 0.0641000000000011
1283 0.001468135886033156 0.0641500000000011
1284 0.001465749437776097 0.06420000000000109
1285 0.00146337008317818 0.06425000000000108
1286 0.00146099811543795 0.06430000000000108
1287 0.001458633793797363 0.06435000000000107
1288 0.001456277347472177 0.06440000000000107
1289 0.001453928972803145 0.06445000000000106
1290 0.001451588834346396 0.06450000000000106
1291 0.001449257066595406 0.06455000000000105
1292 0.001446933775557878 0.06460000000000105
1293 0.001444619051692092 0.06465000000000104
1294 0.001442312980041591 0.06470000000000103
1295 0.00144001563387127 0.06475000000000103
1296 0.001437727073636922 0.06480000000000102
1297 0.001435447348468772 0.06485000000000102
1298 0.001433176497519787 0.06490000000000101
1299 0.001430914548787916 0.06495000000000101
1300 0.001428661515182922 0.065000000000001
1301 0.001426417398481744 0.065050000000001
1302 0.00142418218212641 0.06510000000000099
1303 0.001421955842154593 0.06515000000000098
1304 0.001419738360240064 0.06520000000000098
1305 0.001417529735832824 0.06525000000000097
1306 0.001415329983811214 0.06530000000000097
1307 0.001413139118950923 0.06535000000000096
1308 0.001410957149601109 0.06540000000000096
1309 0.001408784084213991 0.06545000000000095
1310 0.001406619927590084 0.06550000000000095
1311 0.001404464673790753 0.06555000000000094
1312 0.001402318308040502 0.06560000000000094
1313 0.001400180828619244 0.06565000000000093
1314 0.001398052240927178 0.06570000000000092
1315 0.001395932564028819 0.06575000000000092
1316 0.001393821823850059 0.06580000000000091
1317 0.001391720036040111 0.06585000000000091
1318 0.00138962721065437 0.0659000000000009
1319 0.00138754334825315 0.0659500000000009
1320 0.001385468446732359 0.06600000000000089
1321 0.001383402498547187 0.06605000000000089
1322 0.001381345501855214 0.06610000000000088
1323 0.001379297457883634 0.06615000000000087
1324 0.001377258372481505 0.06620000000000087
1325 0.001375228271328289 0.06625000000000086
1326 0.001373207188818353 0.06630000000000086
1327 0.001371195167330138 0.06635000000000085
1328 0.001369192245269807 0.06640000000000085
1329 0.001367198447630946 0.06645000000000084
1330 0.00136521379716219 0.06650000000000084
1331 0.001363238314304568 0.06655000000000083
1332 0.001361272015774063 0.06660000000000083
1333 0.001359314914184337 0.06665000000000082
1334 0.001357367017614248 0.06670000000000081
1335 0.001355428323589621 0.06675000000000081
1336 0.001353498825233376 0.0668000000000008
1337 0.001351578494143574 0.0668500000000008
1338 0.001349667297974534 0.06690000000000079
1339 0.001347765204468627 0.06695000000000079
1340 0.001345872181217843 0.06700000000000078
1341 0.001343988201786087 0.06705000000000078
1342 0.001342113230473842 0.06710000000000077
1343 0.001340247236036502 0.06715000000000076
1344 0.001338390171844287 0.06720000000000076
1345 0.001336541989893558 0.06725000000000075
1346 0.001334702641438749 0.06730000000000075
1347 0.001332872065347525 0.06735000000000074
1348 0.001331050196170851 0.06740000000000074
1349 0.001329236970903869 0.06745000000000073
1350 0.001327432327849555 0.06750000000000073
1351 0.001325636214278938 0.06755000000000072
1352 0.001323848577348476 0.06760000000000072
1353 0.001322069360512226 0.06765000000000071
1354 0.001320298513081954 0.0677000000000007
1355 0.001318535983131965 0.0677500000000007
1356 0.001316781711575742 0.06780000000000069
1357 0.001315035641765832 0.06785000000000069
1358 0.001313297717398944 0.06790000000000068
1359 0.001311567875894802 0.06795000000000068
1360 0.001309846054964842 0.06800000000000067
1361 0.001308132196044594 0.06805000000000067
1362 0.001306426233513736 0.06810000000000066
1363 0.001304728091281203 0.06815000000000065
1364 0.001303037701024379 0.06820000000000065
1365 0.001301354984282838 0.06825000000000064
1366 0.001299679858158298 0.06830000000000064
1367 0.001298012245117702 0.06835000000000063
1368 0.001296352077529717 0.06840000000000063
1369 0.001294699290725294 0.06845000000000062
1370 0.001293053812594349 0.06850000000000062
1371 0.001291415572069753 0.06855000000000061
1372 0.001289784489787018 0.0686000000000006
1373 0.001288160477801061 0.0686500000000006
1374 0.001286543439834281 0.06870000000000059
1375 0.001284933283402023 0.06875000000000059
1376 0.001283329906989709 0.06880000000000058
1377 0.00128173320386422 0.06885000000000058
1378 0.001280143067256479 0.06890000000000057
1379 0.001278559401037182 0.06895000000000057
1380 0.001276982109836535 0.06900000000000056
1381 0.001275411104672386 0.06905000000000056
1382 0.00127384629855571 0.06910000000000055
1383 0.001272287603992341 0.06915000000000054
1384 0.001270734940049796 0.06920000000000054
1385 0.00126918823097184 0.06925000000000053
1386 0.00126764740633906 0.06930000000000053
1387 0.001266112394922427 0.06935000000000052
1388 0.001264583124328035 0.06940000000000052
1389 0.001263059528362375 0.06945000000000051
1390 0.001261541540967598 0.06950000000000051
1391 0.00126002910135554 0.0695500000000005
1392 0.001258522146510688 0.06960000000000049
1393 0.001257020622160053 0.06965000000000049
1394 0.001255524469898053 0.06970000000000048
1395 0.001254033634770663 0.06975000000000048
1396 0.00125254806665301 0.06980000000000047
1397 0.001251067711262786 0.06985000000000047
1398 0.001249592525514668 0.06990000000000046
1399 0.001248122459402292 0.06995000000000046
1400 0.001246657467394521 0.07000000000000045
1401 0.001245197504490682 0.07005000000000045
1402 0.001243742530054605 0.07010000000000044
1403 0.001242292503612352 0.07015000000000043
1404 0.001240847387896217 0.07020000000000043
1405 0.001239407143786383 0.07025000000000042
1406 0.001237971736441303 0.07030000000000042
1407 0.001236541138990402 0.07035000000000041
1408 0.001235115333480914 0.07040000000000041
1409 0.001233694301588456 0.0704500000000004
1410 0.001232278028118515 0.0705000000000004
1411 0.001230866493825232 0.07055000000000039
1412 0.001229459676109838 0.07060000000000038
1413 0.00122805755008248 0.07065000000000038
1414 0.001226660091408298 0.07070000000000037
1415 0.001225267265516691 0.07075000000000037
1416 0.001223879036122638 0.07080000000000036
1417 0.001222495364025509 0.07085000000000036
1418 0.001221116213019739 0.07090000000000035
1419 0.001219741548993537 0.07095000000000035
1420 0.001218371336702285 0.07100000000000034
1421 0.001217005546819268 0.07105000000000034
1422 0.001215644154470356 0.07110000000000033
1423 0.001214287131573349 0.07115000000000032
1424 0.001212934452308723 0.07120000000000032
1425 0.001211586087963888 0.07125000000000031
1426 0.001210242007548952 0.07130000000000031
1427 0.001208902177062369 0.0713500000000003
1428 0.001207566555487096 0.0714000000000003
1429 0.001206235103037439 0.07145000000000029
1430 0.001204907780286831 0.07150000000000029
1431 0.001203584544101876 0.07155000000000028
1432 0.001202265354915976 0.07160000000000027
1433 0.001200950175296417 0.07165000000000027
1434 0.001199638967829641 0.07170000000000026
1435 0.001198331698494624 0.07175000000000026
1436 0.00119702833520518 0.07180000000000025
1437 0.001195728848779888 0.07185000000000025
1438 0.001194433214784452 0.07190000000000024
1439 0.001193141414237887 0.07195000000000024
1440 0.001191853437164788 0.07200000000000023
1441 0.001190569277176594 0.07205000000000022
1442 0.001189288935928554 0.07210000000000022
1443 0.001188012415928271 0.07215000000000021
1444 0.001186739716071782 0.07220000000000021
1445 0.00118547083582488 0.0722500000000002
1446 0.001184205771923928 0.0723000000000002
1447 0.001182944530655597 0.07235000000000019
1448 0.001181687116589315 0.07240000000000019
1449 0.001180433534873008 0.07245000000000018
1450 0.001179183803530687 0.07250000000000018
1451 0.001177937938665895 0.07255000000000017
1452 0.001176695973311125 0.07260000000000016
1453 0.001175457937740084 0.07265000000000016
1454 0.001174223859284613 0.07270000000000015
1455 0.001172993765899375 0.07275000000000015
1456 0.001171767683098959 0.07280000000000014
1457 0.001170545633445177 0.07285000000000014
1458 0.001169327634150387 0.07290000000000013
1459 0.001168113700294498 0.07295000000000013
1460 0.001166903841483 0.07300000000000012
1461 0.001165698067198798 0.07305000000000011
1462 0.001164496389185856 0.07310000000000011
1463 0.001163298816994608 0.0731500000000001
1464 0.001162105358238084 0.0732000000000001
1465 0.001160916022142564 0.07325000000000009
1466 0.001159730812424677 0.07330000000000009
1467 0.001158549729575949 0.07335000000000008
1468 0.001157372767758015 0.07340000000000008
1469 0.001156199926051951 0.07345000000000007
1470 0.001155031192703738 0.07350000000000007
1471 0.001153866567837492 0.07355000000000006
1472 0.00115270604560599 0.07360000000000005
1473 0.001151549620019462 0.07365000000000005
1474 0.001150397288660897 0.07370000000000004
1475 0.001149249046126616 0.07375000000000004
1476 0.001148104885604588 0.07380000000000003
1477 0.001146964791883277 0.07385000000000003
1478 0.001145828748318919 0.07390000000000002
1479 0.001144696732941712 0.07395000000000002
1480 0.001143568716251698 0.07400000000000001
1481 0.001142444669743134 0.07405
1482 0.001141324566511272 0.0741
1483 0.001140208383466206 0.07414999999999999
1484 0.001139096100958672 0.07419999999999999
1485 0.001137987698400286 0.07424999999999998
1486 0.001136883159932546 0.07429999999999998
1487 0.001135782472321008 0.07434999999999997
1488 0.001134685624200488 0.07439999999999997
1489 0.001133592602788889 0.07444999999999996
1490 0.001132503392853258 0.07449999999999996
1491 0.001131417980346062 0.07454999999999995
1492 0.0011303363538368 0.07459999999999994
1493 0.00112925849090803 0.07464999999999994
1494 0.001128184363319133 0.07469999999999993
1495 0.001127113935582284 0.07474999999999993
1496 0.001126047170380231 0.07479999999999992
1497 0.001124984029103203 0.07484999999999992
1498 0.001123924463089229 0.07489999999999991
1499 0.00112286843691956 0.07494999999999991
1500 0.001121815904647565 0.0749999999999999
1501 0.001120766829582908 0.07504999999999989
1502 0.001119721167783405 0.07509999999999989
1503 0.001118678879026993 0.07514999999999988
1504 0.001117639920106331 0.07519999999999988
1505 0.001116604239139929 0.07524999999999987
1506 0.001115571792178104 0.07529999999999987
1507 0.001114542540347212 0.07534999999999986
1508 0.001113516429080204 0.07539999999999986
1509 0.001112493387522459 0.07544999999999985
1510 0.001111473360890076 0.07549999999999985
1511 0.001110456297706367 0.07554999999999984
1512 0.001109442132003083 0.07559999999999983
1513 0.001108430800005823 0.07564999999999983
1514 0.001107422241801474 0.07569999999999982
1515 0.001106416390937099 0.07574999999999982
1516 0.001105413181435179 0.07579999999999981
1517 0.001104412550548249 0.07584999999999981
1518 0.001103414420187946 0.0758999999999998
1519 0.001102418714939653 0.0759499999999998
1520 0.001101425363441014 0.07599999999999979
1521 0.001100434281861788 0.07604999999999978
1522 0.001099445397678881 0.07609999999999978
1523 0.001098458618148927 0.07614999999999977
1524 0.001097473860591956 0.07619999999999977
1525 0.00109649103024915 0.07624999999999976
1526 0.001095510042060908 0.07629999999999976
1527 0.001094530805093928 0.07634999999999975
1528 0.001093553214302882 0.07639999999999975
1529 0.001092577166021462 0.07644999999999974
1530 0.001091602562592246 0.07649999999999973
1531 0.001090629201612698 0.07654999999999973
1532 0.001089657065336973 0.07659999999999972
1533 0.001088685994530785 0.07664999999999972
1534 0.001087715809642324 0.07669999999999971
1535 0.001086746360300897 0.07674999999999971
1536 0.001085777447821542 0.0767999999999997
1537 0.001084808857213312 0.0768499999999997
1538 0.001083840370297467 0.07689999999999969
1539 0.001082871708261948 0.07694999999999969
1540 0.001081902554158973 0.07699999999999968
1541 0.001080932567962995 0.07704999999999967
1542 0.00107996130002606 0.07709999999999967
1543 0.001078988255384407 0.07714999999999966
1544 0.001078012810279299 0.07719999999999966
1545 0.001077034218783056 0.07724999999999965
1546 0.001076051529653112 0.07729999999999965
1547 0.00107506357479735 0.07734999999999964
1548 0.001074068930108205 0.07739999999999964
1549 0.001073065841326325 0.07744999999999963
1550 0.001072052114185088 0.07749999999999962
1551 0.001071025011034944 0.07754999999999962
1552 0.001069981142621807 0.07759999999999961
1553 0.001068916293689196 0.07764999999999961
1554 0.001067825265616925 0.0776999999999996
1555 0.001066701744632173 0.0777499999999996
1556 0.001065538248791629 0.07779999999999959
1557 0.001064326102418444 0.07784999999999959
1558 0.00106305566578492 0.07789999999999958
1559 0.001061716695764398 0.07794999999999958
1560 0.001060297554050514 0.07799999999999957
1561 0.001058790240116347 0.07804999999999956
1562 0.001057187439431358 0.07809999999999956
1563 0.001055484159462729 0.07814999999999955
1564 0.001053677889585076 0.07819999999999955
1565 0.001051768703297069 0.07824999999999954
1566 0.00104975916692985 0.07829999999999954
1567 0.001047654031155731 0.07834999999999953
1568 0.001045459536140983 0.07839999999999953
1569 0.001043184866761575 0.07844999999999952
1570 0.001040836994964988 0.07849999999999951
1571 0.0009804727630956399 0.07854999999999951
1572 0.0004114819140533927 0.0785999999999995
1573 0 0.0786499999999995
