"report-def-0-rfile"
"Time Step" "report-def-0 etc.."
("Time Step" "report-def-0" "flow-time")
0 0.004419164963940584 0
1 0.004419164963940615 0.0001
2 0.004419164963940568 0.0002
3 0.004419164962504718 0.0003
4 0.004419163376541638 0.0004
5 0.004419096265398982 0.0005
6 0.004418907515487726 0.0006000000000000001
7 0.004418617839151315 0.0007000000000000001
8 0.004418236819120722 0.0008000000000000001
9 0.004417800218723048 0.0009000000000000002
10 0.004417341734532506 0.001
11 0.004416880910020014 0.0011
12 0.004416418969205907 0.0012
13 0.004415957849815595 0.0013
14 0.004415490924623885 0.0014
15 0.004415088720008562 0.0015
16 0.004414719587078203 0.001600000000000001
17 0.004414329395163665 0.001700000000000001
18 0.004414004178752022 0.001800000000000001
19 0.0044136485077846 0.001900000000000001
20 0.004413310469890457 0.002
21 0.004412978938047703 0.0021
22 0.004412575087772421 0.0022
23 0.004412240230090761 0.0023
24 0.004411944985721425 0.0024
25 0.004411653749216348 0.0025
26 0.004411326113894632 0.002599999999999999
27 0.004410995050445498 0.002699999999999999
28 0.004410737568447414 0.002799999999999999
29 0.004410534057343559 0.002899999999999999
30 0.004410366909172851 0.002999999999999999
31 0.004410237019628083 0.003099999999999999
32 0.004410108085887217 0.003199999999999998
33 0.004409958949690291 0.003299999999999998
34 0.004409781781182192 0.003399999999999998
35 0.00440956733717003 0.003499999999999998
36 0.004409322315490841 0.003599999999999998
37 0.0044090399426348 0.003699999999999998
38 0.004408781754498428 0.003799999999999997
39 0.004408449771668741 0.003899999999999997
40 0.004408004807210779 0.003999999999999997
41 0.004407679022432617 0.004099999999999998
42 0.004407318675232001 0.004199999999999998
43 0.004406968547840596 0.004299999999999998
44 0.004406628722382743 0.004399999999999999
45 0.004406315879217459 0.004499999999999999
46 0.004406007521490792 0.004599999999999999
47 0.004405695445064295 0.004699999999999999
48 0.004405112187329934 0.0048
49 0.004404834497732744 0.0049
50 0.004404624640485667 0.005
51 0.00440451041896133 0.0051
52 0.004404432777291982 0.005200000000000001
53 0.004404305592688588 0.005300000000000001
54 0.004404128282136541 0.005400000000000001
55 0.004403954102825826 0.005500000000000001
56 0.004403764208742951 0.005600000000000002
57 0.004403552707830998 0.005700000000000002
58 0.004403293505127505 0.005800000000000002
59 0.004403009410873627 0.005900000000000002
60 0.004402711813745735 0.006000000000000003
61 0.00440238450699253 0.006100000000000003
62 0.004402013245348272 0.006200000000000003
63 0.004401653584704643 0.006300000000000004
64 0.004401254833684395 0.006400000000000004
65 0.004400879092595369 0.006500000000000004
66 0.004400513279435516 0.006600000000000004
67 0.004400169699527143 0.006700000000000005
68 0.004399816062558359 0.006800000000000005
69 0.004399457005387726 0.006900000000000005
70 0.004399169145018552 0.007000000000000005
71 0.004398950897553733 0.007100000000000006
72 0.004398468026568856 0.007200000000000006
73 0.004398246886890112 0.007300000000000006
74 0.004398079940050027 0.007400000000000006
75 0.004397912904041699 0.007500000000000007
76 0.004397738083971847 0.007600000000000007
77 0.004397528636178775 0.007700000000000007
78 0.004397301198356641 0.007800000000000007
79 0.004397032078840047 0.007900000000000008
80 0.004396734848330238 0.008000000000000007
81 0.004396418401311592 0.008100000000000007
82 0.004396058710032302 0.008200000000000006
83 0.004395722163760417 0.008300000000000005
84 0.004395363154537608 0.008400000000000005
85 0.004395018703193209 0.008500000000000004
86 0.004394664567146997 0.008600000000000003
87 0.004394271137610609 0.008700000000000003
88 0.004393883713944863 0.008800000000000002
89 0.004393515910408051 0.008900000000000002
90 0.004393177896170042 0.009000000000000001
91 0.004392860041798729 0.0091
92 0.004392616604548187 0.0092
93 0.004392448808829407 0.009299999999999999
94 0.004392318058989302 0.009399999999999999
95 0.004392198824779093 0.009499999999999998
96 0.004392066156818532 0.009599999999999997
97 0.004391874723999709 0.009699999999999997
98 0.004391678036449268 0.009799999999999996
99 0.004391433159283372 0.009899999999999996
100 0.00439109877640543 0.009999999999999995
101 0.004390764244995869 0.01009999999999999
102 0.004390423827744522 0.01019999999999999
103 0.004390047898373135 0.01029999999999999
104 0.004389392221067218 0.01039999999999999
105 0.004388908579617684 0.01049999999999999
106 0.004388548440699383 0.01059999999999999
107 0.004388186908507501 0.01069999999999999
108 0.004385768546538533 0.01079999999999999
109 0.004385384052147744 0.01089999999999999
110 0.00438504575596395 0.01099999999999999
111 0.00438464369923494 0.01109999999999999
112 0.004384291388269388 0.01119999999999999
113 0.004384049747514808 0.01129999999999999
114 0.00438388636188706 0.01139999999999999
115 0.004383756678068865 0.01149999999999999
116 0.004383617513988664 0.01159999999999999
117 0.004383448954487223 0.01169999999999998
118 0.004383241785832204 0.01179999999999998
119 0.004382996100405452 0.01189999999999998
120 0.004382730221449833 0.01199999999999998
121 0.004382457790876301 0.01209999999999998
122 0.004382121469177734 0.01219999999999998
123 0.004381781835258176 0.01229999999999998
124 0.004381420166611953 0.01239999999999998
125 0.004381059426645008 0.01249999999999998
126 0.004380747774378147 0.01259999999999998
127 0.004380423223663691 0.01269999999999998
128 0.004380107007903014 0.01279999999999998
129 0.004379848682721263 0.01289999999999998
130 0.004379660115197472 0.01299999999999998
131 0.004379526902534368 0.01309999999999998
132 0.004379392664266615 0.01319999999999998
133 0.004379218396748168 0.01329999999999998
134 0.00437896886709525 0.01339999999999997
135 0.004378689981693111 0.01349999999999997
136 0.004378384640915605 0.01359999999999997
137 0.004378064558926879 0.01369999999999997
138 0.004377731048158424 0.01379999999999997
139 0.004377358257392721 0.01389999999999997
140 0.00437668590261556 0.01399999999999997
141 0.004376295326023048 0.01409999999999997
142 0.004375978242474416 0.01419999999999997
143 0.004375655513469115 0.01429999999999997
144 0.004375374175316647 0.01439999999999997
145 0.004375165789189081 0.01449999999999997
146 0.0043749441347122 0.01459999999999997
147 0.004374714943870366 0.01469999999999997
148 0.004374496816086225 0.01479999999999997
149 0.00437427986597256 0.01489999999999997
150 0.004374056559049614 0.01499999999999996
151 0.004373794704817928 0.01509999999999996
152 0.004373498336496662 0.01519999999999996
153 0.00437318511731578 0.01529999999999996
154 0.004372848102361809 0.01539999999999996
155 0.004372479581804718 0.01549999999999996
156 0.004372121233955111 0.01559999999999996
157 0.004371592609516094 0.01569999999999996
158 0.004371207141797095 0.01579999999999996
159 0.004370844239274777 0.01589999999999996
160 0.004370537750155107 0.01599999999999996
161 0.004370297810971102 0.01609999999999996
162 0.004369942040186384 0.01619999999999996
163 0.004369746628802692 0.01629999999999996
164 0.004369602307012942 0.01639999999999996
165 0.004369456647326186 0.01649999999999996
166 0.004369279022855393 0.01659999999999996
167 0.004369061877944856 0.01669999999999995
168 0.004368799696775368 0.01679999999999995
169 0.004368486577211765 0.01689999999999995
170 0.004368167432049579 0.01699999999999995
171 0.004367807133278962 0.01709999999999995
172 0.004367442926339939 0.01719999999999995
173 0.004366794233361043 0.01729999999999995
174 0.004366445333831675 0.01739999999999995
175 0.004366065160983233 0.01749999999999995
176 0.004365728973301113 0.01759999999999995
177 0.004364970932481629 0.01769999999999995
178 0.004364604767869698 0.01779999999999995
179 0.004364313656823346 0.01789999999999995
180 0.004364131318133378 0.01799999999999995
181 0.004363914894341021 0.01809999999999995
182 0.004363694762893536 0.01819999999999995
183 0.004363471551765474 0.01829999999999994
184 0.004363228655771109 0.01839999999999994
185 0.004362981506451896 0.01849999999999994
186 0.004362700898538629 0.01859999999999994
187 0.004362382049525039 0.01869999999999994
188 0.00436207302780904 0.01879999999999994
189 0.004361714697747134 0.01889999999999994
190 0.004361386691557796 0.01899999999999994
191 0.004361045798976476 0.01909999999999994
192 0.004360654640274497 0.01919999999999994
193 0.004360285717760828 0.01929999999999994
194 0.004359931750607959 0.01939999999999994
195 0.00435960334574572 0.01949999999999994
196 0.004359323236315601 0.01959999999999994
197 0.004359105536143302 0.01969999999999994
198 0.004358963910960629 0.01979999999999994
199 0.004358846301005276 0.01989999999999994
200 0.004358713591481777 0.01999999999999993
201 0.004358537719194021 0.02009999999999993
202 0.004358318918498381 0.02019999999999993
203 0.004358064898341995 0.02029999999999993
204 0.004357787709605528 0.02039999999999993
205 0.004357480422515441 0.02049999999999993
206 0.004357145409048492 0.02059999999999993
207 0.004356762764771254 0.02069999999999993
208 0.004356399770350705 0.02079999999999993
209 0.004356052710015044 0.02089999999999993
210 0.004355699734279196 0.02099999999999993
211 0.004355390104955338 0.02109999999999993
212 0.004355049828285062 0.02119999999999993
213 0.004354727773362412 0.02129999999999993
214 0.004354314470510023 0.02139999999999993
215 0.004354061174434387 0.02149999999999993
216 0.004353830839824193 0.02159999999999992
217 0.00435366121335155 0.02169999999999992
218 0.00435349077430917 0.02179999999999992
219 0.004353312656137531 0.02189999999999992
220 0.004353102845373459 0.02199999999999992
221 0.004352817467465186 0.02209999999999992
222 0.004352512755243603 0.02219999999999992
223 0.004352188070782132 0.02229999999999992
224 0.0043518325507994 0.02239999999999992
225 0.00435149260414751 0.02249999999999992
226 0.004351143919877717 0.02259999999999992
227 0.004350791020931537 0.02269999999999992
228 0.00435043589782289 0.02279999999999992
229 0.004350063008526688 0.02289999999999992
230 0.004349889680914891 0.02299999999999992
231 0.004349699535321442 0.02309999999999992
232 0.00434953733994721 0.02319999999999992
233 0.004349384690027205 0.02329999999999991
234 0.004349224200107066 0.02339999999999991
235 0.004349028360871869 0.02349999999999991
236 0.004348789983835273 0.02359999999999991
237 0.00434850063618041 0.02369999999999991
238 0.004348165796535118 0.02379999999999991
239 0.004347867248517986 0.02389999999999991
240 0.004347258513236823 0.02399999999999991
241 0.004346886304145373 0.02409999999999991
242 0.00434654476790788 0.02419999999999991
243 0.004346171776427598 0.02429999999999991
244 0.004345795881664167 0.02439999999999991
245 0.004345463978192384 0.02449999999999991
246 0.00434515148673535 0.02459999999999991
247 0.004344910674525189 0.02469999999999991
248 0.004344678336800487 0.02479999999999991
249 0.004344410161299078 0.0248999999999999
250 0.004344203260474601 0.0249999999999999
251 0.004344074756806115 0.0250999999999999
252 0.004343927631170852 0.0251999999999999
253 0.004343729181363538 0.0252999999999999
254 0.004343493224164966 0.0253999999999999
255 0.00434325512240333 0.0254999999999999
256 0.004342998717799234 0.0255999999999999
257 0.004342719889696964 0.0256999999999999
258 0.004342390527995761 0.0257999999999999
259 0.004342035912245921 0.0258999999999999
260 0.004341677123782779 0.0259999999999999
261 0.004341347958480747 0.0260999999999999
262 0.004341021726524982 0.0261999999999999
263 0.004340709394457943 0.0262999999999999
264 0.004340376065036089 0.0263999999999999
265 0.004339907300333524 0.0264999999999999
266 0.004339655061459719 0.02659999999999989
267 0.004339522662660147 0.02669999999999989
268 0.004339373216751269 0.02679999999999989
269 0.004339212933113451 0.02689999999999989
270 0.004339057203260485 0.02699999999999989
271 0.004338874357043877 0.02709999999999989
272 0.004338392690085478 0.02719999999999989
273 0.004338126063806146 0.02729999999999989
274 0.004337819872031126 0.02739999999999989
275 0.00433749180526446 0.02749999999999989
276 0.004337138095354809 0.02759999999999989
277 0.004336818264164316 0.02769999999999989
278 0.004336482472286738 0.02779999999999989
279 0.004336080928080627 0.02789999999999989
280 0.00433571424253371 0.02799999999999989
281 0.004335355447489845 0.02809999999999989
282 0.004335016616677411 0.02819999999999988
283 0.004334742062558803 0.02829999999999988
284 0.004334578737194155 0.02839999999999988
285 0.004334461124396978 0.02849999999999988
286 0.004334335378872845 0.02859999999999988
287 0.004334175002038047 0.02869999999999988
288 0.004333972475950243 0.02879999999999988
289 0.004333731126111649 0.02889999999999988
290 0.004333468607569164 0.02899999999999988
291 0.004333144962515853 0.02909999999999988
292 0.004332791931528632 0.02919999999999988
293 0.004332456360601614 0.02929999999999988
294 0.004332143833272894 0.02939999999999988
295 0.004331783479914616 0.02949999999999988
296 0.004331479017304866 0.02959999999999988
297 0.004331130221418018 0.02969999999999988
298 0.004330835248111298 0.02979999999999988
299 0.004330500317946126 0.02989999999999987
300 0.004330143542270182 0.02999999999999987
301 0.004329997051228893 0.03009999999999987
302 0.004329832426255043 0.03019999999999987
303 0.004329701813767594 0.03029999999999987
304 0.004329550463953381 0.03039999999999987
305 0.004329373121501008 0.03049999999999987
306 0.004329151172423524 0.03059999999999987
307 0.004328890614410217 0.03069999999999987
308 0.004328591700700065 0.03079999999999987
309 0.004328295828062967 0.03089999999999987
310 0.00432798241212824 0.03099999999999987
311 0.004327624990800845 0.03109999999999987
312 0.004327259856032502 0.03119999999999987
313 0.004326878054097824 0.03129999999999987
314 0.004326477780349331 0.03139999999999987
315 0.004326126864727611 0.03149999999999988
316 0.004325811991828306 0.03159999999999988
317 0.004325543217890891 0.03169999999999988
318 0.004325293191043806 0.03179999999999988
319 0.004325090603077125 0.03189999999999989
320 0.004324934277193038 0.03199999999999989
321 0.004324790443091584 0.03209999999999989
322 0.004324626548034947 0.0321999999999999
323 0.004324427465448732 0.0322999999999999
324 0.004324184958263946 0.0323999999999999
325 0.004323910193709673 0.0324999999999999
326 0.004323613100994762 0.03259999999999991
327 0.004323303273556828 0.03269999999999991
328 0.004322947986299363 0.03279999999999991
329 0.004322596296631668 0.03289999999999992
330 0.004322240653556412 0.03299999999999992
331 0.004321913076001044 0.03309999999999992
332 0.004321584297516218 0.03319999999999992
333 0.00432124329797547 0.03329999999999993
334 0.004320905053071637 0.03339999999999993
335 0.004320583277162177 0.03349999999999993
336 0.004320235232422928 0.03359999999999994
337 0.004319815270623789 0.03369999999999994
338 0.004319516690079528 0.03379999999999994
339 0.004319277692797074 0.03389999999999994
340 0.004319115712553932 0.03399999999999995
341 0.00431896714503688 0.03409999999999995
342 0.004318820468138272 0.03419999999999995
343 0.004318675767755969 0.03429999999999996
344 0.004318508557629451 0.03439999999999996
345 0.004318301791054037 0.03449999999999996
346 0.004318057222464468 0.03459999999999996
347 0.004317783455171682 0.03469999999999997
348 0.004317471184674463 0.03479999999999997
349 0.004317144382140732 0.03489999999999997
350 0.004316821668969237 0.03499999999999998
351 0.004316458504910008 0.03509999999999998
352 0.004316123853167762 0.03519999999999998
353 0.004315813151660412 0.03529999999999998
354 0.00431533065373071 0.03539999999999999
355 0.004314922298648203 0.03549999999999999
356 0.004314549219128336 0.03559999999999999
357 0.004314216945913391 0.0357
358 0.004313924205627022 0.0358
359 0.004313603814990667 0.0359
360 0.004313275021473074 0.036
361 0.004312984954848447 0.03610000000000001
362 0.004312746867920077 0.03620000000000001
363 0.004312525677408244 0.03630000000000001
364 0.004312338426504973 0.03640000000000002
365 0.004312180956835532 0.03650000000000002
366 0.004311996628080119 0.03660000000000002
367 0.004311746902557667 0.03670000000000002
368 0.004311464259853614 0.03680000000000003
369 0.004311152307073606 0.03690000000000003
370 0.004310823076256607 0.03700000000000003
371 0.004310479605552548 0.03710000000000004
372 0.004310151794717091 0.03720000000000004
373 0.004309837968034282 0.03730000000000004
374 0.004309507908567732 0.03740000000000004
375 0.004309220041607218 0.03750000000000005
376 0.004308947685593373 0.03760000000000005
377 0.004308697454458527 0.03770000000000005
378 0.00430849991829442 0.03780000000000006
379 0.004308352487907076 0.03790000000000006
380 0.00430822370448231 0.03800000000000006
381 0.00430807896634132 0.03810000000000006
382 0.00430785971315097 0.03820000000000007
383 0.004307612078931068 0.03830000000000007
384 0.004307327909404868 0.03840000000000007
385 0.004307023038210736 0.03850000000000008
386 0.004306588168038247 0.03860000000000008
387 0.004306238712509932 0.03870000000000008
388 0.004305881988446607 0.03880000000000008
389 0.004305479121617878 0.03890000000000009
390 0.004305117740401413 0.03900000000000009
391 0.004304800802313866 0.03910000000000009
392 0.004304530387759149 0.0392000000000001
393 0.004304071274166699 0.0393000000000001
394 0.004303746091238329 0.0394000000000001
395 0.004303429319092026 0.0395000000000001
396 0.004303204550350653 0.03960000000000011
397 0.004303056773924777 0.03970000000000011
398 0.004302938858823662 0.03980000000000011
399 0.004302809094997724 0.03990000000000012
400 0.004302655892775517 0.04000000000000012
401 0.00430247960881207 0.04010000000000012
402 0.004302277643978265 0.04020000000000012
403 0.004302044296056511 0.04030000000000013
404 0.004301778685337651 0.04040000000000013
405 0.00430147118980934 0.04050000000000013
406 0.004301142953383729 0.04060000000000014
407 0.004300773858865369 0.04070000000000014
408 0.004300426580530142 0.04080000000000014
409 0.004300066498349823 0.04090000000000014
410 0.004299716950381738 0.04100000000000015
411 0.004299392421221169 0.04110000000000015
412 0.004299055883674465 0.04120000000000015
413 0.004298583686585583 0.04130000000000016
414 0.004298305454515896 0.04140000000000016
415 0.004298105280138671 0.04150000000000016
416 0.004297989933831004 0.04160000000000016
417 0.004297853036756099 0.04170000000000017
418 0.004297708866353732 0.04180000000000017
419 0.004297549586505234 0.04190000000000017
420 0.004297358396815916 0.04200000000000018
421 0.004297111261238745 0.04210000000000018
422 0.004296849657005965 0.04220000000000018
423 0.00429653192293068 0.04230000000000018
424 0.004296180582292123 0.04240000000000019
425 0.004295865603463326 0.04250000000000019
426 0.004295548045046517 0.04260000000000019
427 0.00429523302269651 0.0427000000000002
428 0.004294875649315431 0.0428000000000002
429 0.004294531055697762 0.0429000000000002
430 0.004294180431429829 0.0430000000000002
431 0.004293938423390488 0.04310000000000021
432 0.004293699942321746 0.04320000000000021
433 0.004293542437504806 0.04330000000000021
434 0.004293448548924915 0.04340000000000022
435 0.004293330397156116 0.04350000000000022
436 0.004293172196850829 0.04360000000000022
437 0.004292978403963788 0.04370000000000022
438 0.004292742262950719 0.04380000000000023
439 0.004292490341601726 0.04390000000000023
440 0.004292206728414369 0.04400000000000023
441 0.004291888421020645 0.04410000000000024
442 0.004291587415990436 0.04420000000000024
443 0.004291260700808017 0.04430000000000024
444 0.004290941696908087 0.04440000000000024
445 0.004290618200792462 0.04450000000000025
446 0.004290259024212694 0.04460000000000025
447 0.004289897109394702 0.04470000000000025
448 0.004289551829135594 0.04480000000000026
449 0.004289199204059148 0.04490000000000026
450 0.004288865804504536 0.04500000000000026
451 0.004288584825534487 0.04510000000000026
452 0.004288323829390154 0.04520000000000027
453 0.004288125144365293 0.04530000000000027
454 0.004288000390543023 0.04540000000000027
455 0.00428788179462113 0.04550000000000028
456 0.004287724743165703 0.04560000000000028
457 0.004287580520070737 0.04570000000000028
458 0.004287404864149236 0.04580000000000028
459 0.004287177266864402 0.04590000000000029
460 0.004286907551617153 0.04600000000000029
461 0.004286614625020318 0.04610000000000029
462 0.004286306669689785 0.0462000000000003
463 0.00428597882378848 0.0463000000000003
464 0.00428565400832756 0.0464000000000003
465 0.004285273770283926 0.0465000000000003
466 0.004284890913563182 0.04660000000000031
467 0.004284516849782215 0.04670000000000031
468 0.004284148676393642 0.04680000000000031
469 0.004283816645867839 0.04690000000000032
470 0.00428348934030911 0.04700000000000032
471 0.004283181502258603 0.04710000000000032
472 0.004282914213937537 0.04720000000000033
473 0.004282685213962597 0.04730000000000033
474 0.00428253799671789 0.04740000000000033
475 0.004282434320949422 0.04750000000000033
476 0.004282305051359911 0.04760000000000034
477 0.004282153943869323 0.04770000000000034
478 0.004281981085967021 0.04780000000000034
479 0.004281772681385773 0.04790000000000035
480 0.004281535105491184 0.04800000000000035
481 0.004281262823624535 0.04810000000000035
482 0.00428098122454499 0.04820000000000035
483 0.004280680661069655 0.04830000000000036
484 0.004280382773220096 0.04840000000000036
485 0.00428004672972365 0.04850000000000036
486 0.004279683142501923 0.04860000000000037
487 0.00427930298112889 0.04870000000000037
488 0.004278939629078133 0.04880000000000037
489 0.004278547215422551 0.04890000000000037
490 0.004278196925662329 0.04900000000000038
491 0.00427786740146177 0.04910000000000038
492 0.004277500814549993 0.04920000000000038
493 0.004277146161996292 0.04930000000000039
494 0.004276857447592279 0.04940000000000039
495 0.00427655661653535 0.04950000000000039
496 0.004276327195138934 0.04960000000000039
497 0.00427615620323655 0.0497000000000004
498 0.004276009076349086 0.0498000000000004
499 0.004275852744130267 0.0499000000000004
500 0.004275648013941918 0.05000000000000041
501 0.004275422352528977 0.05010000000000041
502 0.004275150479091792 0.05020000000000041
503 0.00427483753183353 0.05030000000000041
504 0.004274491213503373 0.05040000000000042
505 0.004274148650098748 0.05050000000000042
506 0.004273824302723168 0.05060000000000042
507 0.004273509381841107 0.05070000000000043
508 0.004273171878345595 0.05080000000000043
509 0.004272855217708676 0.05090000000000043
510 0.004272508310080505 0.05100000000000043
511 0.004272243731979509 0.05110000000000044
512 0.004272021495111249 0.05120000000000044
513 0.004271774741225274 0.05130000000000044
514 0.004271616409961909 0.05140000000000045
515 0.00427144604804242 0.05150000000000045
516 0.004271261691297049 0.05160000000000045
517 0.004271065279174039 0.05170000000000045
518 0.004270850182707029 0.05180000000000046
519 0.004270576347690185 0.05190000000000046
520 0.004270317559868945 0.05200000000000046
521 0.004269980500288585 0.05210000000000047
522 0.00426962275836553 0.05220000000000047
523 0.004269262019787478 0.05230000000000047
524 0.00426895268537042 0.05240000000000047
525 0.004268580398907002 0.05250000000000048
526 0.004268234175132691 0.05260000000000048
527 0.00426775190200119 0.05270000000000048
528 0.0042674626645747 0.05280000000000049
529 0.00426705950796344 0.05290000000000049
530 0.004266762875238002 0.05300000000000049
531 0.00426644968954496 0.05310000000000049
532 0.004266180723792549 0.0532000000000005
533 0.004265921733413405 0.0533000000000005
534 0.004265663889317376 0.0534000000000005
535 0.004265450216205525 0.05350000000000051
536 0.004265271730750006 0.05360000000000051
537 0.004265094648221082 0.05370000000000051
538 0.004264898834347694 0.05380000000000051
539 0.004264668679582821 0.05390000000000052
540 0.004264390899235679 0.05400000000000052
541 0.004264093183878487 0.05410000000000052
542 0.004263760291146578 0.05420000000000053
543 0.004263445658597242 0.05430000000000053
544 0.00426306827844748 0.05440000000000053
545 0.004262734008502083 0.05450000000000053
546 0.004262397389575694 0.05460000000000054
547 0.00426206485820053 0.05470000000000054
548 0.004261704500817912 0.05480000000000054
549 0.004261354573003088 0.05490000000000055
550 0.004261031154161083 0.05500000000000055
551 0.004260726480409489 0.05510000000000055
552 0.004260454542214133 0.05520000000000055
553 0.004260191179253405 0.05530000000000056
554 0.004259983497339814 0.05540000000000056
555 0.004259841345360143 0.05550000000000056
556 0.004259719676510568 0.05560000000000057
557 0.00425958374990454 0.05570000000000057
558 0.004259426782081132 0.05580000000000057
559 0.004259239173694589 0.05590000000000057
560 0.004259009327823042 0.05600000000000058
561 0.004258724840441165 0.05610000000000058
562 0.004258421187568905 0.05620000000000058
563 0.004258108531202533 0.05630000000000059
564 0.004257781038682522 0.05640000000000059
565 0.004257412578599153 0.05650000000000059
566 0.004257031094438805 0.05660000000000059
567 0.004256675461752712 0.0567000000000006
568 0.00425629857261337 0.0568000000000006
569 0.004255925420721575 0.0569000000000006
570 0.004255536469579561 0.05700000000000061
571 0.00425517091101869 0.05710000000000061
572 0.004254861285769124 0.05720000000000061
573 0.0042545528245253 0.05730000000000061
574 0.004254278045740106 0.05740000000000062
575 0.004254102376702647 0.05750000000000062
576 0.004254003474282994 0.05760000000000062
577 0.004253913900265148 0.05770000000000063
578 0.00425378431371715 0.05780000000000063
579 0.004253598127481378 0.05790000000000063
580 0.004253383981779314 0.05800000000000063
581 0.004253117331741211 0.05810000000000064
582 0.004252814987654062 0.05820000000000064
583 0.004252468487137275 0.05830000000000064
584 0.004252146314064332 0.05840000000000065
585 0.004251792979498897 0.05850000000000065
586 0.004251416033136961 0.05860000000000065
587 0.00425104874941894 0.05870000000000065
588 0.004250689402808831 0.05880000000000066
589 0.00425033373838283 0.05890000000000066
590 0.004249939591900942 0.05900000000000066
591 0.004249602252906396 0.05910000000000067
592 0.004249284217284522 0.05920000000000067
593 0.004248995055511136 0.05930000000000067
594 0.004248655736112377 0.05940000000000067
595 0.004248375777632981 0.05950000000000068
596 0.004248099541449812 0.05960000000000068
597 0.004247889554511734 0.05970000000000068
598 0.004247727893456281 0.05980000000000069
599 0.004247586492847615 0.05990000000000069
600 0.004247444792622308 0.06000000000000069
601 0.004247300102549072 0.06010000000000069
602 0.004247114633471356 0.0602000000000007
603 0.004246903348386733 0.0603000000000007
604 0.004246643796180597 0.0604000000000007
605 0.004246358886193551 0.06050000000000071
606 0.004246059962918991 0.06060000000000071
607 0.004245722626602963 0.06070000000000071
608 0.004245379952068492 0.06080000000000071
609 0.004244998737835595 0.06090000000000072
610 0.004244610523198932 0.06100000000000072
611 0.004244239641611589 0.06110000000000072
612 0.004243878660134632 0.06120000000000073
613 0.004243540759964338 0.06130000000000073
614 0.004242804693021908 0.06140000000000073
615 0.00424254658765024 0.06150000000000073
616 0.004242236349416654 0.06160000000000074
617 0.004241968327177001 0.06170000000000074
618 0.004241694957071345 0.06180000000000074
619 0.004241480567859966 0.06190000000000075
620 0.004241323435139654 0.06200000000000075
621 0.004241188462208288 0.06210000000000075
622 0.004241035126398911 0.06220000000000075
623 0.004240854248808877 0.06230000000000076
624 0.004240626585676819 0.06240000000000076
625 0.004240370489804336 0.06250000000000076
626 0.004240076720226402 0.06260000000000077
627 0.004239761008565722 0.06270000000000077
628 0.004239419441937363 0.06280000000000077
629 0.004239046243754548 0.06290000000000077
630 0.004238644245359326 0.06300000000000078
631 0.004238258794394553 0.06310000000000078
632 0.00423787633989025 0.06320000000000078
633 0.004237491331736854 0.06330000000000079
634 0.004237103843971869 0.06340000000000079
635 0.004236731320605086 0.06350000000000079
636 0.004236366098778246 0.06360000000000079
637 0.004236010402202396 0.0637000000000008
638 0.00423564726861275 0.0638000000000008
639 0.004235337295959278 0.0639000000000008
640 0.004235027041255585 0.06400000000000081
641 0.004234777765001063 0.06410000000000081
642 0.004234536391729877 0.06420000000000081
643 0.004234203431546985 0.06430000000000081
644 0.004234027605758348 0.06440000000000082
645 0.004233892854907221 0.06450000000000082
646 0.004233753407592741 0.06460000000000082
647 0.004233571044364478 0.06470000000000083
648 0.004233368075369135 0.06480000000000083
649 0.004233110372100969 0.06490000000000083
650 0.004232826839675978 0.06500000000000083
651 0.004232538765238306 0.06510000000000084
652 0.004232214536701214 0.06520000000000084
653 0.004231916411067769 0.06530000000000084
654 0.004231574271729571 0.06540000000000085
655 0.004231209445957552 0.06550000000000085
656 0.004230862192751639 0.06560000000000085
657 0.004230532100165165 0.06570000000000085
658 0.004230175063825515 0.06580000000000086
659 0.004229850849720201 0.06590000000000086
660 0.004229381714493774 0.06600000000000086
661 0.004229104995227486 0.06610000000000087
662 0.00422885086557376 0.06620000000000087
663 0.004228636277634417 0.06630000000000087
664 0.00422848065008371 0.06640000000000087
665 0.004228304565580442 0.06650000000000088
666 0.004228145136557416 0.06660000000000088
667 0.004227964788260354 0.06670000000000088
668 0.00422776524620107 0.06680000000000089
669 0.004227538008494058 0.06690000000000089
670 0.004227275603055002 0.06700000000000089
671 0.004226976549913594 0.0671000000000009
672 0.004226658171128466 0.0672000000000009
673 0.004226327806023385 0.0673000000000009
674 0.004225958656718136 0.0674000000000009
675 0.00422557861588342 0.06750000000000091
676 0.004225217425564789 0.06760000000000091
677 0.004224887519659379 0.06770000000000091
678 0.004224530949843272 0.06780000000000092
679 0.004224129631699412 0.06790000000000092
680 0.004223802662290845 0.06800000000000092
681 0.004223465659827244 0.06810000000000092
682 0.004223238466371589 0.06820000000000093
683 0.004223013734532903 0.06830000000000093
684 0.004222860617199364 0.06840000000000093
685 0.004222688707647762 0.06850000000000094
686 0.004222520985202806 0.06860000000000094
687 0.004222343613523047 0.06870000000000094
688 0.0042221514822631 0.06880000000000094
689 0.004221910840781734 0.06890000000000095
690 0.004221679345515924 0.06900000000000095
691 0.004221390740846522 0.06910000000000095
692 0.004221061173685614 0.06920000000000096
693 0.004220715845812545 0.06930000000000096
694 0.004220356704418754 0.06940000000000096
695 0.004220001833116016 0.06950000000000096
696 0.004219547519514899 0.06960000000000097
697 0.004219134235278903 0.06970000000000097
698 0.004218787118864304 0.06980000000000097
699 0.004218380902875554 0.06990000000000098
700 0.004217991858575698 0.07000000000000098
701 0.004217667802664603 0.07010000000000098
702 0.00421743460401613 0.07020000000000098
703 0.004217198985039149 0.07030000000000099
704 0.004216954246560432 0.07040000000000099
705 0.004216738586844464 0.07050000000000099
706 0.004216578049334587 0.070600000000001
707 0.00421643770600378 0.070700000000001
708 0.004216269768881321 0.070800000000001
709 0.004216059915371028 0.070900000000001
710 0.004215816986588357 0.07100000000000101
711 0.004215552543401787 0.07110000000000101
712 0.004215254071176176 0.07120000000000101
713 0.00421491422094454 0.07130000000000102
714 0.004214603334148736 0.07140000000000102
715 0.004214270868529299 0.07150000000000102
716 0.004213944302259076 0.07160000000000102
717 0.004213571769958457 0.07170000000000103
718 0.004213232013505857 0.07180000000000103
719 0.004212862226128634 0.07190000000000103
720 0.004212505755509246 0.07200000000000104
721 0.004212236526570774 0.07210000000000104
722 0.004211925974911306 0.07220000000000104
723 0.004211667288611382 0.07230000000000104
724 0.004211426822738373 0.07240000000000105
725 0.004211236123774312 0.07250000000000105
726 0.004211105142080125 0.07260000000000105
727 0.004210983295917932 0.07270000000000106
728 0.004210820974955468 0.07280000000000106
729 0.00421062268901911 0.07290000000000106
730 0.004210379491255244 0.07300000000000106
731 0.004210099347196115 0.07310000000000107
732 0.004209816064422441 0.07320000000000107
733 0.004209494758937938 0.07330000000000107
734 0.004209141921543849 0.07340000000000108
735 0.004208810288683531 0.07350000000000108
736 0.004208442564247098 0.07360000000000108
737 0.004208081987099994 0.07370000000000108
738 0.004207761459130773 0.07380000000000109
739 0.004207373135040477 0.07390000000000109
740 0.0042070368047159 0.07400000000000109
741 0.004206771273770467 0.0741000000000011
742 0.00420650443308255 0.0742000000000011
743 0.004206248570963515 0.0743000000000011
744 0.004206057334469484 0.0744000000000011
745 0.004205878865477931 0.07450000000000111
746 0.004205711232018341 0.07460000000000111
747 0.00420554766204811 0.07470000000000111
748 0.004205368480071658 0.07480000000000112
749 0.004205157123125676 0.07490000000000112
750 0.004204909448528949 0.07500000000000112
751 0.004204623331543215 0.07510000000000112
752 0.004204309258210597 0.07520000000000113
753 0.004203983489209517 0.07530000000000113
754 0.004203692113766761 0.07540000000000113
755 0.004203316701387676 0.07550000000000114
756 0.004202928978639466 0.07560000000000114
757 0.004202523700882349 0.07570000000000114
758 0.004202192633466053 0.07580000000000114
759 0.004201861695058204 0.07590000000000115
760 0.004201014642906869 0.07600000000000115
761 0.004200608187645842 0.07610000000000115
762 0.004200302577694669 0.07620000000000116
763 0.004199980201832681 0.07630000000000116
764 0.004199627673409473 0.07640000000000116
765 0.004199288499763683 0.07650000000000116
766 0.00419896795752582 0.07660000000000117
767 0.004198741268416191 0.07670000000000117
768 0.004198445437826977 0.07680000000000117
769 0.004198156626829677 0.07690000000000118
770 0.0041979254234 0.07700000000000118
771 0.004197720101469735 0.07710000000000118
772 0.004197535890760259 0.07720000000000118
773 0.004197344489498789 0.07730000000000119
774 0.004197130365054016 0.07740000000000119
775 0.004196874562383401 0.07750000000000119
776 0.00419658372787503 0.0776000000000012
777 0.004196254618817134 0.0777000000000012
778 0.00419593797138618 0.0778000000000012
779 0.004195590670531997 0.0779000000000012
780 0.004195215855866848 0.07800000000000121
781 0.004194837477045454 0.07810000000000121
782 0.004194454733027021 0.07820000000000121
783 0.004194041512087429 0.07830000000000122
784 0.004193678840575359 0.07840000000000122
785 0.004193324241614366 0.07850000000000122
786 0.004192902996623149 0.07860000000000122
787 0.004192588082083599 0.07870000000000123
788 0.004192267480847972 0.07880000000000123
789 0.004191980461395995 0.07890000000000123
790 0.004191745671422981 0.07900000000000124
791 0.004191574722826217 0.07910000000000124
792 0.004191409357948675 0.07920000000000124
793 0.004191217967565104 0.07930000000000124
794 0.004190987998249422 0.07940000000000125
795 0.004190705710873758 0.07950000000000125
796 0.004190398565401569 0.07960000000000125
797 0.004190085850783885 0.07970000000000126
798 0.004189720065839822 0.07980000000000126
799 0.004189329257568927 0.07990000000000126
800 0.004188913573005039 0.08000000000000126
801 0.004188503950129948 0.08010000000000127
802 0.004188093002225061 0.08020000000000127
803 0.004187699733939423 0.08030000000000127
804 0.004187330013601737 0.08040000000000128
805 0.004186937220362907 0.08050000000000128
806 0.004186446982596658 0.08060000000000128
807 0.004186045064420088 0.08070000000000128
808 0.004185672683210273 0.08080000000000129
809 0.004185309609982421 0.08090000000000129
810 0.004185045341869561 0.08100000000000129
811 0.004184833112115648 0.0811000000000013
812 0.004184634132585299 0.0812000000000013
813 0.004184423360277393 0.0813000000000013
814 0.004184189148488304 0.0814000000000013
815 0.004183899368388497 0.08150000000000131
816 0.004183463720399014 0.08160000000000131
817 0.004183103039847099 0.08170000000000131
818 0.004182728412562603 0.08180000000000132
819 0.004182307790264095 0.08190000000000132
820 0.004181874455767592 0.08200000000000132
821 0.004181449715258896 0.08210000000000132
822 0.00418099876827099 0.08220000000000133
823 0.004180508570471012 0.08230000000000133
824 0.004180023437709773 0.08240000000000133
825 0.00417955049985758 0.08250000000000134
826 0.004179151509030139 0.08260000000000134
827 0.004178699804435464 0.08270000000000134
828 0.004178239936850458 0.08280000000000134
829 0.004177801045280748 0.08290000000000135
830 0.004177390023416505 0.08300000000000135
831 0.004176998482208097 0.08310000000000135
832 0.004176658994297915 0.08320000000000136
833 0.004176312322096333 0.08330000000000136
834 0.004176035134751394 0.08340000000000136
835 0.004175795211149625 0.08350000000000136
836 0.004175578506356602 0.08360000000000137
837 0.004175352217913549 0.08370000000000137
838 0.004175077707711929 0.08380000000000137
839 0.004174767935213563 0.08390000000000138
840 0.004174433183707687 0.08400000000000138
841 0.004174079236586419 0.08410000000000138
842 0.0041736957395372 0.08420000000000138
843 0.004173269630896786 0.08430000000000139
844 0.004172823421033903 0.08440000000000139
845 0.0041724072267425 0.08450000000000139
846 0.004171949199430129 0.0846000000000014
847 0.004171488731719471 0.0847000000000014
848 0.00417103961839843 0.0848000000000014
849 0.00417056001823027 0.0849000000000014
850 0.004170086111745261 0.08500000000000141
851 0.004169616037965972 0.08510000000000141
852 0.004169191340777934 0.08520000000000141
853 0.004168748679459452 0.08530000000000142
854 0.004168335105921865 0.08540000000000142
855 0.004167966409805507 0.08550000000000142
856 0.004167581197199958 0.08560000000000142
857 0.004167271443516102 0.08570000000000143
858 0.004167025156439874 0.08580000000000143
859 0.00416676698202037 0.08590000000000143
860 0.004166520592007127 0.08600000000000144
861 0.004166236567580763 0.08610000000000144
862 0.004165941843137995 0.08620000000000144
863 0.004165599860795284 0.08630000000000144
864 0.004165248349810458 0.08640000000000145
865 0.00416485407984482 0.08650000000000145
866 0.004164468133481449 0.08660000000000145
867 0.004164052895727431 0.08670000000000146
868 0.004163625396357559 0.08680000000000146
869 0.004163186964528452 0.08690000000000146
870 0.004162736447826292 0.08700000000000147
871 0.004162266014483599 0.08710000000000147
872 0.004161825996474959 0.08720000000000147
873 0.004161462198137908 0.08730000000000147
874 0.004161043798983233 0.08740000000000148
875 0.004160561947260257 0.08750000000000148
876 0.004160076881398305 0.08760000000000148
877 0.004159651171331649 0.08770000000000149
878 0.004159094329579645 0.08780000000000149
879 0.004158683500127476 0.08790000000000149
880 0.004158329530892523 0.08800000000000149
881 0.003975398343187456 0.0881000000000015
882 0.00389226182065815 0.0882000000000015
883 0.003808877546410158 0.0883000000000015
884 0.003640129598057106 0.08840000000000151
885 0.003519222686724042 0.08850000000000151
886 0.003268861222200131 0.08860000000000151
887 0 0.08870000000000151
