"report-def-0-rfile"
"Time Step" "report-def-0 etc.."
("Time Step" "report-def-0" "flow-time")
0 0.004041056 0
1 0.004041056 5e-05
2 0.004041056 0.0001
3 0.004041056 0.00015
4 0.004041056 0.0002
5 0.004041055 0.00025
6 0.004041054 0.0003
7 0.004041052 0.00035
8 0.004041051 0.0004
9 0.004041051 0.00045
10 0.00404105 0.0005
11 0.004041049 0.0005499999
12 0.004041048 0.0005999999
13 0.004041047 0.0006499999
14 0.004041045 0.0006999999
15 0.004041045 0.0007499998
16 0.004041044 0.0007999998
17 0.004041042 0.0008499998
18 0.004041041 0.0008999998
19 0.004041039 0.0009499997
20 0.004041038 0.0009999997
21 0.004041035 0.00105
22 0.004041033 0.0011
23 0.004041031 0.00115
24 0.004041029 0.0012
25 0.004041026 0.00125
26 0.004041023 0.0013
27 0.004041021 0.00135
28 0.004041018 0.0014
29 0.004041016 0.00145
30 0.004041013 0.0015
31 0.00404101 0.00155
32 0.004041007 0.0016
33 0.004041004 0.00165
34 0.004041001 0.0017
35 0.004040998 0.00175
36 0.004040996 0.0018
37 0.004040992 0.00185
38 0.00404099 0.0019
39 0.004040986 0.00195
40 0.004040983 0.002
41 0.004040979 0.00205
42 0.004040976 0.0021
43 0.004040972 0.00215
44 0.004040968 0.0022
45 0.004040963 0.00225
46 0.00404096 0.0023
47 0.004040955 0.00235
48 0.004040951 0.0024
49 0.004040946 0.00245
50 0.004040942 0.002499999
51 0.004040938 0.002549999
52 0.004040934 0.002599999
53 0.00404093 0.002649999
54 0.004040925 0.002699999
55 0.004040921 0.002749999
56 0.004040916 0.002799999
57 0.004040911 0.002849999
58 0.004040906 0.002899999
59 0.004040901 0.002949999
60 0.004040896 0.002999999
61 0.004040891 0.003049999
62 0.004040887 0.003099998
63 0.004040882 0.003149998
64 0.004040877 0.003199998
65 0.004040872 0.003249998
66 0.004040867 0.003299998
67 0.004040862 0.003349998
68 0.004040857 0.003399998
69 0.004040851 0.003449998
70 0.004040846 0.003499998
71 0.00404084 0.003549998
72 0.004040835 0.003599998
73 0.004040829 0.003649998
74 0.004040823 0.003699997
75 0.004040817 0.003749997
76 0.004040812 0.003799997
77 0.004040805 0.003849997
78 0.004040799 0.003899997
79 0.004040793 0.003949997
80 0.004040787 0.003999997
81 0.004040781 0.004049997
82 0.004040776 0.004099997
83 0.00404077 0.004149997
84 0.004040763 0.004199997
85 0.004040756 0.004249997
86 0.004040749 0.004299996
87 0.004040743 0.004349996
88 0.004040736 0.004399996
89 0.004040729 0.004449996
90 0.004040722 0.004499996
91 0.004040715 0.004549996
92 0.004040708 0.004599996
93 0.0040407 0.004649996
94 0.004040694 0.004699996
95 0.004040688 0.004749996
96 0.004040681 0.004799996
97 0.004040674 0.004849995
98 0.004040666 0.004899995
99 0.004040659 0.004949995
100 0.004040652 0.004999995
101 0.004040645 0.005049995
102 0.004040638 0.005099995
103 0.004040631 0.005149995
104 0.004040624 0.005199995
105 0.004040616 0.005249995
106 0.004040609 0.005299995
107 0.004040602 0.005349995
108 0.004040595 0.005399995
109 0.004040588 0.005449994
110 0.004040581 0.005499994
111 0.004040573 0.005549994
112 0.004040565 0.005599994
113 0.004040557 0.005649994
114 0.00404055 0.005699994
115 0.004040542 0.005749994
116 0.004040534 0.005799994
117 0.004040527 0.005849994
118 0.004040519 0.005899994
119 0.004040511 0.005949994
120 0.004040502 0.005999994
121 0.004040494 0.006049993
122 0.004040486 0.006099993
123 0.004040478 0.006149993
124 0.004040469 0.006199993
125 0.004040461 0.006249993
126 0.004040453 0.006299993
127 0.004040445 0.006349993
128 0.004040436 0.006399993
129 0.004040427 0.006449993
130 0.004040419 0.006499993
131 0.004040409 0.006549993
132 0.0040404 0.006599993
133 0.004040393 0.006649992
134 0.004040384 0.006699992
135 0.004040376 0.006749992
136 0.004040367 0.006799992
137 0.004040359 0.006849992
138 0.00404035 0.006899992
139 0.004040341 0.006949992
140 0.004040332 0.006999992
141 0.004040322 0.007049992
142 0.004040313 0.007099992
143 0.004040304 0.007149992
144 0.004040294 0.007199991
145 0.004040285 0.007249991
146 0.004040276 0.007299991
147 0.004040266 0.007349991
148 0.004040257 0.007399991
149 0.004040247 0.007449991
150 0.004040238 0.007499991
151 0.004040229 0.007549991
152 0.00404022 0.007599991
153 0.00404021 0.007649991
154 0.0040402 0.007699991
155 0.00404019 0.007749991
156 0.004040181 0.00779999
157 0.004040172 0.00784999
158 0.004040163 0.00789999
159 0.004040153 0.00794999
160 0.004040144 0.00799999
161 0.004040134 0.00804999
162 0.004040124 0.00809999
163 0.004040114 0.00814999
164 0.004040104 0.00819999
165 0.004040095 0.00824999
166 0.004040085 0.00829999
167 0.004040075 0.00834999
168 0.004040065 0.008399989
169 0.004040055 0.008449989
170 0.004040045 0.008499989
171 0.004040035 0.008549989
172 0.004040025 0.008599989
173 0.004040014 0.008649989
174 0.004040004 0.008699989
175 0.004039993 0.008749989
176 0.004039983 0.008799989
177 0.004039972 0.008849989
178 0.004039961 0.008899989
179 0.004039951 0.008949989
180 0.004039941 0.008999988
181 0.004039931 0.009049988
182 0.00403992 0.009099988
183 0.00403991 0.009149988
184 0.004039899 0.009199988
185 0.004039887 0.009249988
186 0.004039877 0.009299988
187 0.004039865 0.009349988
188 0.004039854 0.009399988
189 0.004039843 0.009449988
190 0.004039831 0.009499988
191 0.00403982 0.009549988
192 0.004039809 0.009599987
193 0.004039798 0.009649987
194 0.004039787 0.009699987
195 0.004039775 0.009749987
196 0.004039764 0.009799987
197 0.004039753 0.009849987
198 0.004039741 0.009899987
199 0.004039729 0.009949987
200 0.004039717 0.009999987
201 0.004039706 0.01004999
202 0.004039695 0.01009999
203 0.004039683 0.01014999
204 0.004039671 0.01019999
205 0.00403966 0.01024999
206 0.004039648 0.01029999
207 0.004039636 0.01034999
208 0.004039625 0.01039999
209 0.004039614 0.01044999
210 0.004039602 0.01049999
211 0.004039591 0.01054999
212 0.00403958 0.01059999
213 0.004039568 0.01064999
214 0.004039556 0.01069999
215 0.004039544 0.01074999
216 0.004039532 0.01079999
217 0.00403952 0.01084999
218 0.004039508 0.01089999
219 0.004039497 0.01094999
220 0.004039484 0.01099999
221 0.004039472 0.01104998
222 0.00403946 0.01109998
223 0.004039448 0.01114998
224 0.004039436 0.01119998
225 0.004039423 0.01124998
226 0.004039411 0.01129998
227 0.004039398 0.01134998
228 0.004039386 0.01139998
229 0.004039373 0.01144998
230 0.004039361 0.01149998
231 0.004039349 0.01154998
232 0.004039336 0.01159998
233 0.004039324 0.01164998
234 0.004039311 0.01169998
235 0.004039299 0.01174998
236 0.004039287 0.01179998
237 0.004039274 0.01184998
238 0.004039261 0.01189998
239 0.004039249 0.01194998
240 0.004039237 0.01199998
241 0.004039225 0.01204998
242 0.004039212 0.01209998
243 0.004039199 0.01214998
244 0.004039187 0.01219998
245 0.004039174 0.01224998
246 0.004039162 0.01229998
247 0.004039149 0.01234998
248 0.004039137 0.01239998
249 0.004039124 0.01244998
250 0.004039111 0.01249998
251 0.004039099 0.01254998
252 0.004039086 0.01259998
253 0.004039073 0.01264998
254 0.00403906 0.01269998
255 0.004039047 0.01274998
256 0.004039034 0.01279998
257 0.004039022 0.01284998
258 0.004039009 0.01289998
259 0.004038997 0.01294998
260 0.004038983 0.01299998
261 0.004038971 0.01304998
262 0.004038958 0.01309998
263 0.004038945 0.01314998
264 0.004038932 0.01319998
265 0.004038919 0.01324998
266 0.004038905 0.01329998
267 0.004038892 0.01334998
268 0.004038879 0.01339998
269 0.004038866 0.01344998
270 0.004038853 0.01349998
271 0.00403884 0.01354998
272 0.004038826 0.01359998
273 0.004038812 0.01364998
274 0.004038799 0.01369998
275 0.004038786 0.01374998
276 0.004038772 0.01379998
277 0.004038759 0.01384998
278 0.004038745 0.01389998
279 0.004038732 0.01394998
280 0.004038718 0.01399998
281 0.004038705 0.01404998
282 0.004038691 0.01409998
283 0.004038677 0.01414998
284 0.004038664 0.01419998
285 0.00403865 0.01424998
286 0.004038636 0.01429998
287 0.004038622 0.01434998
288 0.004038608 0.01439998
289 0.004038594 0.01444998
290 0.004038579 0.01449998
291 0.004038564 0.01454998
292 0.004038549 0.01459998
293 0.004038535 0.01464998
294 0.004038519 0.01469998
295 0.004038504 0.01474998
296 0.004038488 0.01479998
297 0.004038473 0.01484998
298 0.004038456 0.01489998
299 0.00403844 0.01494998
300 0.004038423 0.01499998
301 0.004038407 0.01504998
302 0.00403839 0.01509998
303 0.004038373 0.01514998
304 0.004038355 0.01519998
305 0.004038337 0.01524998
306 0.004038319 0.01529998
307 0.004038301 0.01534998
308 0.004038283 0.01539998
309 0.004038263 0.01544998
310 0.004038244 0.01549998
311 0.004038224 0.01554998
312 0.004038204 0.01559998
313 0.004038184 0.01564998
314 0.004038164 0.01569998
315 0.004038143 0.01574998
316 0.004038122 0.01579998
317 0.004038101 0.01584998
318 0.004038079 0.01589998
319 0.004038056 0.01594998
320 0.004038034 0.01599998
321 0.004038011 0.01604998
322 0.004037987 0.01609999
323 0.004037963 0.01614999
324 0.004037939 0.01619999
325 0.004037914 0.01624999
326 0.004037888 0.01629999
327 0.004037863 0.01634999
328 0.004037837 0.01639999
329 0.00403781 0.01644999
330 0.004037783 0.01649999
331 0.004037756 0.01654999
332 0.004037728 0.01659999
333 0.004037699 0.01664999
334 0.004037671 0.0167
335 0.004037641 0.01675
336 0.004037612 0.0168
337 0.004037581 0.01685
338 0.00403755 0.0169
339 0.004037519 0.01695
340 0.004037487 0.017
341 0.004037455 0.01705
342 0.004037422 0.0171
343 0.004037389 0.01715
344 0.004037355 0.0172
345 0.00403732 0.01725001
346 0.004037285 0.01730001
347 0.00403725 0.01735001
348 0.004037214 0.01740001
349 0.004037177 0.01745001
350 0.00403714 0.01750001
351 0.004037102 0.01755001
352 0.004037064 0.01760001
353 0.004037025 0.01765001
354 0.004036986 0.01770001
355 0.004036946 0.01775001
356 0.004036905 0.01780001
357 0.004036864 0.01785002
358 0.004036823 0.01790002
359 0.004036781 0.01795002
360 0.004036739 0.01800002
361 0.004036697 0.01805002
362 0.004036653 0.01810002
363 0.00403661 0.01815002
364 0.004036566 0.01820002
365 0.004036522 0.01825002
366 0.004036477 0.01830002
367 0.004036432 0.01835002
368 0.004036386 0.01840002
369 0.00403634 0.01845003
370 0.004036294 0.01850003
371 0.004036247 0.01855003
372 0.004036199 0.01860003
373 0.004036151 0.01865003
374 0.004036102 0.01870003
375 0.004036053 0.01875003
376 0.004036004 0.01880003
377 0.004035954 0.01885003
378 0.004035904 0.01890003
379 0.004035853 0.01895003
380 0.004035802 0.01900003
381 0.00403575 0.01905004
382 0.004035697 0.01910004
383 0.004035644 0.01915004
384 0.00403559 0.01920004
385 0.004035536 0.01925004
386 0.00403548 0.01930004
387 0.004035425 0.01935004
388 0.004035369 0.01940004
389 0.004035312 0.01945004
390 0.004035255 0.01950004
391 0.004035197 0.01955004
392 0.004035139 0.01960004
393 0.004035079 0.01965005
394 0.004035019 0.01970005
395 0.004034959 0.01975005
396 0.004034898 0.01980005
397 0.004034836 0.01985005
398 0.004034774 0.01990005
399 0.004034711 0.01995005
400 0.004034647 0.02000005
401 0.004034583 0.02005005
402 0.004034519 0.02010005
403 0.004034453 0.02015005
404 0.004034386 0.02020006
405 0.004034318 0.02025006
406 0.004034251 0.02030006
407 0.004034182 0.02035006
408 0.004034113 0.02040006
409 0.004034043 0.02045006
410 0.004033973 0.02050006
411 0.004033901 0.02055006
412 0.00403383 0.02060006
413 0.004033757 0.02065006
414 0.004033684 0.02070006
415 0.00403361 0.02075006
416 0.004033535 0.02080007
417 0.004033459 0.02085007
418 0.004033383 0.02090007
419 0.004033306 0.02095007
420 0.004033227 0.02100007
421 0.004033149 0.02105007
422 0.00403307 0.02110007
423 0.004032989 0.02115007
424 0.004032908 0.02120007
425 0.004032826 0.02125007
426 0.004032742 0.02130007
427 0.004032658 0.02135007
428 0.004032574 0.02140008
429 0.004032488 0.02145008
430 0.004032402 0.02150008
431 0.004032315 0.02155008
432 0.004032226 0.02160008
433 0.004032137 0.02165008
434 0.004032048 0.02170008
435 0.004031957 0.02175008
436 0.004031865 0.02180008
437 0.004031772 0.02185008
438 0.004031679 0.02190008
439 0.004031584 0.02195008
440 0.004031488 0.02200009
441 0.004031391 0.02205009
442 0.004031294 0.02210009
443 0.004031194 0.02215009
444 0.004031094 0.02220009
445 0.004030993 0.02225009
446 0.004030891 0.02230009
447 0.004030788 0.02235009
448 0.004030684 0.02240009
449 0.004030579 0.02245009
450 0.004030473 0.02250009
451 0.004030365 0.02255009
452 0.004030257 0.0226001
453 0.004030148 0.0226501
454 0.004030038 0.0227001
455 0.004029926 0.0227501
456 0.004029814 0.0228001
457 0.004029701 0.0228501
458 0.004029586 0.0229001
459 0.00402947 0.0229501
460 0.004029353 0.0230001
461 0.004029236 0.0230501
462 0.004029117 0.0231001
463 0.004028996 0.02315011
464 0.004028875 0.02320011
465 0.004028753 0.02325011
466 0.00402863 0.02330011
467 0.004028506 0.02335011
468 0.00402838 0.02340011
469 0.004028253 0.02345011
470 0.004028125 0.02350011
471 0.004027996 0.02355011
472 0.004027865 0.02360011
473 0.004027734 0.02365011
474 0.004027601 0.02370011
475 0.004027467 0.02375012
476 0.004027331 0.02380012
477 0.004027194 0.02385012
478 0.004027057 0.02390012
479 0.004026918 0.02395012
480 0.004026778 0.02400012
481 0.004026636 0.02405012
482 0.004026494 0.02410012
483 0.004026351 0.02415012
484 0.004026205 0.02420012
485 0.004026059 0.02425012
486 0.004025911 0.02430012
487 0.004025762 0.02435013
488 0.004025612 0.02440013
489 0.004025461 0.02445013
490 0.004025307 0.02450013
491 0.004025153 0.02455013
492 0.004024998 0.02460013
493 0.004024842 0.02465013
494 0.004024684 0.02470013
495 0.004024525 0.02475013
496 0.004024365 0.02480013
497 0.004024203 0.02485013
498 0.004024041 0.02490013
499 0.004023877 0.02495014
500 0.004023711 0.02500014
501 0.004023544 0.02505014
502 0.004023376 0.02510014
503 0.004023206 0.02515014
504 0.004023036 0.02520014
505 0.004022864 0.02525014
506 0.00402269 0.02530014
507 0.004022516 0.02535014
508 0.00402234 0.02540014
509 0.004022162 0.02545014
510 0.004021984 0.02550014
511 0.004021804 0.02555015
512 0.004021622 0.02560015
513 0.00402144 0.02565015
514 0.004021256 0.02570015
515 0.00402107 0.02575015
516 0.004020884 0.02580015
517 0.004020696 0.02585015
518 0.004020507 0.02590015
519 0.004020317 0.02595015
520 0.004020125 0.02600015
521 0.004019932 0.02605015
522 0.004019738 0.02610015
523 0.004019542 0.02615016
524 0.004019345 0.02620016
525 0.004019147 0.02625016
526 0.004018947 0.02630016
527 0.004018745 0.02635016
528 0.004018543 0.02640016
529 0.004018339 0.02645016
530 0.004018134 0.02650016
531 0.004017928 0.02655016
532 0.00401772 0.02660016
533 0.00401751 0.02665016
534 0.0040173 0.02670017
535 0.004017088 0.02675017
536 0.004016875 0.02680017
537 0.004016661 0.02685017
538 0.004016445 0.02690017
539 0.004016229 0.02695017
540 0.004016011 0.02700017
541 0.004015792 0.02705017
542 0.004015572 0.02710017
543 0.004015351 0.02715017
544 0.004015129 0.02720017
545 0.004014905 0.02725017
546 0.004014681 0.02730018
547 0.004014455 0.02735018
548 0.004014228 0.02740018
549 0.004014001 0.02745018
550 0.004013772 0.02750018
551 0.004013542 0.02755018
552 0.004013312 0.02760018
553 0.00401308 0.02765018
554 0.004012847 0.02770018
555 0.004012614 0.02775018
556 0.004012379 0.02780018
557 0.004012143 0.02785018
558 0.004011907 0.02790019
559 0.004011669 0.02795019
560 0.00401143 0.02800019
561 0.004011191 0.02805019
562 0.004010952 0.02810019
563 0.00401071 0.02815019
564 0.004010469 0.02820019
565 0.004010226 0.02825019
566 0.004009983 0.02830019
567 0.004009738 0.02835019
568 0.004009494 0.02840019
569 0.004009247 0.02845019
570 0.004009 0.0285002
571 0.004008752 0.0285502
572 0.004008504 0.0286002
573 0.004008255 0.0286502
574 0.004008004 0.0287002
575 0.004007753 0.0287502
576 0.004007502 0.0288002
577 0.00400725 0.0288502
578 0.004006996 0.0289002
579 0.004006742 0.0289502
580 0.004006487 0.0290002
581 0.004006232 0.0290502
582 0.004005976 0.02910021
583 0.004005718 0.02915021
584 0.00400546 0.02920021
585 0.004005202 0.02925021
586 0.004004943 0.02930021
587 0.004004683 0.02935021
588 0.004004423 0.02940021
589 0.004004162 0.02945021
590 0.0040039 0.02950021
591 0.004003637 0.02955021
592 0.004003373 0.02960021
593 0.004003109 0.02965022
594 0.004002844 0.02970022
595 0.004002579 0.02975022
596 0.004002313 0.02980022
597 0.004002046 0.02985022
598 0.004001779 0.02990022
599 0.00400151 0.02995022
600 0.004001242 0.03000022
601 0.004000972 0.03005022
602 0.004000702 0.03010022
603 0.004000431 0.03015022
604 0.00400016 0.03020022
605 0.003999887 0.03025023
606 0.003999615 0.03030023
607 0.003999342 0.03035023
608 0.003999067 0.03040023
609 0.003998793 0.03045023
610 0.003998518 0.03050023
611 0.003998242 0.03055023
612 0.003997966 0.03060023
613 0.003997689 0.03065023
614 0.003997411 0.03070023
615 0.003997133 0.03075023
616 0.003996855 0.03080023
617 0.003996575 0.03085024
618 0.003996295 0.03090024
619 0.003996015 0.03095024
620 0.003995734 0.03100024
621 0.003995452 0.03105024
622 0.00399517 0.03110024
623 0.003994887 0.03115024
624 0.003994605 0.03120024
625 0.003994321 0.03125024
626 0.003994036 0.03130024
627 0.003993751 0.03135024
628 0.003993466 0.03140024
629 0.003993181 0.03145025
630 0.003992895 0.03150025
631 0.003992608 0.03155025
632 0.003992321 0.03160025
633 0.003992033 0.03165025
634 0.003991745 0.03170025
635 0.003991457 0.03175025
636 0.003991168 0.03180025
637 0.003990878 0.03185025
638 0.003990588 0.03190025
639 0.003990298 0.03195025
640 0.003990007 0.03200025
641 0.003989716 0.03205026
642 0.003989425 0.03210026
643 0.003989132 0.03215026
644 0.00398884 0.03220026
645 0.003988546 0.03225026
646 0.003988253 0.03230026
647 0.003987959 0.03235026
648 0.003987664 0.03240026
649 0.00398737 0.03245026
650 0.003987075 0.03250026
651 0.003986779 0.03255026
652 0.003986483 0.03260026
653 0.003986187 0.03265027
654 0.003985891 0.03270027
655 0.003985594 0.03275027
656 0.003985297 0.03280027
657 0.003984999 0.03285027
658 0.003984701 0.03290027
659 0.003984403 0.03295027
660 0.003984104 0.03300027
661 0.003983806 0.03305027
662 0.003983506 0.03310027
663 0.003983207 0.03315027
664 0.003982908 0.03320028
665 0.003982607 0.03325028
666 0.003982307 0.03330028
667 0.003982007 0.03335028
668 0.003981706 0.03340028
669 0.003981405 0.03345028
670 0.003981104 0.03350028
671 0.003980802 0.03355028
672 0.003980501 0.03360028
673 0.003980199 0.03365028
674 0.003979896 0.03370028
675 0.003979594 0.03375028
676 0.003979291 0.03380029
677 0.003978988 0.03385029
678 0.003978685 0.03390029
679 0.003978382 0.03395029
680 0.003978079 0.03400029
681 0.003977775 0.03405029
682 0.003977471 0.03410029
683 0.003977168 0.03415029
684 0.003976864 0.03420029
685 0.003976559 0.03425029
686 0.003976255 0.03430029
687 0.00397595 0.03435029
688 0.003975645 0.0344003
689 0.00397534 0.0344503
690 0.003975035 0.0345003
691 0.00397473 0.0345503
692 0.003974425 0.0346003
693 0.003974118 0.0346503
694 0.003973812 0.0347003
695 0.003973507 0.0347503
696 0.0039732 0.0348003
697 0.003972894 0.0348503
698 0.003972587 0.0349003
699 0.00397228 0.0349503
700 0.003971973 0.03500031
701 0.003971666 0.03505031
702 0.003971358 0.03510031
703 0.003971051 0.03515031
704 0.003970743 0.03520031
705 0.003970435 0.03525031
706 0.003970127 0.03530031
707 0.003969818 0.03535031
708 0.003969509 0.03540031
709 0.0039692 0.03545031
710 0.003968891 0.03550031
711 0.003968582 0.03555031
712 0.003968272 0.03560032
713 0.003967962 0.03565032
714 0.003967652 0.03570032
715 0.003967341 0.03575032
716 0.00396703 0.03580032
717 0.003966719 0.03585032
718 0.003966408 0.03590032
719 0.003966096 0.03595032
720 0.003965784 0.03600032
721 0.003965472 0.03605032
722 0.003965159 0.03610032
723 0.003964846 0.03615033
724 0.003964533 0.03620033
725 0.003964219 0.03625033
726 0.003963905 0.03630033
727 0.00396359 0.03635033
728 0.003963275 0.03640033
729 0.003962959 0.03645033
730 0.003962643 0.03650033
731 0.003962327 0.03655033
732 0.00396201 0.03660033
733 0.003961692 0.03665033
734 0.003961374 0.03670033
735 0.003961056 0.03675034
736 0.003960738 0.03680034
737 0.003960419 0.03685034
738 0.003960099 0.03690034
739 0.003959779 0.03695034
740 0.003959458 0.03700034
741 0.003959137 0.03705034
742 0.003958815 0.03710034
743 0.003958493 0.03715034
744 0.00395817 0.03720034
745 0.003957847 0.03725034
746 0.003957523 0.03730034
747 0.003957198 0.03735035
748 0.003956874 0.03740035
749 0.003956548 0.03745035
750 0.003956222 0.03750035
751 0.003955896 0.03755035
752 0.003955568 0.03760035
753 0.00395524 0.03765035
754 0.003954913 0.03770035
755 0.003954583 0.03775035
756 0.003954254 0.03780035
757 0.003953923 0.03785035
758 0.003953592 0.03790035
759 0.00395326 0.03795036
760 0.003952928 0.03800036
761 0.003952595 0.03805036
762 0.003952262 0.03810036
763 0.003951928 0.03815036
764 0.003951593 0.03820036
765 0.003951258 0.03825036
766 0.003950921 0.03830036
767 0.003950584 0.03835036
768 0.003950246 0.03840036
769 0.003949907 0.03845036
770 0.003949569 0.03850036
771 0.003949229 0.03855037
772 0.003948888 0.03860037
773 0.003948547 0.03865037
774 0.003948205 0.03870037
775 0.003947862 0.03875037
776 0.003947518 0.03880037
777 0.003947174 0.03885037
778 0.003946829 0.03890037
779 0.003946483 0.03895037
780 0.003946136 0.03900037
781 0.003945788 0.03905037
782 0.00394544 0.03910038
783 0.003945091 0.03915038
784 0.003944741 0.03920038
785 0.00394439 0.03925038
786 0.003944038 0.03930038
787 0.003943686 0.03935038
788 0.003943333 0.03940038
789 0.003942979 0.03945038
790 0.003942624 0.03950038
791 0.003942269 0.03955038
792 0.003941912 0.03960038
793 0.003941555 0.03965038
794 0.003941197 0.03970039
795 0.003940838 0.03975039
796 0.003940478 0.03980039
797 0.003940118 0.03985039
798 0.003939756 0.03990039
799 0.003939393 0.03995039
800 0.00393903 0.04000039
801 0.003938667 0.04005039
802 0.003938301 0.04010039
803 0.003937935 0.04015039
804 0.003937568 0.04020039
805 0.0039372 0.04025039
806 0.003936831 0.0403004
807 0.003936462 0.0403504
808 0.003936092 0.0404004
809 0.003935722 0.0404504
810 0.00393535 0.0405004
811 0.003934977 0.0405504
812 0.003934604 0.0406004
813 0.003934229 0.0406504
814 0.003933854 0.0407004
815 0.003933478 0.0407504
816 0.003933101 0.0408004
817 0.003932723 0.0408504
818 0.003932344 0.04090041
819 0.003931964 0.04095041
820 0.003931583 0.04100041
821 0.003931202 0.04105041
822 0.00393082 0.04110041
823 0.003930436 0.04115041
824 0.003930052 0.04120041
825 0.003929667 0.04125041
826 0.003929281 0.04130041
827 0.003928895 0.04135041
828 0.003928507 0.04140041
829 0.003928119 0.04145041
830 0.00392773 0.04150042
831 0.003927339 0.04155042
832 0.003926948 0.04160042
833 0.003926556 0.04165042
834 0.003926163 0.04170042
835 0.003925769 0.04175042
836 0.003925374 0.04180042
837 0.003924977 0.04185042
838 0.003924581 0.04190042
839 0.003924184 0.04195042
840 0.003923785 0.04200042
841 0.003923385 0.04205042
842 0.003922985 0.04210043
843 0.003922584 0.04215043
844 0.003922182 0.04220043
845 0.003921779 0.04225043
846 0.003921376 0.04230043
847 0.00392097 0.04235043
848 0.003920565 0.04240043
849 0.003920159 0.04245043
850 0.003919751 0.04250043
851 0.003919343 0.04255043
852 0.003918935 0.04260043
853 0.003918525 0.04265044
854 0.003918114 0.04270044
855 0.003917702 0.04275044
856 0.00391729 0.04280044
857 0.003916877 0.04285044
858 0.003916462 0.04290044
859 0.003916048 0.04295044
860 0.003915631 0.04300044
861 0.003915214 0.04305044
862 0.003914796 0.04310044
863 0.003914378 0.04315044
864 0.003913959 0.04320044
865 0.003913538 0.04325045
866 0.003913117 0.04330045
867 0.003912695 0.04335045
868 0.003912271 0.04340045
869 0.003911848 0.04345045
870 0.003911423 0.04350045
871 0.003910997 0.04355045
872 0.00391057 0.04360045
873 0.003910142 0.04365045
874 0.003909715 0.04370045
875 0.003909286 0.04375045
876 0.003908855 0.04380045
877 0.003908425 0.04385046
878 0.003907993 0.04390046
879 0.00390756 0.04395046
880 0.003907127 0.04400046
881 0.003906693 0.04405046
882 0.003906257 0.04410046
883 0.003905821 0.04415046
884 0.003905384 0.04420046
885 0.003904946 0.04425046
886 0.003904507 0.04430046
887 0.003904067 0.04435046
888 0.003903626 0.04440046
889 0.003903184 0.04445047
890 0.003902742 0.04450047
891 0.003902299 0.04455047
892 0.003901856 0.04460047
893 0.003901411 0.04465047
894 0.003900965 0.04470047
895 0.003900519 0.04475047
896 0.003900071 0.04480047
897 0.003899623 0.04485047
898 0.003899174 0.04490047
899 0.003898724 0.04495047
900 0.003898273 0.04500047
901 0.003897822 0.04505048
902 0.003897369 0.04510048
903 0.003896916 0.04515048
904 0.003896462 0.04520048
905 0.003896007 0.04525048
906 0.003895551 0.04530048
907 0.003895094 0.04535048
908 0.003894637 0.04540048
909 0.003894179 0.04545048
910 0.00389372 0.04550048
911 0.003893259 0.04555048
912 0.003892798 0.04560049
913 0.003892337 0.04565049
914 0.003891874 0.04570049
915 0.003891411 0.04575049
916 0.003890947 0.04580049
917 0.003890482 0.04585049
918 0.003890016 0.04590049
919 0.00388955 0.04595049
920 0.003889082 0.04600049
921 0.003888614 0.04605049
922 0.003888146 0.04610049
923 0.003887676 0.04615049
924 0.003887206 0.0462005
925 0.003886735 0.0462505
926 0.003886263 0.0463005
927 0.00388579 0.0463505
928 0.003885317 0.0464005
929 0.003884842 0.0464505
930 0.003884367 0.0465005
931 0.003883892 0.0465505
932 0.003883416 0.0466005
933 0.003882938 0.0466505
934 0.00388246 0.0467005
935 0.003881981 0.0467505
936 0.003881502 0.04680051
937 0.003881021 0.04685051
938 0.00388054 0.04690051
939 0.003880058 0.04695051
940 0.003879576 0.04700051
941 0.003879093 0.04705051
942 0.003878609 0.04710051
943 0.003878124 0.04715051
944 0.003877639 0.04720051
945 0.003877153 0.04725051
946 0.003876666 0.04730051
947 0.003876178 0.04735051
948 0.00387569 0.04740052
949 0.003875201 0.04745052
950 0.003874711 0.04750052
951 0.003874221 0.04755052
952 0.00387373 0.04760052
953 0.003873238 0.04765052
954 0.003872746 0.04770052
955 0.003872252 0.04775052
956 0.003871758 0.04780052
957 0.003871263 0.04785052
958 0.003870768 0.04790052
959 0.003870272 0.04795052
960 0.003869775 0.04800053
961 0.003869277 0.04805053
962 0.003868779 0.04810053
963 0.00386828 0.04815053
964 0.00386778 0.04820053
965 0.00386728 0.04825053
966 0.003866779 0.04830053
967 0.003866277 0.04835053
968 0.003865775 0.04840053
969 0.003865272 0.04845053
970 0.003864769 0.04850053
971 0.003864265 0.04855053
972 0.00386376 0.04860054
973 0.003863254 0.04865054
974 0.003862747 0.04870054
975 0.003862241 0.04875054
976 0.003861733 0.04880054
977 0.003861226 0.04885054
978 0.003860717 0.04890054
979 0.003860207 0.04895054
980 0.003859697 0.04900054
981 0.003859186 0.04905054
982 0.003858675 0.04910054
983 0.003858163 0.04915055
984 0.00385765 0.04920055
985 0.003857137 0.04925055
986 0.003856623 0.04930055
987 0.003856109 0.04935055
988 0.003855594 0.04940055
989 0.003855078 0.04945055
990 0.003854562 0.04950055
991 0.003854044 0.04955055
992 0.003853526 0.04960055
993 0.003853008 0.04965055
994 0.003852488 0.04970055
995 0.003851969 0.04975056
996 0.003851449 0.04980056
997 0.003850928 0.04985056
998 0.003850407 0.04990056
999 0.003849885 0.04995056
1000 0.003849362 0.05000056
1001 0.003848838 0.05005056
1002 0.003848314 0.05010056
1003 0.003847789 0.05015056
1004 0.003847264 0.05020056
1005 0.003846738 0.05025056
1006 0.003846211 0.05030056
1007 0.003845684 0.05035057
1008 0.003845156 0.05040057
1009 0.003844627 0.05045057
1010 0.003844098 0.05050057
1011 0.003843568 0.05055057
1012 0.003843038 0.05060057
1013 0.003842507 0.05065057
1014 0.003841975 0.05070057
1015 0.003841443 0.05075057
1016 0.00384091 0.05080057
1017 0.003840377 0.05085057
1018 0.003839843 0.05090057
1019 0.003839308 0.05095058
1020 0.003838772 0.05100058
1021 0.003838236 0.05105058
1022 0.003837699 0.05110058
1023 0.003837162 0.05115058
1024 0.003836624 0.05120058
1025 0.003836085 0.05125058
1026 0.003835546 0.05130058
1027 0.003835006 0.05135058
1028 0.003834466 0.05140058
1029 0.003833924 0.05145058
1030 0.003833383 0.05150058
1031 0.00383284 0.05155059
1032 0.003832297 0.05160059
1033 0.003831754 0.05165059
1034 0.00383121 0.05170059
1035 0.003830665 0.05175059
1036 0.00383012 0.05180059
1037 0.003829574 0.05185059
1038 0.003829027 0.05190059
1039 0.00382848 0.05195059
1040 0.003827933 0.05200059
1041 0.003827384 0.05205059
1042 0.003826835 0.0521006
1043 0.003826285 0.0521506
1044 0.003825735 0.0522006
1045 0.003825184 0.0522506
1046 0.003824633 0.0523006
1047 0.003824082 0.0523506
1048 0.003823529 0.0524006
1049 0.003822977 0.0524506
1050 0.003822423 0.0525006
1051 0.003821869 0.0525506
1052 0.003821314 0.0526006
1053 0.003820759 0.0526506
1054 0.003820203 0.05270061
1055 0.003819646 0.05275061
1056 0.003819088 0.05280061
1057 0.003818531 0.05285061
1058 0.003817972 0.05290061
1059 0.003817413 0.05295061
1060 0.003816854 0.05300061
1061 0.003816294 0.05305061
1062 0.003815734 0.05310061
1063 0.003815172 0.05315061
1064 0.003814611 0.05320061
1065 0.003814049 0.05325061
1066 0.003813487 0.05330062
1067 0.003812923 0.05335062
1068 0.00381236 0.05340062
1069 0.003811795 0.05345062
1070 0.00381123 0.05350062
1071 0.003810664 0.05355062
1072 0.003810098 0.05360062
1073 0.003809532 0.05365062
1074 0.003808966 0.05370062
1075 0.003808398 0.05375062
1076 0.00380783 0.05380062
1077 0.003807262 0.05385062
1078 0.003806693 0.05390063
1079 0.003806123 0.05395063
1080 0.003805553 0.05400063
1081 0.003804982 0.05405063
1082 0.003804411 0.05410063
1083 0.00380384 0.05415063
1084 0.003803268 0.05420063
1085 0.003802695 0.05425063
1086 0.003802122 0.05430063
1087 0.003801549 0.05435063
1088 0.003800975 0.05440063
1089 0.0038004 0.05445063
1090 0.003799825 0.05450064
1091 0.00379925 0.05455064
1092 0.003798674 0.05460064
1093 0.003798098 0.05465064
1094 0.00379752 0.05470064
1095 0.003796943 0.05475064
1096 0.003796365 0.05480064
1097 0.003795786 0.05485064
1098 0.003795207 0.05490064
1099 0.003794628 0.05495064
1100 0.003794049 0.05500064
1101 0.003793468 0.05505065
1102 0.003792887 0.05510065
1103 0.003792305 0.05515065
1104 0.003791724 0.05520065
1105 0.003791141 0.05525065
1106 0.003790559 0.05530065
1107 0.003789976 0.05535065
1108 0.003789392 0.05540065
1109 0.003788808 0.05545065
1110 0.003788223 0.05550065
1111 0.003787638 0.05555065
1112 0.003787053 0.05560065
1113 0.003786467 0.05565066
1114 0.003785881 0.05570066
1115 0.003785294 0.05575066
1116 0.003784707 0.05580066
1117 0.00378412 0.05585066
1118 0.003783531 0.05590066
1119 0.003782943 0.05595066
1120 0.003782354 0.05600066
1121 0.003781765 0.05605066
1122 0.003781175 0.05610066
1123 0.003780584 0.05615066
1124 0.003779993 0.05620066
1125 0.003779402 0.05625067
1126 0.003778811 0.05630067
1127 0.003778219 0.05635067
1128 0.003777626 0.05640067
1129 0.003777034 0.05645067
1130 0.003776441 0.05650067
1131 0.003775846 0.05655067
1132 0.003775252 0.05660067
1133 0.003774657 0.05665067
1134 0.003774062 0.05670067
1135 0.003773467 0.05675067
1136 0.003772871 0.05680067
1137 0.003772275 0.05685068
1138 0.003771678 0.05690068
1139 0.003771082 0.05695068
1140 0.003770484 0.05700068
1141 0.003769886 0.05705068
1142 0.003769288 0.05710068
1143 0.003768689 0.05715068
1144 0.00376809 0.05720068
1145 0.00376749 0.05725068
1146 0.003766891 0.05730068
1147 0.00376629 0.05735068
1148 0.00376569 0.05740068
1149 0.003765089 0.05745069
1150 0.003764487 0.05750069
1151 0.003763885 0.05755069
1152 0.003763283 0.05760069
1153 0.00376268 0.05765069
1154 0.003762077 0.05770069
1155 0.003761474 0.05775069
1156 0.00376087 0.05780069
1157 0.003760266 0.05785069
1158 0.003759662 0.05790069
1159 0.003759057 0.05795069
1160 0.003758451 0.05800069
1161 0.003757846 0.0580507
1162 0.00375724 0.0581007
1163 0.003756634 0.0581507
1164 0.003756027 0.0582007
1165 0.00375542 0.0582507
1166 0.003754812 0.0583007
1167 0.003754205 0.0583507
1168 0.003753596 0.0584007
1169 0.003752988 0.0584507
1170 0.003752379 0.0585007
1171 0.00375177 0.0585507
1172 0.003751161 0.05860071
1173 0.003750551 0.05865071
1174 0.00374994 0.05870071
1175 0.00374933 0.05875071
1176 0.003748719 0.05880071
1177 0.003748108 0.05885071
1178 0.003747496 0.05890071
1179 0.003746884 0.05895071
1180 0.003746272 0.05900071
1181 0.003745659 0.05905071
1182 0.003745046 0.05910071
1183 0.003744433 0.05915071
1184 0.003743819 0.05920072
1185 0.003743205 0.05925072
1186 0.00374259 0.05930072
1187 0.003741975 0.05935072
1188 0.00374136 0.05940072
1189 0.003740744 0.05945072
1190 0.003740129 0.05950072
1191 0.003739513 0.05955072
1192 0.003738896 0.05960072
1193 0.003738279 0.05965072
1194 0.003737662 0.05970072
1195 0.003737045 0.05975072
1196 0.003736427 0.05980073
1197 0.003735809 0.05985073
1198 0.003735191 0.05990073
1199 0.003734572 0.05995073
1200 0.003733953 0.06000073
1201 0.003733333 0.06005073
1202 0.003732714 0.06010073
1203 0.003732094 0.06015073
1204 0.003731473 0.06020073
1205 0.003730852 0.06025073
1206 0.003730231 0.06030073
1207 0.00372961 0.06035073
1208 0.003728988 0.06040074
1209 0.003728366 0.06045074
1210 0.003727744 0.06050074
1211 0.003727121 0.06055074
1212 0.003726498 0.06060074
1213 0.003725875 0.06065074
1214 0.003725252 0.06070074
1215 0.003724628 0.06075074
1216 0.003724004 0.06080074
1217 0.00372338 0.06085074
1218 0.003722755 0.06090074
1219 0.00372213 0.06095074
1220 0.003721505 0.06100075
1221 0.003720879 0.06105075
1222 0.003720253 0.06110075
1223 0.003719627 0.06115075
1224 0.003719 0.06120075
1225 0.003718373 0.06125075
1226 0.003717746 0.06130075
1227 0.003717118 0.06135075
1228 0.00371649 0.06140075
1229 0.003715862 0.06145075
1230 0.003715233 0.06150075
1231 0.003714604 0.06155076
1232 0.003713975 0.06160076
1233 0.003713346 0.06165076
1234 0.003712716 0.06170076
1235 0.003712086 0.06175076
1236 0.003711455 0.06180076
1237 0.003710825 0.06185076
1238 0.003710194 0.06190076
1239 0.003709562 0.06195076
1240 0.003708931 0.06200076
1241 0.003708299 0.06205076
1242 0.003707666 0.06210076
1243 0.003707034 0.06215077
1244 0.003706401 0.06220077
1245 0.003705768 0.06225077
1246 0.003705135 0.06230077
1247 0.003704501 0.06235077
1248 0.003703867 0.06240077
1249 0.003703233 0.06245077
1250 0.003702598 0.06250077
1251 0.003701963 0.06255077
1252 0.003701327 0.06260077
1253 0.003700691 0.06265077
1254 0.003700055 0.06270077
1255 0.003699418 0.06275077
1256 0.003698782 0.06280077
1257 0.003698144 0.06285077
1258 0.003697507 0.06290077
1259 0.003696869 0.06295078
1260 0.003696231 0.06300078
1261 0.003695593 0.06305078
1262 0.003694954 0.06310078
1263 0.003694314 0.06315078
1264 0.003693674 0.06320078
1265 0.003693035 0.06325078
1266 0.003692394 0.06330078
1267 0.003691753 0.06335078
1268 0.003691112 0.06340078
1269 0.00369047 0.06345078
1270 0.003689828 0.06350078
1271 0.003689186 0.06355079
1272 0.003688544 0.06360079
1273 0.0036879 0.06365079
1274 0.003687256 0.06370079
1275 0.003686612 0.06375079
1276 0.003685968 0.06380079
1277 0.003685323 0.06385079
1278 0.003684677 0.06390079
1279 0.003684031 0.06395079
1280 0.003683385 0.06400079
1281 0.003682738 0.06405079
1282 0.003682091 0.06410079
1283 0.003681444 0.0641508
1284 0.003680796 0.0642008
1285 0.003680148 0.0642508
1286 0.003679499 0.0643008
1287 0.00367885 0.0643508
1288 0.0036782 0.0644008
1289 0.00367755 0.0644508
1290 0.0036769 0.0645008
1291 0.003676249 0.0645508
1292 0.003675598 0.0646008
1293 0.003674946 0.0646508
1294 0.003674294 0.0647008
1295 0.003673641 0.06475081
1296 0.003672988 0.06480081
1297 0.003672334 0.06485081
1298 0.003671681 0.06490081
1299 0.003671026 0.06495081
1300 0.003670371 0.06500081
1301 0.003669716 0.06505081
1302 0.00366906 0.06510081
1303 0.003668403 0.06515081
1304 0.003667747 0.06520081
1305 0.00366709 0.06525081
1306 0.003666432 0.06530081
1307 0.003665774 0.06535082
1308 0.003665115 0.06540082
1309 0.003664456 0.06545082
1310 0.003663796 0.06550082
1311 0.003663135 0.06555082
1312 0.003662475 0.06560082
1313 0.003661814 0.06565082
1314 0.003661152 0.06570082
1315 0.00366049 0.06575082
1316 0.003659828 0.06580082
1317 0.003659165 0.06585082
1318 0.003658501 0.06590082
1319 0.003657837 0.06595083
1320 0.003657173 0.06600083
1321 0.003656508 0.06605083
1322 0.003655842 0.06610083
1323 0.003655176 0.06615083
1324 0.00365451 0.06620083
1325 0.003653843 0.06625083
1326 0.003653176 0.06630083
1327 0.003652508 0.06635083
1328 0.00365184 0.06640083
1329 0.003651171 0.06645083
1330 0.003650501 0.06650084
1331 0.003649831 0.06655084
1332 0.003649161 0.06660084
1333 0.00364849 0.06665084
1334 0.003647819 0.06670084
1335 0.003647147 0.06675084
1336 0.003646474 0.06680084
1337 0.003645801 0.06685084
1338 0.003645127 0.06690084
1339 0.003644453 0.06695084
1340 0.003643778 0.06700084
1341 0.003643103 0.06705084
1342 0.003642428 0.06710085
1343 0.003641752 0.06715085
1344 0.003641076 0.06720085
1345 0.003640399 0.06725085
1346 0.003639721 0.06730085
1347 0.003639044 0.06735085
1348 0.003638365 0.06740085
1349 0.003637686 0.06745085
1350 0.003637007 0.06750085
1351 0.003636327 0.06755085
1352 0.003635647 0.06760085
1353 0.003634966 0.06765085
1354 0.003634284 0.06770086
1355 0.003633602 0.06775086
1356 0.00363292 0.06780086
1357 0.003632237 0.06785086
1358 0.003631554 0.06790086
1359 0.00363087 0.06795086
1360 0.003630186 0.06800086
1361 0.003629502 0.06805086
1362 0.003628816 0.06810086
1363 0.003628131 0.06815086
1364 0.003627445 0.06820086
1365 0.003626758 0.06825086
1366 0.003626072 0.06830087
1367 0.003625385 0.06835087
1368 0.003624697 0.06840087
1369 0.00362401 0.06845087
1370 0.003623321 0.06850087
1371 0.003622633 0.06855087
1372 0.003621944 0.06860087
1373 0.003621254 0.06865087
1374 0.003620564 0.06870087
1375 0.003619874 0.06875087
1376 0.003619183 0.06880087
1377 0.003618492 0.06885087
1378 0.003617801 0.06890088
1379 0.003617109 0.06895088
1380 0.003616417 0.06900088
1381 0.003615725 0.06905088
1382 0.003615031 0.06910088
1383 0.003614338 0.06915088
1384 0.003613645 0.06920088
1385 0.003612951 0.06925088
1386 0.003612257 0.06930088
1387 0.003611562 0.06935088
1388 0.003610867 0.06940088
1389 0.003610172 0.06945089
1390 0.003609476 0.06950089
1391 0.00360878 0.06955089
1392 0.003608084 0.06960089
1393 0.003607388 0.06965089
1394 0.003606691 0.06970089
1395 0.003605994 0.06975089
1396 0.003605297 0.06980089
1397 0.003604599 0.06985089
1398 0.003603901 0.06990089
1399 0.003603203 0.06995089
1400 0.003602505 0.07000089
1401 0.003601806 0.0700509
1402 0.003601108 0.0701009
1403 0.003600408 0.0701509
1404 0.003599709 0.0702009
1405 0.00359901 0.0702509
1406 0.00359831 0.0703009
1407 0.003597611 0.0703509
1408 0.003596911 0.0704009
1409 0.003596211 0.0704509
1410 0.003595511 0.0705009
1411 0.003594811 0.0705509
1412 0.00359411 0.0706009
1413 0.00359341 0.07065091
1414 0.003592709 0.07070091
1415 0.003592008 0.07075091
1416 0.003591308 0.07080091
1417 0.003590607 0.07085091
1418 0.003589906 0.07090091
1419 0.003589205 0.07095091
1420 0.003588504 0.07100091
1421 0.003587803 0.07105091
1422 0.003587102 0.07110091
1423 0.0035864 0.07115091
1424 0.003585699 0.07120091
1425 0.003584997 0.07125092
1426 0.003584296 0.07130092
1427 0.003583594 0.07135092
1428 0.003582892 0.07140092
1429 0.003582191 0.07145092
1430 0.003581489 0.07150092
1431 0.003580788 0.07155092
1432 0.003580086 0.07160092
1433 0.003579385 0.07165092
1434 0.003578683 0.07170092
1435 0.003577981 0.07175092
1436 0.003577279 0.07180092
1437 0.003576577 0.07185093
1438 0.003575876 0.07190093
1439 0.003575174 0.07195093
1440 0.003574473 0.07200093
1441 0.003573771 0.07205093
1442 0.00357307 0.07210093
1443 0.003572368 0.07215093
1444 0.003571667 0.07220093
1445 0.003570966 0.07225093
1446 0.003570265 0.07230093
1447 0.003569564 0.07235093
1448 0.003568862 0.07240093
1449 0.003568161 0.07245094
1450 0.00356746 0.07250094
1451 0.003566759 0.07255094
1452 0.003566058 0.07260094
1453 0.003565358 0.07265094
1454 0.003564657 0.07270094
1455 0.003563957 0.07275094
1456 0.003563256 0.07280094
1457 0.003562556 0.07285094
1458 0.003561856 0.07290094
1459 0.003561157 0.07295094
1460 0.003560457 0.07300095
1461 0.003559757 0.07305095
1462 0.003559058 0.07310095
1463 0.003558359 0.07315095
1464 0.003557661 0.07320095
1465 0.003556962 0.07325095
1466 0.003556264 0.07330095
1467 0.003555566 0.07335095
1468 0.003554868 0.07340095
1469 0.00355417 0.07345095
1470 0.003553472 0.07350095
1471 0.003552775 0.07355095
1472 0.003552078 0.07360096
1473 0.003551381 0.07365096
1474 0.003550685 0.07370096
1475 0.003549988 0.07375096
1476 0.003549292 0.07380096
1477 0.003548597 0.07385096
1478 0.003547901 0.07390096
1479 0.003547206 0.07395096
1480 0.003546511 0.07400096
1481 0.003545816 0.07405096
1482 0.003545122 0.07410096
1483 0.003544427 0.07415096
1484 0.003543733 0.07420097
1485 0.003543039 0.07425097
1486 0.003542345 0.07430097
1487 0.003541651 0.07435097
1488 0.003540958 0.07440097
1489 0.003540264 0.07445097
1490 0.003539572 0.07450097
1491 0.003538878 0.07455097
1492 0.003538186 0.07460097
1493 0.003537494 0.07465097
1494 0.003536802 0.07470097
1495 0.00353611 0.07475097
1496 0.003535418 0.07480098
1497 0.003534726 0.07485098
1498 0.003534035 0.07490098
1499 0.003533344 0.07495098
1500 0.003532654 0.07500098
1501 0.003531963 0.07505098
1502 0.003531273 0.07510098
1503 0.003530582 0.07515098
1504 0.003529892 0.07520098
1505 0.003529202 0.07525098
1506 0.003528513 0.07530098
1507 0.003527823 0.07535098
1508 0.003527134 0.07540099
1509 0.003526445 0.07545099
1510 0.003525757 0.07550099
1511 0.003525068 0.07555099
1512 0.00352438 0.07560099
1513 0.003523692 0.07565099
1514 0.003523004 0.07570099
1515 0.003522317 0.07575099
1516 0.00352163 0.07580099
1517 0.003520943 0.07585099
1518 0.003520256 0.07590099
1519 0.003519569 0.075951
1520 0.003518883 0.076001
1521 0.003518197 0.076051
1522 0.003517511 0.076101
1523 0.003516825 0.076151
1524 0.003516139 0.076201
1525 0.003515454 0.076251
1526 0.003514769 0.076301
1527 0.003514084 0.076351
1528 0.003513399 0.076401
1529 0.003512714 0.076451
1530 0.00351203 0.076501
1531 0.003511345 0.07655101
1532 0.00351066 0.07660101
1533 0.003509976 0.07665101
1534 0.003509292 0.07670101
1535 0.003508608 0.07675101
1536 0.003507924 0.07680101
1537 0.003507241 0.07685101
1538 0.003506557 0.07690101
1539 0.003505874 0.07695101
1540 0.003505191 0.07700101
1541 0.003504508 0.07705101
1542 0.003503825 0.07710101
1543 0.003503142 0.07715102
1544 0.003502459 0.07720102
1545 0.003501777 0.07725102
1546 0.003501094 0.07730102
1547 0.003500412 0.07735102
1548 0.003499729 0.07740102
1549 0.003499046 0.07745102
1550 0.003498364 0.07750102
1551 0.003497681 0.07755102
1552 0.003496999 0.07760102
1553 0.003496316 0.07765102
1554 0.003495634 0.07770102
1555 0.003494952 0.07775103
1556 0.003494269 0.07780103
1557 0.003493587 0.07785103
1558 0.003492904 0.07790103
1559 0.003492221 0.07795103
1560 0.003491538 0.07800103
1561 0.003490855 0.07805103
1562 0.003490172 0.07810103
1563 0.003489489 0.07815103
1564 0.003488806 0.07820103
1565 0.003488122 0.07825103
1566 0.003487439 0.07830103
1567 0.003486756 0.07835104
1568 0.003486072 0.07840104
1569 0.003485389 0.07845104
1570 0.003484705 0.07850104
1571 0.003484021 0.07855104
1572 0.003483337 0.07860104
1573 0.003482653 0.07865104
1574 0.003481969 0.07870104
1575 0.003481284 0.07875104
1576 0.0034806 0.07880104
1577 0.003479915 0.07885104
1578 0.00347923 0.07890105
1579 0.003478545 0.07895105
1580 0.00347786 0.07900105
1581 0.003477174 0.07905105
1582 0.003476489 0.07910105
1583 0.003475803 0.07915105
1584 0.003475117 0.07920105
1585 0.00347443 0.07925105
1586 0.003473744 0.07930105
1587 0.003473057 0.07935105
1588 0.003472371 0.07940105
1589 0.003471683 0.07945105
1590 0.003470996 0.07950106
1591 0.003470309 0.07955106
1592 0.003469621 0.07960106
1593 0.003468932 0.07965106
1594 0.003468244 0.07970106
1595 0.003467555 0.07975106
1596 0.003466867 0.07980106
1597 0.003466177 0.07985106
1598 0.003465488 0.07990106
1599 0.003464798 0.07995106
1600 0.003464108 0.08000106
1601 0.003463417 0.08005106
1602 0.003462726 0.08010107
1603 0.003462035 0.08015107
1604 0.003461344 0.08020107
1605 0.003460653 0.08025107
1606 0.003459961 0.08030107
1607 0.003459268 0.08035107
1608 0.003458576 0.08040107
1609 0.003457883 0.08045107
1610 0.00345719 0.08050107
1611 0.003456496 0.08055107
1612 0.003455802 0.08060107
1613 0.003455108 0.08065107
1614 0.003454413 0.08070108
1615 0.003453718 0.08075108
1616 0.003453023 0.08080108
1617 0.003452327 0.08085108
1618 0.003451632 0.08090108
1619 0.003450935 0.08095108
1620 0.003450238 0.08100108
1621 0.003449541 0.08105108
1622 0.003448843 0.08110108
1623 0.003448146 0.08115108
1624 0.003447448 0.08120108
1625 0.003446749 0.08125108
1626 0.00344605 0.08130109
1627 0.003445351 0.08135109
1628 0.003444651 0.08140109
1629 0.003443951 0.08145109
1630 0.00344325 0.08150109
1631 0.003442549 0.08155109
1632 0.003441847 0.08160109
1633 0.003441146 0.08165109
1634 0.003440443 0.08170109
1635 0.003439741 0.08175109
1636 0.003439037 0.08180109
1637 0.003438334 0.08185109
1638 0.00343763 0.0819011
1639 0.003436926 0.0819511
1640 0.003436221 0.0820011
1641 0.003435516 0.0820511
1642 0.00343481 0.0821011
1643 0.003434104 0.0821511
1644 0.003433398 0.0822011
1645 0.003432691 0.0822511
1646 0.003431983 0.0823011
1647 0.003431275 0.0823511
1648 0.003430567 0.0824011
1649 0.003429858 0.08245111
1650 0.003429148 0.08250111
1651 0.003428438 0.08255111
1652 0.003427728 0.08260111
1653 0.003427017 0.08265111
1654 0.003426305 0.08270111
1655 0.003425593 0.08275111
1656 0.003424881 0.08280111
1657 0.003424168 0.08285111
1658 0.003423455 0.08290111
1659 0.003422741 0.08295111
1660 0.003422027 0.08300111
1661 0.003421312 0.08305112
1662 0.003420596 0.08310112
1663 0.00341988 0.08315112
1664 0.003419164 0.08320112
1665 0.003418447 0.08325112
1666 0.003417729 0.08330112
1667 0.003417011 0.08335112
1668 0.003416293 0.08340112
1669 0.003415574 0.08345112
1670 0.003414854 0.08350112
1671 0.003414134 0.08355112
1672 0.003413414 0.08360112
1673 0.003412693 0.08365113
1674 0.003411971 0.08370113
1675 0.003411249 0.08375113
1676 0.003410527 0.08380113
1677 0.003409805 0.08385113
1678 0.003409082 0.08390113
1679 0.003408358 0.08395113
1680 0.003407634 0.08400113
1681 0.003406909 0.08405113
1682 0.003406184 0.08410113
1683 0.003405459 0.08415113
1684 0.003404733 0.08420113
1685 0.003404007 0.08425114
1686 0.00340328 0.08430114
1687 0.003402553 0.08435114
1688 0.003401825 0.08440114
1689 0.003401097 0.08445114
1690 0.003400369 0.08450114
1691 0.00339964 0.08455114
1692 0.003398911 0.08460114
1693 0.003398182 0.08465114
1694 0.003397452 0.08470114
1695 0.003396722 0.08475114
1696 0.003395991 0.08480114
1697 0.00339526 0.08485115
1698 0.003394529 0.08490115
1699 0.003393798 0.08495115
1700 0.003393066 0.08500115
1701 0.003392334 0.08505115
1702 0.003391601 0.08510115
1703 0.003390869 0.08515115
1704 0.003390136 0.08520115
1705 0.003389403 0.08525115
1706 0.00338867 0.08530115
1707 0.003387936 0.08535115
1708 0.003387203 0.08540116
1709 0.003386468 0.08545116
1710 0.003385734 0.08550116
1711 0.003384999 0.08555116
1712 0.003384264 0.08560116
1713 0.003383529 0.08565116
1714 0.003382794 0.08570116
1715 0.003382058 0.08575116
1716 0.003381322 0.08580116
1717 0.003380587 0.08585116
1718 0.003379851 0.08590116
1719 0.003379114 0.08595116
1720 0.003378378 0.08600117
1721 0.003377641 0.08605117
1722 0.003376903 0.08610117
1723 0.003376166 0.08615117
1724 0.003375428 0.08620117
1725 0.003374691 0.08625117
1726 0.003373953 0.08630117
1727 0.003373215 0.08635117
1728 0.003372477 0.08640117
1729 0.003371738 0.08645117
1730 0.003371 0.08650117
1731 0.003370261 0.08655117
1732 0.003369522 0.08660118
1733 0.003368783 0.08665118
1734 0.003368043 0.08670118
1735 0.003367303 0.08675118
1736 0.003366563 0.08680118
1737 0.003365824 0.08685118
1738 0.003365083 0.08690118
1739 0.003364343 0.08695118
1740 0.003363602 0.08700118
1741 0.003362861 0.08705118
1742 0.003362121 0.08710118
1743 0.00336138 0.08715118
1744 0.003360639 0.08720119
1745 0.003359898 0.08725119
1746 0.003359157 0.08730119
1747 0.003358416 0.08735119
1748 0.003357674 0.08740119
1749 0.003356933 0.08745119
1750 0.003356192 0.08750119
1751 0.003355451 0.08755119
1752 0.00335471 0.08760119
1753 0.003353968 0.08765119
1754 0.003353227 0.08770119
1755 0.003352485 0.08775119
1756 0.003351743 0.0878012
1757 0.003351002 0.0878512
1758 0.00335026 0.0879012
1759 0.003349519 0.0879512
1760 0.003348777 0.0880012
1761 0.003348036 0.0880512
1762 0.003347294 0.0881012
1763 0.003346553 0.0881512
1764 0.003345812 0.0882012
1765 0.00334507 0.0882512
1766 0.003344329 0.0883012
1767 0.003343588 0.0883512
1768 0.003342847 0.08840121
1769 0.003342107 0.08845121
1770 0.003341366 0.08850121
1771 0.003340626 0.08855121
1772 0.003339885 0.08860121
1773 0.003339145 0.08865121
1774 0.003338405 0.08870121
1775 0.003337665 0.08875121
1776 0.003336925 0.08880121
1777 0.003336185 0.08885121
1778 0.003335445 0.08890121
1779 0.003334705 0.08895122
1780 0.003333966 0.08900122
1781 0.003333227 0.08905122
1782 0.003332488 0.08910122
1783 0.003331749 0.08915122
1784 0.003331011 0.08920122
1785 0.003330272 0.08925122
1786 0.003329533 0.08930122
1787 0.003328795 0.08935122
1788 0.003328056 0.08940122
1789 0.003327318 0.08945122
1790 0.00332658 0.08950122
1791 0.003325843 0.08955123
1792 0.003325105 0.08960123
1793 0.003324367 0.08965123
1794 0.00332363 0.08970123
1795 0.003322893 0.08975123
1796 0.003322156 0.08980123
1797 0.003321419 0.08985123
1798 0.003320682 0.08990123
1799 0.003319945 0.08995123
1800 0.003319209 0.09000123
1801 0.003318473 0.09005123
1802 0.003317736 0.09010123
1803 0.003317 0.09015124
1804 0.003316264 0.09020124
1805 0.003315528 0.09025124
1806 0.003314792 0.09030124
1807 0.003314056 0.09035124
1808 0.00331332 0.09040124
1809 0.003312585 0.09045124
1810 0.003311849 0.09050124
1811 0.003311114 0.09055124
1812 0.003310379 0.09060124
1813 0.003309644 0.09065124
1814 0.003308909 0.09070124
1815 0.003308174 0.09075125
1816 0.003307439 0.09080125
1817 0.003306704 0.09085125
1818 0.003305969 0.09090125
1819 0.003305234 0.09095125
1820 0.0033045 0.09100125
1821 0.003303765 0.09105125
1822 0.003303031 0.09110125
1823 0.003302296 0.09115125
1824 0.003301562 0.09120125
1825 0.003300828 0.09125125
1826 0.003300094 0.09130125
1827 0.00329936 0.09135126
1828 0.003298626 0.09140126
1829 0.003297893 0.09145126
1830 0.003297159 0.09150126
1831 0.003296426 0.09155126
1832 0.003295692 0.09160126
1833 0.003294959 0.09165126
1834 0.003294226 0.09170126
1835 0.003293494 0.09175126
1836 0.003292762 0.09180126
1837 0.003292029 0.09185126
1838 0.003291297 0.09190127
1839 0.003290566 0.09195127
1840 0.003289834 0.09200127
1841 0.003289103 0.09205127
1842 0.003288371 0.09210127
1843 0.003287641 0.09215127
1844 0.00328691 0.09220127
1845 0.00328618 0.09225127
1846 0.00328545 0.09230127
1847 0.00328472 0.09235127
1848 0.003283991 0.09240127
1849 0.003283262 0.09245127
1850 0.003282533 0.09250128
1851 0.003281805 0.09255128
1852 0.003281076 0.09260128
1853 0.003280349 0.09265128
1854 0.003279622 0.09270128
1855 0.003278895 0.09275128
1856 0.003278168 0.09280128
1857 0.003277442 0.09285128
1858 0.003276716 0.09290128
1859 0.00327599 0.09295128
1860 0.003275265 0.09300128
1861 0.00327454 0.09305128
1862 0.003273815 0.09310129
1863 0.003273091 0.09315129
1864 0.003272367 0.09320129
1865 0.003271644 0.09325129
1866 0.00327092 0.09330129
1867 0.003270197 0.09335129
1868 0.003269474 0.09340129
1869 0.003268752 0.09345129
1870 0.00326803 0.09350129
1871 0.003267308 0.09355129
1872 0.003266587 0.09360129
1873 0.003265866 0.09365129
1874 0.003265145 0.0937013
1875 0.003264424 0.0937513
1876 0.003263704 0.0938013
1877 0.003262984 0.0938513
1878 0.003262264 0.0939013
1879 0.003261544 0.0939513
1880 0.003260825 0.0940013
1881 0.003260106 0.0940513
1882 0.003259388 0.0941013
1883 0.003258669 0.0941513
1884 0.00325795 0.0942013
1885 0.003257231 0.0942513
1886 0.003256513 0.09430131
1887 0.003255795 0.09435131
1888 0.003255077 0.09440131
1889 0.003254359 0.09445131
1890 0.003253642 0.09450131
1891 0.003252924 0.09455131
1892 0.003252207 0.09460131
1893 0.003251489 0.09465131
1894 0.003250772 0.09470131
1895 0.003250055 0.09475131
1896 0.003249338 0.09480131
1897 0.003248621 0.09485132
1898 0.003247904 0.09490132
1899 0.003247188 0.09495132
1900 0.003246471 0.09500132
1901 0.003245755 0.09505132
1902 0.003245039 0.09510132
1903 0.003244323 0.09515132
1904 0.003243606 0.09520132
1905 0.00324289 0.09525132
1906 0.003242174 0.09530132
1907 0.003241458 0.09535132
1908 0.003240742 0.09540132
1909 0.003240026 0.09545133
1910 0.00323931 0.09550133
1911 0.003238594 0.09555133
1912 0.003237878 0.09560133
1913 0.003237163 0.09565133
1914 0.003236447 0.09570133
1915 0.003235732 0.09575133
1916 0.003235016 0.09580133
1917 0.003234301 0.09585133
1918 0.003233586 0.09590133
1919 0.00323287 0.09595133
1920 0.003232155 0.09600133
1921 0.00323144 0.09605134
1922 0.003230725 0.09610134
1923 0.00323001 0.09615134
1924 0.003229295 0.09620134
1925 0.00322858 0.09625134
1926 0.003227865 0.09630134
1927 0.003227151 0.09635134
1928 0.003226436 0.09640134
1929 0.003225721 0.09645134
1930 0.003225006 0.09650134
1931 0.003224292 0.09655134
1932 0.003223577 0.09660134
1933 0.003222863 0.09665135
1934 0.003222149 0.09670135
1935 0.003221435 0.09675135
1936 0.003220721 0.09680135
1937 0.003220007 0.09685135
1938 0.003219294 0.09690135
1939 0.003218581 0.09695135
1940 0.003217868 0.09700135
1941 0.003217155 0.09705135
1942 0.003216442 0.09710135
1943 0.003215729 0.09715135
1944 0.003215017 0.09720135
1945 0.003214305 0.09725136
1946 0.003213593 0.09730136
1947 0.003212881 0.09735136
1948 0.00321217 0.09740136
1949 0.003211458 0.09745136
1950 0.003210747 0.09750136
1951 0.003210036 0.09755136
1952 0.003209325 0.09760136
1953 0.003208615 0.09765136
1954 0.003207905 0.09770136
1955 0.003207195 0.09775136
1956 0.003206485 0.09780136
1957 0.003205775 0.09785137
1958 0.003205066 0.09790137
1959 0.003204357 0.09795137
1960 0.003203648 0.09800137
1961 0.003202939 0.09805137
1962 0.003202231 0.09810137
1963 0.003201523 0.09815137
1964 0.003200815 0.09820137
1965 0.003200107 0.09825137
1966 0.0031994 0.09830137
1967 0.003198693 0.09835137
1968 0.003197986 0.09840138
1969 0.003197279 0.09845138
1970 0.003196572 0.09850138
1971 0.003195866 0.09855138
1972 0.003195159 0.09860138
1973 0.003194452 0.09865138
1974 0.003193746 0.09870138
1975 0.003193039 0.09875138
1976 0.003192333 0.09880138
1977 0.003191627 0.09885138
1978 0.003190921 0.09890138
1979 0.003190215 0.09895138
1980 0.00318951 0.09900139
1981 0.003188804 0.09905139
1982 0.003188098 0.09910139
1983 0.003187392 0.09915139
1984 0.003186687 0.09920139
1985 0.003185981 0.09925139
1986 0.003185276 0.09930139
1987 0.00318457 0.09935139
1988 0.003183865 0.09940139
1989 0.003183159 0.09945139
1990 0.003182454 0.09950139
1991 0.003181749 0.09955139
1992 0.003181044 0.0996014
1993 0.003180339 0.0996514
1994 0.003179633 0.0997014
1995 0.003178928 0.0997514
1996 0.003178223 0.0998014
1997 0.003177518 0.0998514
1998 0.003176813 0.0999014
1999 0.003176107 0.0999514
2000 0.003175402 0.1000014
2001 0.003174697 0.1000514
2002 0.003173991 0.1001014
2003 0.003173286 0.1001514
2004 0.003172581 0.1002014
2005 0.003171876 0.1002514
2006 0.003171171 0.1003014
2007 0.003170466 0.1003514
2008 0.003169761 0.1004014
2009 0.003169056 0.1004514
2010 0.003168351 0.1005014
2011 0.003167646 0.1005514
2012 0.003166941 0.1006014
2013 0.003166236 0.1006514
2014 0.003165531 0.1007014
2015 0.003164826 0.1007514
2016 0.003164121 0.1008014
2017 0.003163416 0.1008514
2018 0.003162712 0.1009014
2019 0.003162007 0.1009514
2020 0.003161302 0.1010014
2021 0.003160597 0.1010514
2022 0.003159892 0.1011014
2023 0.003159187 0.1011514
2024 0.003158482 0.1012014
2025 0.003157777 0.1012514
2026 0.003157072 0.1013014
2027 0.003156367 0.1013514
2028 0.003155663 0.1014014
2029 0.003154958 0.1014514
2030 0.003154253 0.1015014
2031 0.003153549 0.1015514
2032 0.003152844 0.1016014
2033 0.00315214 0.1016514
2034 0.003151436 0.1017014
2035 0.003150733 0.1017514
2036 0.003150029 0.1018014
2037 0.003149325 0.1018514
2038 0.003148622 0.1019014
2039 0.003147918 0.1019514
2040 0.003147215 0.1020014
2041 0.003146512 0.1020514
2042 0.00314581 0.1021014
2043 0.003145107 0.1021514
2044 0.003144405 0.1022014
2045 0.003143703 0.1022514
2046 0.003143001 0.1023014
2047 0.0031423 0.1023514
2048 0.003141598 0.1024014
2049 0.003140897 0.1024514
2050 0.003140196 0.1025014
2051 0.003139496 0.1025514
2052 0.003138795 0.1026014
2053 0.003138095 0.1026514
2054 0.003137396 0.1027014
2055 0.003136697 0.1027514
2056 0.003135998 0.1028014
2057 0.003135299 0.1028515
2058 0.0031346 0.1029015
2059 0.003133902 0.1029515
2060 0.003133204 0.1030015
2061 0.003132506 0.1030515
2062 0.003131809 0.1031015
2063 0.003131111 0.1031515
2064 0.003130414 0.1032015
2065 0.003129718 0.1032515
2066 0.003129021 0.1033015
2067 0.003128325 0.1033515
2068 0.003127629 0.1034015
2069 0.003126933 0.1034515
2070 0.003126238 0.1035015
2071 0.003125542 0.1035515
2072 0.003124847 0.1036015
2073 0.003124153 0.1036515
2074 0.003123458 0.1037015
2075 0.003122764 0.1037515
2076 0.003122069 0.1038015
2077 0.003121375 0.1038515
2078 0.003120681 0.1039015
2079 0.003119988 0.1039515
2080 0.003119294 0.1040015
2081 0.003118601 0.1040515
2082 0.003117908 0.1041015
2083 0.003117215 0.1041515
2084 0.003116521 0.1042015
2085 0.003115828 0.1042515
2086 0.003115135 0.1043015
2087 0.003114442 0.1043515
2088 0.003113749 0.1044015
2089 0.003113056 0.1044515
2090 0.003112363 0.1045015
2091 0.00311167 0.1045515
2092 0.003110978 0.1046015
2093 0.003110285 0.1046515
2094 0.003109593 0.1047015
2095 0.0031089 0.1047515
2096 0.003108208 0.1048015
2097 0.003107515 0.1048515
2098 0.003106823 0.1049015
2099 0.00310613 0.1049515
2100 0.003105437 0.1050015
2101 0.003104744 0.1050515
2102 0.003104051 0.1051015
2103 0.003103358 0.1051515
2104 0.003102665 0.1052015
2105 0.003101972 0.1052515
2106 0.003101279 0.1053015
2107 0.003100586 0.1053515
2108 0.003099893 0.1054015
2109 0.0030992 0.1054515
2110 0.003098507 0.1055015
2111 0.003097814 0.1055515
2112 0.00309712 0.1056015
2113 0.003096427 0.1056515
2114 0.003095734 0.1057015
2115 0.00309504 0.1057515
2116 0.003094346 0.1058015
2117 0.003093652 0.1058515
2118 0.003092959 0.1059015
2119 0.003092265 0.1059515
2120 0.00309157 0.1060015
2121 0.003090876 0.1060515
2122 0.003090182 0.1061015
2123 0.003089488 0.1061515
2124 0.003088793 0.1062015
2125 0.003088099 0.1062515
2126 0.003087404 0.1063015
2127 0.003086709 0.1063515
2128 0.003086014 0.1064015
2129 0.00308532 0.1064515
2130 0.003084625 0.1065015
2131 0.003083929 0.1065515
2132 0.003083234 0.1066015
2133 0.003082538 0.1066515
2134 0.003081842 0.1067015
2135 0.003081146 0.1067515
2136 0.00308045 0.1068015
2137 0.003079754 0.1068515
2138 0.003079058 0.1069015
2139 0.003078361 0.1069515
2140 0.003077665 0.1070015
2141 0.003076967 0.1070515
2142 0.00307627 0.1071015
2143 0.003075573 0.1071515
2144 0.003074876 0.1072015
2145 0.003074178 0.1072515
2146 0.00307348 0.1073015
2147 0.003072782 0.1073515
2148 0.003072084 0.1074015
2149 0.003071386 0.1074515
2150 0.003070687 0.1075015
2151 0.003069988 0.1075515
2152 0.003069289 0.1076015
2153 0.00306859 0.1076515
2154 0.003067891 0.1077015
2155 0.003067191 0.1077515
2156 0.003066492 0.1078015
2157 0.003065791 0.1078515
2158 0.003065092 0.1079015
2159 0.003064391 0.1079515
2160 0.003063691 0.1080015
2161 0.00306299 0.1080515
2162 0.003062289 0.1081015
2163 0.003061588 0.1081515
2164 0.003060886 0.1082015
2165 0.003060184 0.1082515
2166 0.003059482 0.1083015
2167 0.00305878 0.1083515
2168 0.003058078 0.1084015
2169 0.003057375 0.1084515
2170 0.003056673 0.1085015
2171 0.003055969 0.1085515
2172 0.003055266 0.1086015
2173 0.003054562 0.1086515
2174 0.003053859 0.1087015
2175 0.003053154 0.1087516
2176 0.00305245 0.1088016
2177 0.003051746 0.1088516
2178 0.003051041 0.1089016
2179 0.003050336 0.1089516
2180 0.003049631 0.1090016
2181 0.003048925 0.1090516
2182 0.003048219 0.1091016
2183 0.003047513 0.1091516
2184 0.003046807 0.1092016
2185 0.003046101 0.1092516
2186 0.003045394 0.1093016
2187 0.003044687 0.1093516
2188 0.003043979 0.1094016
2189 0.003043272 0.1094516
2190 0.003042564 0.1095016
2191 0.003041856 0.1095516
2192 0.003041147 0.1096016
2193 0.003040439 0.1096516
2194 0.00303973 0.1097016
2195 0.00303902 0.1097516
2196 0.003038311 0.1098016
2197 0.003037601 0.1098516
2198 0.003036891 0.1099016
2199 0.003036181 0.1099516
2200 0.00303547 0.1100016
2201 0.003034759 0.1100516
2202 0.003034048 0.1101016
2203 0.003033336 0.1101516
2204 0.003032624 0.1102016
2205 0.003032282 0.1102516
2206 0.003032168 0.1103016
