"report-def-0-rfile"
"Time Step" "report-def-0 etc.."
("Time Step" "report-def-0" "flow-time")
0 0.004041056 0
1 0.004041056 0.0001
2 0.004041055 0.0002
3 0.004041053 0.0003
4 0.004041051 0.0004
5 0.004041049 0.0005
6 0.004041046 0.0006
7 0.004041044 0.0007
8 0.00404104 0.0008
9 0.004041036 0.0009
10 0.004041032 0.0009999999
11 0.004041029 0.0011
12 0.004041024 0.0012
13 0.00404102 0.0013
14 0.004041015 0.0014
15 0.00404101 0.0015
16 0.004041004 0.0016
17 0.004040998 0.0017
18 0.004040991 0.0018
19 0.004040984 0.001899999
20 0.004040977 0.001999999
21 0.00404097 0.002099999
22 0.004040963 0.0022
23 0.004040955 0.0023
24 0.004040947 0.0024
25 0.004040938 0.0025
26 0.00404093 0.0026
27 0.004040922 0.0027
28 0.004040913 0.0028
29 0.004040903 0.0029
30 0.004040894 0.003
31 0.004040884 0.0031
32 0.004040874 0.0032
33 0.004040864 0.0033
34 0.004040853 0.0034
35 0.004040842 0.0035
36 0.004040832 0.0036
37 0.00404082 0.0037
38 0.004040808 0.003800001
39 0.004040797 0.003900001
40 0.004040784 0.004000001
41 0.004040772 0.0041
42 0.004040759 0.0042
43 0.004040746 0.0043
44 0.004040734 0.0044
45 0.00404072 0.0045
46 0.004040707 0.0046
47 0.004040693 0.004699999
48 0.004040679 0.004799999
49 0.004040665 0.004899999
50 0.00404065 0.004999999
51 0.004040636 0.005099999
52 0.004040621 0.005199999
53 0.004040606 0.005299998
54 0.00404059 0.005399998
55 0.004040575 0.005499998
56 0.00404056 0.005599998
57 0.004040544 0.005699998
58 0.004040528 0.005799998
59 0.004040512 0.005899997
60 0.004040496 0.005999997
61 0.00404048 0.006099997
62 0.004040463 0.006199997
63 0.004040446 0.006299997
64 0.004040429 0.006399997
65 0.004040412 0.006499996
66 0.004040395 0.006599996
67 0.004040377 0.006699996
68 0.00404036 0.006799996
69 0.004040342 0.006899996
70 0.004040323 0.006999996
71 0.004040305 0.007099995
72 0.004040286 0.007199995
73 0.004040268 0.007299995
74 0.004040249 0.007399995
75 0.004040231 0.007499995
76 0.004040212 0.007599995
77 0.004040193 0.007699994
78 0.004040174 0.007799994
79 0.004040154 0.007899994
80 0.004040134 0.007999994
81 0.004040114 0.008099994
82 0.004040094 0.008199994
83 0.004040075 0.008299993
84 0.004040054 0.008399993
85 0.004040034 0.008499993
86 0.004040014 0.008599993
87 0.004039993 0.008699993
88 0.004039972 0.008799993
89 0.004039951 0.008899992
90 0.00403993 0.008999992
91 0.004039909 0.009099992
92 0.004039887 0.009199992
93 0.004039865 0.009299992
94 0.004039843 0.009399991
95 0.00403982 0.009499991
96 0.004039798 0.009599991
97 0.004039775 0.009699991
98 0.004039753 0.009799991
99 0.00403973 0.009899991
100 0.004039707 0.00999999
101 0.004039684 0.01009999
102 0.004039661 0.01019999
103 0.004039638 0.01029999
104 0.004039614 0.01039999
105 0.004039591 0.01049999
106 0.004039568 0.01059999
107 0.004039544 0.01069999
108 0.004039521 0.01079999
109 0.004039497 0.01089999
110 0.004039473 0.01099999
111 0.004039448 0.01109999
112 0.004039424 0.01119999
113 0.004039399 0.01129999
114 0.004039375 0.01139999
115 0.00403935 0.01149999
116 0.004039325 0.01159999
117 0.0040393 0.01169999
118 0.004039275 0.01179999
119 0.004039249 0.01189999
120 0.004039224 0.01199999
121 0.004039199 0.01209999
122 0.004039174 0.01219999
123 0.004039149 0.01229999
124 0.004039124 0.01239999
125 0.004039098 0.01249999
126 0.004039072 0.01259999
127 0.004039046 0.01269999
128 0.00403902 0.01279999
129 0.004038994 0.01289999
130 0.004038968 0.01299999
131 0.004038942 0.01309999
132 0.004038915 0.01319999
133 0.004038889 0.01329998
134 0.004038862 0.01339998
135 0.004038835 0.01349998
136 0.004038808 0.01359998
137 0.004038781 0.01369998
138 0.004038754 0.01379998
139 0.004038727 0.01389998
140 0.0040387 0.01399998
141 0.004038673 0.01409998
142 0.004038646 0.01419998
143 0.004038619 0.01429998
144 0.004038592 0.01439998
145 0.004038565 0.01449998
146 0.004038537 0.01459998
147 0.004038509 0.01469998
148 0.00403848 0.01479998
149 0.004038451 0.01489998
150 0.004038421 0.01499998
151 0.004038391 0.01509998
152 0.00403836 0.01519998
153 0.004038329 0.01529998
154 0.004038297 0.01539998
155 0.004038264 0.01549998
156 0.00403823 0.01559998
157 0.004038196 0.01569998
158 0.00403816 0.01579998
159 0.004038124 0.01589998
160 0.004038087 0.01599998
161 0.004038049 0.01609998
162 0.00403801 0.01619998
163 0.00403797 0.01629998
164 0.004037929 0.01639998
165 0.004037887 0.01649998
166 0.004037844 0.01659998
167 0.0040378 0.01669998
168 0.004037754 0.01679998
169 0.004037708 0.01689998
170 0.00403766 0.01699998
171 0.004037612 0.01709998
172 0.004037562 0.01719998
173 0.004037511 0.01729998
174 0.004037458 0.01739998
175 0.004037404 0.01749998
176 0.004037348 0.01759998
177 0.004037292 0.01769998
178 0.004037234 0.01779998
179 0.004037175 0.01789998
180 0.004037114 0.01799998
181 0.004037053 0.01809998
182 0.00403699 0.01819998
183 0.004036926 0.01829998
184 0.00403686 0.01839998
185 0.004036793 0.01849998
186 0.004036724 0.01859998
187 0.004036654 0.01869998
188 0.004036582 0.01879998
189 0.00403651 0.01889998
190 0.004036437 0.01899998
191 0.004036362 0.01909998
192 0.004036287 0.01919997
193 0.00403621 0.01929997
194 0.004036132 0.01939997
195 0.004036054 0.01949997
196 0.004035973 0.01959997
197 0.004035892 0.01969997
198 0.00403581 0.01979997
199 0.004035726 0.01989997
200 0.00403564 0.01999997
201 0.004035553 0.02009997
202 0.004035465 0.02019997
203 0.004035375 0.02029997
204 0.004035284 0.02039997
205 0.004035191 0.02049997
206 0.004035096 0.02059997
207 0.004035 0.02069997
208 0.004034902 0.02079997
209 0.004034803 0.02089997
210 0.004034702 0.02099997
211 0.0040346 0.02109997
212 0.004034495 0.02119997
213 0.00403439 0.02129997
214 0.004034282 0.02139997
215 0.004034172 0.02149997
216 0.004034061 0.02159997
217 0.004033948 0.02169997
218 0.004033833 0.02179997
219 0.004033717 0.02189997
220 0.004033598 0.02199997
221 0.004033478 0.02209997
222 0.004033356 0.02219997
223 0.004033232 0.02229997
224 0.004033105 0.02239997
225 0.004032977 0.02249997
226 0.004032847 0.02259997
227 0.004032715 0.02269997
228 0.004032581 0.02279997
229 0.004032445 0.02289997
230 0.004032306 0.02299997
231 0.004032165 0.02309997
232 0.004032021 0.02319997
233 0.004031876 0.02329997
234 0.004031728 0.02339997
235 0.004031577 0.02349997
236 0.004031423 0.02359997
237 0.004031268 0.02369997
238 0.004031109 0.02379997
239 0.004030948 0.02389997
240 0.004030784 0.02399997
241 0.004030617 0.02409997
242 0.004030447 0.02419997
243 0.004030275 0.02429997
244 0.0040301 0.02439997
245 0.004029922 0.02449997
246 0.004029742 0.02459997
247 0.004029558 0.02469997
248 0.004029372 0.02479997
249 0.004029183 0.02489997
250 0.004028991 0.02499996
251 0.004028796 0.02509996
252 0.004028598 0.02519996
253 0.004028397 0.02529996
254 0.004028192 0.02539996
255 0.004027985 0.02549996
256 0.004027774 0.02559996
257 0.004027559 0.02569996
258 0.004027342 0.02579996
259 0.004027121 0.02589996
260 0.004026896 0.02599996
261 0.004026667 0.02609996
262 0.004026435 0.02619996
263 0.004026199 0.02629996
264 0.00402596 0.02639996
265 0.004025717 0.02649996
266 0.00402547 0.02659996
267 0.004025219 0.02669996
268 0.004024965 0.02679996
269 0.004024706 0.02689996
270 0.004024444 0.02699996
271 0.004024178 0.02709996
272 0.004023908 0.02719996
273 0.004023634 0.02729996
274 0.004023356 0.02739996
275 0.004023075 0.02749996
276 0.004022789 0.02759996
277 0.004022499 0.02769996
278 0.004022205 0.02779996
279 0.004021906 0.02789996
280 0.004021604 0.02799996
281 0.004021298 0.02809996
282 0.004020987 0.02819996
283 0.004020673 0.02829996
284 0.004020355 0.02839996
285 0.004020032 0.02849996
286 0.004019706 0.02859996
287 0.004019375 0.02869996
288 0.004019042 0.02879996
289 0.004018703 0.02889996
290 0.004018361 0.02899996
291 0.004018015 0.02909996
292 0.004017666 0.02919996
293 0.004017312 0.02929996
294 0.004016955 0.02939996
295 0.004016594 0.02949996
296 0.004016228 0.02959996
297 0.00401586 0.02969996
298 0.004015488 0.02979996
299 0.004015112 0.02989996
300 0.004014732 0.02999996
301 0.004014349 0.03009996
302 0.004013962 0.03019996
303 0.004013571 0.03029996
304 0.004013177 0.03039996
305 0.004012778 0.03049996
306 0.004012377 0.03059996
307 0.004011972 0.03069996
308 0.004011563 0.03079996
309 0.004011153 0.03089995
310 0.004010738 0.03099995
311 0.004010321 0.03109995
312 0.004009901 0.03119995
313 0.004009477 0.03129996
314 0.004009051 0.03139996
315 0.004008622 0.03149996
316 0.004008191 0.03159996
317 0.004007757 0.03169996
318 0.004007319 0.03179996
319 0.00400688 0.03189997
320 0.004006438 0.03199997
321 0.004005994 0.03209997
322 0.004005548 0.03219997
323 0.004005098 0.03229997
324 0.004004647 0.03239997
325 0.004004193 0.03249998
326 0.004003737 0.03259998
327 0.004003279 0.03269998
328 0.004002818 0.03279998
329 0.004002356 0.03289998
330 0.004001891 0.03299998
331 0.004001424 0.03309999
332 0.004000955 0.03319999
333 0.004000484 0.03329999
334 0.00400001 0.03339999
335 0.003999535 0.03349999
336 0.003999057 0.0336
337 0.003998577 0.0337
338 0.003998095 0.0338
339 0.003997611 0.0339
340 0.003997126 0.034
341 0.003996638 0.0341
342 0.003996148 0.03420001
343 0.003995657 0.03430001
344 0.003995163 0.03440001
345 0.003994667 0.03450001
346 0.00399417 0.03460001
347 0.003993671 0.03470001
348 0.00399317 0.03480002
349 0.003992667 0.03490002
350 0.003992163 0.03500002
351 0.003991657 0.03510002
352 0.003991149 0.03520002
353 0.00399064 0.03530002
354 0.003990129 0.03540003
355 0.003989617 0.03550003
356 0.003989103 0.03560003
357 0.003988587 0.03570003
358 0.00398807 0.03580003
359 0.003987552 0.03590003
360 0.003987032 0.03600004
361 0.003986511 0.03610004
362 0.003985988 0.03620004
363 0.003985465 0.03630004
364 0.003984939 0.03640004
365 0.003984413 0.03650004
366 0.003983886 0.03660005
367 0.003983357 0.03670005
368 0.003982827 0.03680005
369 0.003982296 0.03690005
370 0.003981764 0.03700005
371 0.003981231 0.03710005
372 0.003980698 0.03720006
373 0.003980163 0.03730006
374 0.003979627 0.03740006
375 0.00397909 0.03750006
376 0.003978552 0.03760006
377 0.003978014 0.03770006
378 0.003977474 0.03780007
379 0.003976934 0.03790007
380 0.003976393 0.03800007
381 0.003975851 0.03810007
382 0.003975309 0.03820007
383 0.003974766 0.03830007
384 0.003974223 0.03840008
385 0.003973679 0.03850008
386 0.003973134 0.03860008
387 0.003972589 0.03870008
388 0.003972043 0.03880008
389 0.003971497 0.03890008
390 0.00397095 0.03900009
391 0.003970403 0.03910009
392 0.003969855 0.03920009
393 0.003969306 0.03930009
394 0.003968757 0.03940009
395 0.003968206 0.03950009
396 0.003967655 0.0396001
397 0.003967104 0.0397001
398 0.003966551 0.0398001
399 0.003965998 0.0399001
400 0.003965443 0.0400001
401 0.003964888 0.04010011
402 0.003964332 0.04020011
403 0.003963775 0.04030011
404 0.003963217 0.04040011
405 0.003962658 0.04050011
406 0.003962098 0.04060011
407 0.003961537 0.04070012
408 0.003960974 0.04080012
409 0.003960411 0.04090012
410 0.003959845 0.04100012
411 0.00395928 0.04110012
412 0.003958712 0.04120012
413 0.003958143 0.04130013
414 0.003957572 0.04140013
415 0.003957001 0.04150013
416 0.003956428 0.04160013
417 0.003955853 0.04170013
418 0.003955277 0.04180013
419 0.003954699 0.04190014
420 0.00395412 0.04200014
421 0.003953538 0.04210014
422 0.003952954 0.04220014
423 0.00395237 0.04230014
424 0.003951782 0.04240014
425 0.003951193 0.04250015
426 0.003950603 0.04260015
427 0.003950011 0.04270015
428 0.003949416 0.04280015
429 0.003948819 0.04290015
430 0.00394822 0.04300015
431 0.003947618 0.04310016
432 0.003947015 0.04320016
433 0.00394641 0.04330016
434 0.003945802 0.04340016
435 0.003945192 0.04350016
436 0.00394458 0.04360016
437 0.003943965 0.04370017
438 0.003943348 0.04380017
439 0.003942729 0.04390017
440 0.003942107 0.04400017
441 0.003941483 0.04410017
442 0.003940857 0.04420017
443 0.003940227 0.04430018
444 0.003939595 0.04440018
445 0.00393896 0.04450018
446 0.003938323 0.04460018
447 0.003937684 0.04470018
448 0.003937041 0.04480018
449 0.003936396 0.04490019
450 0.003935748 0.04500019
451 0.003935098 0.04510019
452 0.003934444 0.04520019
453 0.003933788 0.04530019
454 0.003933129 0.04540019
455 0.003932467 0.0455002
456 0.003931802 0.0456002
457 0.003931135 0.0457002
458 0.003930464 0.0458002
459 0.003929792 0.0459002
460 0.003929116 0.0460002
461 0.003928437 0.04610021
462 0.003927755 0.04620021
463 0.00392707 0.04630021
464 0.003926383 0.04640021
465 0.003925692 0.04650021
466 0.003924998 0.04660022
467 0.003924302 0.04670022
468 0.003923602 0.04680022
469 0.0039229 0.04690022
470 0.003922195 0.04700022
471 0.003921487 0.04710022
472 0.003920775 0.04720023
473 0.003920061 0.04730023
474 0.003919344 0.04740023
475 0.003918624 0.04750023
476 0.003917901 0.04760023
477 0.003917176 0.04770023
478 0.003916447 0.04780024
479 0.003915715 0.04790024
480 0.003914981 0.04800024
481 0.003914244 0.04810024
482 0.003913503 0.04820024
483 0.00391276 0.04830024
484 0.003912014 0.04840025
485 0.003911265 0.04850025
486 0.003910514 0.04860025
487 0.003909759 0.04870025
488 0.003909002 0.04880025
489 0.003908242 0.04890025
490 0.003907479 0.04900026
491 0.003906713 0.04910026
492 0.003905945 0.04920026
493 0.003905174 0.04930026
494 0.0039044 0.04940026
495 0.003903624 0.04950026
496 0.003902845 0.04960027
497 0.003902064 0.04970027
498 0.00390128 0.04980027
499 0.003900494 0.04990027
500 0.003899706 0.05000027
501 0.003898915 0.05010027
502 0.003898122 0.05020028
503 0.003897327 0.05030028
504 0.003896529 0.05040028
505 0.003895728 0.05050028
506 0.003894926 0.05060028
507 0.003894122 0.05070028
508 0.003893315 0.05080029
509 0.003892506 0.05090029
510 0.003891695 0.05100029
511 0.003890882 0.05110029
512 0.003890066 0.05120029
513 0.003889248 0.05130029
514 0.003888428 0.0514003
515 0.003887607 0.0515003
516 0.003886782 0.0516003
517 0.003885956 0.0517003
518 0.003885128 0.0518003
519 0.003884297 0.0519003
520 0.003883465 0.05200031
521 0.00388263 0.05210031
522 0.003881793 0.05220031
523 0.003880955 0.05230031
524 0.003880115 0.05240031
525 0.003879272 0.05250032
526 0.003878428 0.05260032
527 0.003877581 0.05270032
528 0.003876732 0.05280032
529 0.003875882 0.05290032
530 0.003875029 0.05300032
531 0.003874175 0.05310033
532 0.003873318 0.05320033
533 0.003872459 0.05330033
534 0.003871599 0.05340033
535 0.003870737 0.05350033
536 0.003869872 0.05360033
537 0.003869006 0.05370034
538 0.003868138 0.05380034
539 0.003867269 0.05390034
540 0.003866397 0.05400034
541 0.003865523 0.05410034
542 0.003864647 0.05420034
543 0.00386377 0.05430035
544 0.003862891 0.05440035
545 0.00386201 0.05450035
546 0.003861128 0.05460035
547 0.003860243 0.05470035
548 0.003859357 0.05480035
549 0.003858468 0.05490036
550 0.003857579 0.05500036
551 0.003856686 0.05510036
552 0.003855793 0.05520036
553 0.003854897 0.05530036
554 0.003854 0.05540036
555 0.003853101 0.05550037
556 0.003852201 0.05560037
557 0.003851298 0.05570037
558 0.003850394 0.05580037
559 0.003849488 0.05590037
560 0.003848581 0.05600037
561 0.003847672 0.05610038
562 0.003846762 0.05620038
563 0.003845849 0.05630038
564 0.003844935 0.05640038
565 0.003844019 0.05650038
566 0.003843103 0.05660038
567 0.003842184 0.05670039
568 0.003841264 0.05680039
569 0.003840342 0.05690039
570 0.003839419 0.05700039
571 0.003838495 0.05710039
572 0.003837569 0.05720039
573 0.003836642 0.0573004
574 0.003835713 0.0574004
575 0.003834783 0.0575004
576 0.003833851 0.0576004
577 0.003832918 0.0577004
578 0.003831984 0.0578004
579 0.003831049 0.05790041
580 0.003830112 0.05800041
581 0.003829174 0.05810041
582 0.003828234 0.05820041
583 0.003827294 0.05830041
584 0.003826352 0.05840041
585 0.003825409 0.05850042
586 0.003824464 0.05860042
587 0.003823519 0.05870042
588 0.003822572 0.05880042
589 0.003821625 0.05890042
590 0.003820676 0.05900043
591 0.003819725 0.05910043
592 0.003818774 0.05920043
593 0.003817822 0.05930043
594 0.003816868 0.05940043
595 0.003815913 0.05950043
596 0.003814957 0.05960044
597 0.003814 0.05970044
598 0.003813043 0.05980044
599 0.003812084 0.05990044
600 0.003811124 0.06000044
601 0.003810163 0.06010044
602 0.0038092 0.06020045
603 0.003808237 0.06030045
604 0.003807272 0.06040045
605 0.003806307 0.06050045
606 0.00380534 0.06060045
607 0.003804373 0.06070045
608 0.003803404 0.06080046
609 0.003802434 0.06090046
610 0.003801464 0.06100046
611 0.003800493 0.06110046
612 0.00379952 0.06120046
613 0.003798547 0.06130046
614 0.003797573 0.06140047
615 0.003796597 0.06150047
616 0.003795621 0.06160047
617 0.003794644 0.06170047
618 0.003793667 0.06180047
619 0.003792688 0.06190047
620 0.003791709 0.06200048
621 0.003790728 0.06210048
622 0.003789747 0.06220048
623 0.003788765 0.06230048
624 0.003787782 0.06240048
625 0.003786799 0.06250048
626 0.003785815 0.06260049
627 0.00378483 0.06270049
628 0.003783845 0.06280049
629 0.003782858 0.06290049
630 0.00378187 0.06300049
631 0.003780882 0.06310049
632 0.003779892 0.0632005
633 0.003778902 0.0633005
634 0.003777912 0.0634005
635 0.00377692 0.0635005
636 0.003775927 0.0636005
637 0.003774934 0.0637005
638 0.00377394 0.06380051
639 0.003772946 0.06390051
640 0.00377195 0.06400051
641 0.003770954 0.06410051
642 0.003769958 0.06420051
643 0.00376896 0.06430051
644 0.003767963 0.06440052
645 0.003766964 0.06450052
646 0.003765965 0.06460052
647 0.003764965 0.06470052
648 0.003763965 0.06480052
649 0.003762963 0.06490052
650 0.003761962 0.06500053
651 0.00376096 0.06510053
652 0.003759957 0.06520053
653 0.003758954 0.06530053
654 0.00375795 0.06540053
655 0.003756945 0.06550054
656 0.00375594 0.06560054
657 0.003754934 0.06570054
658 0.003753928 0.06580054
659 0.003752921 0.06590054
660 0.003751914 0.06600054
661 0.003750905 0.06610055
662 0.003749896 0.06620055
663 0.003748886 0.06630055
664 0.003747876 0.06640055
665 0.003746865 0.06650055
666 0.003745853 0.06660055
667 0.00374484 0.06670056
668 0.003743826 0.06680056
669 0.003742812 0.06690056
670 0.003741796 0.06700056
671 0.00374078 0.06710056
672 0.003739763 0.06720056
673 0.003738745 0.06730057
674 0.003737726 0.06740057
675 0.003736706 0.06750057
676 0.003735685 0.06760057
677 0.003734662 0.06770057
678 0.003733639 0.06780057
679 0.003732615 0.06790058
680 0.00373159 0.06800058
681 0.003730564 0.06810058
682 0.003729537 0.06820058
683 0.003728508 0.06830058
684 0.003727479 0.06840058
685 0.003726448 0.06850059
686 0.003725417 0.06860059
687 0.003724384 0.06870059
688 0.00372335 0.06880059
689 0.003722315 0.06890059
690 0.003721278 0.06900059
691 0.003720241 0.0691006
692 0.003719202 0.0692006
693 0.003718162 0.0693006
694 0.003717121 0.0694006
695 0.003716078 0.0695006
696 0.003715034 0.0696006
697 0.003713989 0.06970061
698 0.003712942 0.06980061
699 0.003711894 0.06990061
700 0.003710845 0.07000061
701 0.003709794 0.07010061
702 0.003708743 0.07020061
703 0.003707689 0.07030062
704 0.003706635 0.07040062
705 0.003705578 0.07050062
706 0.003704521 0.07060062
707 0.003703461 0.07070062
708 0.003702401 0.07080062
709 0.003701339 0.07090063
710 0.003700276 0.07100063
711 0.003699212 0.07110063
712 0.003698146 0.07120063
713 0.003697078 0.07130063
714 0.00369601 0.07140063
715 0.00369494 0.07150064
716 0.003693868 0.07160064
717 0.003692796 0.07170064
718 0.003691721 0.07180064
719 0.003690646 0.07190064
720 0.003689568 0.07200065
721 0.00368849 0.07210065
722 0.00368741 0.07220065
723 0.003686329 0.07230065
724 0.003685246 0.07240065
725 0.003684162 0.07250065
726 0.003683077 0.07260066
727 0.00368199 0.07270066
728 0.003680903 0.07280066
729 0.003679813 0.07290066
730 0.003678723 0.07300066
731 0.003677632 0.07310066
732 0.003676539 0.07320067
733 0.003675445 0.07330067
734 0.003674351 0.07340067
735 0.003673255 0.07350067
736 0.003672157 0.07360067
737 0.003671059 0.07370067
738 0.00366996 0.07380068
739 0.00366886 0.07390068
740 0.003667759 0.07400068
741 0.003666658 0.07410068
742 0.003665556 0.07420068
743 0.003664452 0.07430068
744 0.003663348 0.07440069
745 0.003662243 0.07450069
746 0.003661138 0.07460069
747 0.003660032 0.07470069
748 0.003658925 0.07480069
749 0.003657818 0.07490069
750 0.00365671 0.0750007
751 0.003655602 0.0751007
752 0.003654493 0.0752007
753 0.003653385 0.0753007
754 0.003652275 0.0754007
755 0.003651165 0.0755007
756 0.003650055 0.07560071
757 0.003648944 0.07570071
758 0.003647834 0.07580071
759 0.003646723 0.07590071
760 0.003645611 0.07600071
761 0.003644501 0.07610071
762 0.00364339 0.07620072
763 0.003642279 0.07630072
764 0.003641168 0.07640072
765 0.003640058 0.07650072
766 0.003638947 0.07660072
767 0.003637837 0.07670072
768 0.003636726 0.07680073
769 0.003635616 0.07690073
770 0.003634506 0.07700073
771 0.003633396 0.07710073
772 0.003632287 0.07720073
773 0.003631179 0.07730073
774 0.00363007 0.07740074
775 0.003628963 0.07750074
776 0.003627856 0.07760074
777 0.003626749 0.07770074
778 0.003625643 0.07780074
779 0.003624537 0.07790074
780 0.003623432 0.07800075
781 0.003622328 0.07810075
782 0.003621224 0.07820075
783 0.003620122 0.07830075
784 0.00361902 0.07840075
785 0.003617919 0.07850076
786 0.003616818 0.07860076
787 0.003615719 0.07870076
788 0.00361462 0.07880076
789 0.003613522 0.07890076
790 0.003612424 0.07900076
791 0.003611327 0.07910077
792 0.003610231 0.07920077
793 0.003609136 0.07930077
794 0.003608041 0.07940077
795 0.003606947 0.07950077
796 0.003605854 0.07960077
797 0.003604762 0.07970078
798 0.003603671 0.07980078
799 0.003602581 0.07990078
800 0.003601491 0.08000078
801 0.003600402 0.08010078
802 0.003599314 0.08020078
803 0.003598226 0.08030079
804 0.003597139 0.08040079
805 0.003596054 0.08050079
806 0.003594968 0.08060079
807 0.003593884 0.08070079
808 0.0035928 0.08080079
809 0.003591716 0.0809008
810 0.003590634 0.0810008
811 0.003589552 0.0811008
812 0.003588471 0.0812008
813 0.003587391 0.0813008
814 0.003586311 0.0814008
815 0.003585232 0.08150081
816 0.003584153 0.08160081
817 0.003583075 0.08170081
818 0.003581998 0.08180081
819 0.003580921 0.08190081
820 0.003579845 0.08200081
821 0.003578769 0.08210082
822 0.003577694 0.08220082
823 0.003576619 0.08230082
824 0.003575545 0.08240082
825 0.003574471 0.08250082
826 0.003573397 0.08260082
827 0.003572324 0.08270083
828 0.00357125 0.08280083
829 0.003570177 0.08290083
830 0.003569105 0.08300083
831 0.003568032 0.08310083
832 0.00356696 0.08320083
833 0.003565887 0.08330084
834 0.003564815 0.08340084
835 0.003563742 0.08350084
836 0.003562669 0.08360084
837 0.003561596 0.08370084
838 0.003560523 0.08380084
839 0.003559449 0.08390085
840 0.003558375 0.08400085
841 0.003557301 0.08410085
842 0.003556226 0.08420085
843 0.003555151 0.08430085
844 0.003554075 0.08440086
845 0.003552998 0.08450086
846 0.003551921 0.08460086
847 0.003550842 0.08470086
848 0.003549763 0.08480086
849 0.003548684 0.08490086
850 0.003547603 0.08500087
851 0.003546521 0.08510087
852 0.003545438 0.08520087
853 0.003544354 0.08530087
854 0.00354327 0.08540087
855 0.003542184 0.08550087
856 0.003541097 0.08560088
857 0.003540009 0.08570088
858 0.003538919 0.08580088
859 0.003537828 0.08590088
860 0.003536736 0.08600088
861 0.003535642 0.08610088
862 0.003534547 0.08620089
863 0.00353345 0.08630089
864 0.003532353 0.08640089
865 0.003531253 0.08650089
866 0.003530153 0.08660089
867 0.003529051 0.08670089
868 0.003527947 0.0868009
869 0.003526842 0.0869009
870 0.003525735 0.0870009
871 0.003524627 0.0871009
872 0.003523517 0.0872009
873 0.003522406 0.0873009
874 0.003521293 0.08740091
875 0.003520179 0.08750091
876 0.003519063 0.08760091
877 0.003517945 0.08770091
878 0.003516825 0.08780091
879 0.003515704 0.08790091
880 0.003514581 0.08800092
881 0.003513457 0.08810092
882 0.003512331 0.08820092
883 0.003511203 0.08830092
884 0.003510075 0.08840092
885 0.003508945 0.08850092
886 0.003507813 0.08860093
887 0.00350668 0.08870093
888 0.003505545 0.08880093
889 0.003504409 0.08890093
890 0.003503272 0.08900093
891 0.003502134 0.08910093
892 0.003500994 0.08920094
893 0.003499852 0.08930094
894 0.003498709 0.08940094
895 0.003497565 0.08950094
896 0.003496419 0.08960094
897 0.003495271 0.08970094
898 0.003494122 0.08980095
899 0.003492972 0.08990095
900 0.00349182 0.09000095
901 0.003490666 0.09010095
902 0.003489511 0.09020095
903 0.003488354 0.09030095
904 0.003487196 0.09040096
905 0.003486037 0.09050096
906 0.003484876 0.09060096
907 0.003483714 0.09070096
908 0.003482551 0.09080096
909 0.003481387 0.09090097
910 0.003480222 0.09100097
911 0.003479056 0.09110097
912 0.003477889 0.09120097
913 0.003476721 0.09130097
914 0.003475552 0.09140097
915 0.003474383 0.09150098
916 0.003473214 0.09160098
917 0.003472043 0.09170098
918 0.003470873 0.09180098
919 0.003469702 0.09190098
920 0.00346853 0.09200098
921 0.003467359 0.09210099
922 0.003466188 0.09220099
923 0.003465016 0.09230099
924 0.003463844 0.09240099
925 0.003462672 0.09250099
926 0.003461501 0.09260099
927 0.003460329 0.092701
928 0.003459157 0.092801
929 0.003457985 0.092901
930 0.003456814 0.093001
931 0.003455643 0.093101
932 0.003454472 0.093201
933 0.003453301 0.09330101
934 0.003452131 0.09340101
935 0.003450961 0.09350101
936 0.003449791 0.09360101
937 0.003448622 0.09370101
938 0.003447453 0.09380101
939 0.003446285 0.09390102
940 0.003445116 0.09400102
941 0.003443948 0.09410102
942 0.00344278 0.09420102
943 0.003441613 0.09430102
944 0.003440446 0.09440102
945 0.00343928 0.09450103
946 0.003438113 0.09460103
947 0.003436947 0.09470103
948 0.003435782 0.09480103
949 0.003434617 0.09490103
950 0.003433452 0.09500103
951 0.003432288 0.09510104
952 0.003431124 0.09520104
953 0.00342996 0.09530104
954 0.003428797 0.09540104
955 0.003427633 0.09550104
956 0.00342647 0.09560104
957 0.003425308 0.09570105
958 0.003424146 0.09580105
959 0.003422984 0.09590105
960 0.003421824 0.09600105
961 0.003420664 0.09610105
962 0.003419504 0.09620105
963 0.003418345 0.09630106
964 0.003417187 0.09640106
965 0.003416029 0.09650106
966 0.003414873 0.09660106
967 0.003413717 0.09670106
968 0.003412563 0.09680106
969 0.003411409 0.09690107
970 0.003410258 0.09700107
971 0.003409107 0.09710107
972 0.003407957 0.09720107
973 0.003406809 0.09730107
974 0.003405662 0.09740108
975 0.003404517 0.09750108
976 0.003403373 0.09760108
977 0.003402231 0.09770108
978 0.00340109 0.09780108
979 0.00339995 0.09790108
980 0.003398812 0.09800109
981 0.003397675 0.09810109
982 0.00339654 0.09820109
983 0.003395407 0.09830109
984 0.003394274 0.09840109
985 0.003393143 0.09850109
986 0.003392013 0.0986011
987 0.003390884 0.0987011
988 0.003389757 0.0988011
989 0.003388631 0.0989011
990 0.003387506 0.0990011
991 0.003386382 0.0991011
992 0.00338526 0.09920111
993 0.003384138 0.09930111
994 0.003383018 0.09940111
995 0.003381898 0.09950111
996 0.003380779 0.09960111
997 0.003379662 0.09970111
998 0.003378545 0.09980112
999 0.003377429 0.09990112
1000 0.003376314 0.1000011
1001 0.003375201 0.1001011
1002 0.003374088 0.1002011
1003 0.003372975 0.1003011
1004 0.003371864 0.1004011
1005 0.003370753 0.1005011
1006 0.003369643 0.1006011
1007 0.003368534 0.1007011
1008 0.003367425 0.1008011
1009 0.003366318 0.1009011
1010 0.003365211 0.1010011
1011 0.003364105 0.1011011
1012 0.003363 0.1012011
1013 0.003361895 0.1013011
1014 0.003360791 0.1014011
1015 0.003359687 0.1015011
1016 0.003358584 0.1016011
1017 0.003357482 0.1017011
1018 0.00335638 0.1018011
1019 0.003355279 0.1019012
1020 0.003354178 0.1020012
1021 0.003353077 0.1021012
1022 0.003351977 0.1022012
1023 0.003350878 0.1023012
1024 0.003349778 0.1024012
1025 0.003348679 0.1025012
1026 0.00334758 0.1026012
1027 0.003346482 0.1027012
1028 0.003345383 0.1028012
1029 0.003344285 0.1029012
1030 0.003343186 0.1030012
1031 0.003342088 0.1031012
1032 0.00334099 0.1032012
1033 0.003339892 0.1033012
1034 0.003338794 0.1034012
1035 0.003337696 0.1035012
1036 0.003336598 0.1036012
1037 0.003335501 0.1037012
1038 0.003334403 0.1038012
1039 0.003333305 0.1039012
1040 0.003332207 0.1040012
1041 0.003331109 0.1041012
1042 0.003330011 0.1042012
1043 0.003328913 0.1043012
1044 0.003327814 0.1044012
1045 0.003326716 0.1045012
1046 0.003325617 0.1046012
1047 0.003324518 0.1047012
1048 0.00332342 0.1048012
1049 0.003322321 0.1049012
1050 0.003321222 0.1050012
1051 0.003320122 0.1051012
1052 0.003319023 0.1052012
1053 0.003317924 0.1053012
1054 0.003316824 0.1054012
1055 0.003315725 0.1055012
1056 0.003314625 0.1056012
1057 0.003313525 0.1057012
1058 0.003312425 0.1058012
1059 0.003311324 0.1059012
1060 0.003310223 0.1060012
1061 0.003309123 0.1061012
1062 0.003308021 0.1062012
1063 0.003306919 0.1063012
1064 0.003305818 0.1064012
1065 0.003304716 0.1065012
1066 0.003303614 0.1066012
1067 0.003302511 0.1067012
1068 0.003301409 0.1068012
1069 0.003300306 0.1069012
1070 0.003299203 0.1070012
1071 0.0032981 0.1071012
1072 0.003296996 0.1072012
1073 0.003295893 0.1073012
1074 0.003294789 0.1074012
1075 0.003293684 0.1075012
1076 0.003292579 0.1076012
1077 0.003291474 0.1077012
1078 0.00329037 0.1078013
1079 0.003289264 0.1079013
1080 0.003288158 0.1080013
1081 0.003287053 0.1081013
1082 0.003285946 0.1082013
1083 0.003284839 0.1083013
1084 0.003283732 0.1084013
1085 0.003282625 0.1085013
1086 0.003281517 0.1086013
1087 0.003280409 0.1087013
1088 0.003279301 0.1088013
1089 0.003278192 0.1089013
1090 0.003277083 0.1090013
1091 0.003275974 0.1091013
1092 0.003274865 0.1092013
1093 0.003273756 0.1093013
1094 0.003272646 0.1094013
1095 0.003271536 0.1095013
1096 0.003270426 0.1096013
1097 0.003269316 0.1097013
1098 0.003268205 0.1098013
1099 0.003267095 0.1099013

