"report-def-0-rfile"
"Time Step" "report-def-0 etc.."
("Time Step" "report-def-0" "flow-time")
0 0.004051880620869305 0
1 0.004051880620869302 0.0001
2 0.004051880620869303 0.0002
3 0.004051880620869305 0.0003
4 0.004051880620869302 0.0004
5 0.004051880620869305 0.0005
6 0.004051880620869293 0.0006000000000000001
7 0.004051880620869284 0.0007000000000000001
8 0.004051880620869253 0.0008000000000000001
9 0.00405188062086918 0.0009000000000000002
10 0.004051880620869055 0.001
11 0.004051880620868803 0.0011
12 0.004051880620868373 0.0012
13 0.004051880620867644 0.0013
14 0.004051880620866465 0.0014
15 0.004051880620864614 0.0015
16 0.004051880620861802 0.001600000000000001
17 0.004051880620857658 0.001700000000000001
18 0.004051880620851664 0.001800000000000001
19 0.004051880620843239 0.001900000000000001
20 0.004051880620831637 0.002
21 0.004051880620815962 0.0021
22 0.004051880620795197 0.0022
23 0.004051880620768122 0.0023
24 0.00405188062073334 0.0024
25 0.00405188062068926 0.0025
26 0.004051880620634067 0.002599999999999999
27 0.004051880620565734 0.002699999999999999
28 0.004051880620481932 0.002799999999999999
29 0.004051880620379716 0.002899999999999999
30 0.00405188062025617 0.002999999999999999
31 0.004051880620108236 0.003099999999999999
32 0.004051880619932566 0.003199999999999998
33 0.004051880619725404 0.003299999999999998
34 0.004051880619482648 0.003399999999999998
35 0.004051880619199796 0.003499999999999998
36 0.004051880618871885 0.003599999999999998
37 0.004051880618493452 0.003699999999999998
38 0.004051880618058461 0.003799999999999997
39 0.004051880617560292 0.003899999999999997
40 0.00405188061699174 0.003999999999999997
41 0.004051880616344919 0.004099999999999998
42 0.004051880615601344 0.004199999999999998
43 0.004051880614750493 0.004299999999999998
44 0.00405188061377791 0.004399999999999999
45 0.004051880612672856 0.004499999999999999
46 0.004051880611425084 0.004599999999999999
47 0.004051880610022877 0.004699999999999999
48 0.004051880608452648 0.0048
49 0.004051880606699131 0.0049
50 0.004051880604745657 0.005
51 0.004051880602702413 0.0051
52 0.004051880600484222 0.005200000000000001
53 0.004051880597939044 0.005300000000000001
54 0.004051880594921966 0.005400000000000001
55 0.004051880591301993 0.005500000000000001
56 0.004051880586947021 0.005600000000000002
57 0.004051880581709159 0.005700000000000002
58 0.004051880575413627 0.005800000000000002
59 0.004051880567854916 0.005900000000000002
60 0.004051880558796027 0.006000000000000003
61 0.004051880548012981 0.006100000000000003
62 0.004051880534846691 0.006200000000000003
63 0.004051880518976265 0.006300000000000004
64 0.004051880500142047 0.006400000000000004
65 0.004051880478058862 0.006500000000000004
66 0.004051880452405792 0.006600000000000004
67 0.004051880422832535 0.006700000000000005
68 0.00405188038896974 0.006800000000000005
69 0.004051880350437475 0.006900000000000005
70 0.004051880306850809 0.007000000000000005
71 0.004051880257819773 0.007100000000000006
72 0.004051880202952917 0.007200000000000006
73 0.004051880141858864 0.007300000000000006
74 0.004051880074147119 0.007400000000000006
75 0.004051879999428654 0.007500000000000007
76 0.004051879917317013 0.007600000000000007
77 0.004051879827429203 0.007700000000000007
78 0.004051879729384792 0.007800000000000007
79 0.004051879622807978 0.007900000000000008
80 0.004051879507326054 0.008000000000000007
81 0.004051879382570875 0.008100000000000007
82 0.004051879248179885 0.008200000000000006
83 0.004051879103794023 0.008300000000000005
84 0.004051878949058389 0.008400000000000005
85 0.004051878783623642 0.008500000000000004
86 0.004051878607145187 0.008600000000000003
87 0.004051878419282934 0.008700000000000003
88 0.004051878224192658 0.008800000000000002
89 0.004051878015648255 0.008900000000000002
90 0.004051877790361194 0.009000000000000001
91 0.004051877546088914 0.0091
92 0.004051877280956337 0.0092
93 0.004051876993204621 0.009299999999999999
94 0.004051876681092571 0.009399999999999999
95 0.004051876342853496 0.009499999999999998
96 0.004051875976673959 0.009599999999999997
97 0.00405187558068944 0.009699999999999997
98 0.004051875152985886 0.009799999999999996
99 0.004051874691590792 0.009899999999999996
100 0.00405187419447476 0.009999999999999995
101 0.004051873659557491 0.01009999999999999
102 0.004051873084705035 0.01019999999999999
103 0.004051872467734551 0.01029999999999999
104 0.004051871806419961 0.01039999999999999
105 0.004051871098497759 0.01049999999999999
106 0.004051870341672346 0.01059999999999999
107 0.00405186953363154 0.01069999999999999
108 0.004051868672049588 0.01079999999999999
109 0.004051867754596805 0.01089999999999999
110 0.004051866778949774 0.01099999999999999
111 0.004051865742735918 0.01109999999999999
112 0.004051864643878919 0.01119999999999999
113 0.004051863480840415 0.01129999999999999
114 0.00405186225231173 0.01139999999999999
115 0.00405186095709034 0.01149999999999999
116 0.00405185959404638 0.01159999999999999
117 0.004051858162114133 0.01169999999999998
118 0.00405185666025998 0.01179999999999998
119 0.004051855087601594 0.01189999999999998
120 0.004051853443901687 0.01199999999999998
121 0.004051851729217075 0.01209999999999998
122 0.004051849943769788 0.01219999999999998
123 0.004051848087887159 0.01229999999999998
124 0.00405184616197435 0.01239999999999998
125 0.004051844166504602 0.01249999999999998
126 0.004051842102003508 0.01259999999999998
127 0.004051839969050995 0.01269999999999998
128 0.004051837768270166 0.01279999999999998
129 0.004051835500326574 0.01289999999999998
130 0.004051833165921905 0.01299999999999998
131 0.004051830765791546 0.01309999999999998
132 0.004051828300708782 0.01319999999999998
133 0.004051825771474921 0.01329999999999998
134 0.004051823178898331 0.01339999999999997
135 0.004051820523813976 0.01349999999999997
136 0.004051817807092274 0.01359999999999997
137 0.004051815029601747 0.01369999999999997
138 0.004051812192219659 0.01379999999999997
139 0.004051809295842746 0.01389999999999997
140 0.004051806341369817 0.01399999999999997
141 0.004051803329698695 0.01409999999999997
142 0.004051800261743873 0.01419999999999997
143 0.004051797138405574 0.01429999999999997
144 0.004051793960614673 0.01439999999999997
145 0.004051790729262534 0.01449999999999997
146 0.004051787445239395 0.01459999999999997
147 0.004051784109435851 0.01469999999999997
148 0.004051780722747172 0.01479999999999997
149 0.00405177728606072 0.01489999999999997
150 0.004051773800253971 0.01499999999999996
151 0.004051770266195258 0.01509999999999996
152 0.00405176668475178 0.01519999999999996
153 0.004051763056767745 0.01529999999999996
154 0.004051759383075715 0.01539999999999996
155 0.004051755664495705 0.01549999999999996
156 0.004051751901839475 0.01559999999999996
157 0.00405174809587164 0.01569999999999996
158 0.004051744247382944 0.01579999999999996
159 0.004051740357098064 0.01589999999999996
160 0.004051736425790096 0.01599999999999996
161 0.004051732454210999 0.01609999999999996
162 0.004051728443065751 0.01619999999999996
163 0.004051724393064443 0.01629999999999996
164 0.00405172030489046 0.01639999999999996
165 0.004051716179220618 0.01649999999999996
166 0.00405171201670658 0.01659999999999996
167 0.004051707817986571 0.01669999999999995
168 0.004051703583665887 0.01679999999999995
169 0.004051699314357664 0.01689999999999995
170 0.00405169501064611 0.01699999999999995
171 0.004051690673098536 0.01709999999999995
172 0.004051686302274997 0.01719999999999995
173 0.004051681898711136 0.01729999999999995
174 0.004051677462917624 0.01739999999999995
175 0.004051672995394013 0.01749999999999995
176 0.004051668496625053 0.01759999999999995
177 0.004051663967084618 0.01769999999999995
178 0.004051659407221055 0.01779999999999995
179 0.004051654817467935 0.01789999999999995
180 0.004051650198242655 0.01799999999999995
181 0.004051645549937049 0.01809999999999995
182 0.004051640872931907 0.01819999999999995
183 0.004051636167608475 0.01829999999999994
184 0.004051631434297632 0.01839999999999994
185 0.004051626673363095 0.01849999999999994
186 0.004051621885110799 0.01859999999999994
187 0.004051617069825486 0.01869999999999994
188 0.004051612227822651 0.01879999999999994
189 0.004051607359372354 0.01889999999999994
190 0.004051602464740079 0.01899999999999994
191 0.004051597544149535 0.01909999999999994
192 0.004051592597829768 0.01919999999999994
193 0.004051587626025567 0.01929999999999994
194 0.004051582628929856 0.01939999999999994
195 0.004051577606744102 0.01949999999999994
196 0.004051572559648203 0.01959999999999994
197 0.004051567487766211 0.01969999999999994
198 0.004051562391289844 0.01979999999999994
199 0.004051557270336464 0.01989999999999994
200 0.004051552125028332 0.01999999999999993
201 0.004051546955471629 0.02009999999999993
202 0.004051541761753792 0.02019999999999993
203 0.00405153654394041 0.02029999999999993
204 0.004051531302113302 0.02039999999999993
205 0.004051526036321891 0.02049999999999993
206 0.004051520746997911 0.02059999999999993
207 0.004051515434330952 0.02069999999999993
208 0.00405151009843396 0.02079999999999993
209 0.004051504739350402 0.02089999999999993
210 0.004051499357121366 0.02099999999999993
211 0.004051493951748044 0.02109999999999993
212 0.004051488523637875 0.02119999999999993
213 0.004051483072954945 0.02129999999999993
214 0.004051477599814586 0.02139999999999993
215 0.004051472104221052 0.02149999999999993
216 0.00405146658610995 0.02159999999999992
217 0.004051461045412208 0.02169999999999992
218 0.004051455482067407 0.02179999999999992
219 0.004051449895994211 0.02189999999999992
220 0.004051444287106799 0.02199999999999992
221 0.004051438655291355 0.02209999999999992
222 0.004051433000408065 0.02219999999999992
223 0.004051427322327293 0.02229999999999992
224 0.004051421620887899 0.02239999999999992
225 0.004051415895964667 0.02249999999999992
226 0.004051410147393883 0.02259999999999992
227 0.004051404374998699 0.02269999999999992
228 0.004051398578604231 0.02279999999999992
229 0.004051392758020338 0.02289999999999992
230 0.004051386913039485 0.02299999999999992
231 0.004051381043501655 0.02309999999999992
232 0.004051375149182541 0.02319999999999992
233 0.004051369229837617 0.02329999999999991
234 0.004051363285229169 0.02339999999999991
235 0.004051357315112072 0.02349999999999991
236 0.004051351319232328 0.02359999999999991
237 0.004051345297334647 0.02369999999999991
238 0.004051339249130688 0.02379999999999991
239 0.004051333174345271 0.02389999999999991
240 0.004051327072686334 0.02399999999999991
241 0.004051320943866231 0.02409999999999991
242 0.004051314787570931 0.02419999999999991
243 0.00405130860348786 0.02429999999999991
244 0.004051302391264734 0.02439999999999991
245 0.004051296150527194 0.02449999999999991
246 0.004051289881012351 0.02459999999999991
247 0.004051283582368367 0.02469999999999991
248 0.004051277254241576 0.02479999999999991
249 0.004051270896257368 0.0248999999999999
250 0.004051264508059076 0.0249999999999999
251 0.004051258089267566 0.0250999999999999
252 0.004051251639471857 0.0251999999999999
253 0.00405124515831017 0.0252999999999999
254 0.004051238645377943 0.0253999999999999
255 0.004051232100289827 0.0254999999999999
256 0.004051225522640816 0.0255999999999999
257 0.004051218912044991 0.0256999999999999
258 0.004051212268077014 0.0257999999999999
259 0.004051205590326416 0.0258999999999999
260 0.004051198878393759 0.0259999999999999
261 0.004051192131889605 0.0260999999999999
262 0.004051185350403021 0.0261999999999999
263 0.004051178533510651 0.0262999999999999
264 0.004051171680817634 0.0263999999999999
265 0.004051164791927556 0.0264999999999999
266 0.004051157866434738 0.02659999999999989
267 0.004051150903952034 0.02669999999999989
268 0.004051143904073099 0.02679999999999989
269 0.004051136866426372 0.02689999999999989
270 0.004051129790626506 0.02699999999999989
271 0.004051122676293694 0.02709999999999989
272 0.004051115523057107 0.02719999999999989
273 0.004051108330524058 0.02729999999999989
274 0.004051101098360172 0.02739999999999989
275 0.004051093826218733 0.02749999999999989
276 0.004051086513763024 0.02759999999999989
277 0.004051079160672559 0.02769999999999989
278 0.004051071766645074 0.02779999999999989
279 0.00405106433139601 0.02789999999999989
280 0.004051056854630992 0.02799999999999989
281 0.00405104933612294 0.02809999999999989
282 0.004051041775631387 0.02819999999999988
283 0.004051034172909121 0.02829999999999988
284 0.004051026527744216 0.02839999999999988
285 0.004051018839934598 0.02849999999999988
286 0.004051011109288346 0.02859999999999988
287 0.004051003335617971 0.02869999999999988
288 0.00405099551876982 0.02879999999999988
289 0.004050987658556065 0.02889999999999988
290 0.004050979754848798 0.02899999999999988
291 0.004050971807521959 0.02909999999999988
292 0.004050963816467044 0.02919999999999988
293 0.004050955781627227 0.02929999999999988
294 0.00405094770293664 0.02939999999999988
295 0.004050939580375591 0.02949999999999988
296 0.004050931413943302 0.02959999999999988
297 0.004050923203649372 0.02969999999999988
298 0.004050914949520989 0.02979999999999988
299 0.004050906651586902 0.02989999999999987
300 0.004050898309952419 0.02999999999999987
301 0.004050889924714278 0.03009999999999987
302 0.004050881495936822 0.03019999999999987
303 0.00405087302372689 0.03029999999999987
304 0.004050864508231784 0.03039999999999987
305 0.00405085594965578 0.03049999999999987
306 0.004050847348230406 0.03059999999999987
307 0.004050838704187105 0.03069999999999987
308 0.004050830017780728 0.03079999999999987
309 0.004050821289229289 0.03089999999999987
310 0.004050812518811885 0.03099999999999987
311 0.00405080370684264 0.03109999999999987
312 0.004050794853663576 0.03119999999999987
313 0.004050785959592328 0.03129999999999987
314 0.004050777024994318 0.03139999999999987
315 0.004050768050328038 0.03149999999999988
316 0.004050759036045397 0.03159999999999988
317 0.00405074998265019 0.03169999999999988
318 0.004050740890583287 0.03179999999999988
319 0.004050731760352311 0.03189999999999989
320 0.004050722592450002 0.03199999999999989
321 0.004050713387408886 0.03209999999999989
322 0.004050704145783398 0.0321999999999999
323 0.004050694868171622 0.0322999999999999
324 0.004050685555199753 0.0323999999999999
325 0.004050676207481022 0.0324999999999999
326 0.004050666825707522 0.03259999999999991
327 0.004050657410520546 0.03269999999999991
328 0.004050647962582792 0.03279999999999991
329 0.00405063848255242 0.03289999999999992
330 0.004050628971134153 0.03299999999999992
331 0.004050619429065087 0.03309999999999992
332 0.004050609857074228 0.03319999999999992
333 0.004050600255914846 0.03329999999999993
334 0.00405059062629619 0.03339999999999993
335 0.004050580968896199 0.03349999999999993
336 0.004050571284448313 0.03359999999999994
337 0.00405056157376857 0.03369999999999994
338 0.004050551837636371 0.03379999999999994
339 0.004050542076870707 0.03389999999999994
340 0.004050532292389833 0.03399999999999995
341 0.004050522485005298 0.03409999999999995
342 0.004050512655412583 0.03419999999999995
343 0.004050502804270479 0.03429999999999996
344 0.004050492932230684 0.03439999999999996
345 0.004050483040128824 0.03449999999999996
346 0.004050473128726025 0.03459999999999996
347 0.004050463198776766 0.03469999999999997
348 0.004050453251066373 0.03479999999999997
349 0.004050443286316126 0.03489999999999997
350 0.00405043330454072 0.03499999999999998
351 0.004050423306025858 0.03509999999999998
352 0.004050413292329875 0.03519999999999998
353 0.004050403264495641 0.03529999999999998
354 0.004050393223460389 0.03539999999999999
355 0.004050383169774506 0.03549999999999999
356 0.004050373104487193 0.03559999999999999
357 0.004050363028450521 0.0357
358 0.004050352942338952 0.0358
359 0.004050342846892705 0.0359
360 0.004050332742777009 0.036
361 0.004050322630663944 0.03610000000000001
362 0.004050312511205401 0.03620000000000001
363 0.004050302385039225 0.03630000000000001
364 0.004050292252768845 0.03640000000000002
365 0.004050282115010501 0.03650000000000002
366 0.00405027197229247 0.03660000000000002
367 0.004050261825485903 0.03670000000000002
368 0.004050251675376061 0.03680000000000003
369 0.004050241522607937 0.03690000000000003
370 0.004050231368232954 0.03700000000000003
371 0.00405022121203853 0.03710000000000004
372 0.004050211053619811 0.03720000000000004
373 0.004050200894448256 0.03730000000000004
374 0.004050190734833013 0.03740000000000004
375 0.004050180574593065 0.03750000000000005
376 0.004050170413745689 0.03760000000000005
377 0.004050160253058301 0.03770000000000005
378 0.004050150092547755 0.03780000000000006
379 0.004050139932847205 0.03790000000000006
380 0.004050129775968112 0.03800000000000006
381 0.004050119621764613 0.03810000000000006
382 0.004050109469723402 0.03820000000000007
383 0.004050099320128123 0.03830000000000007
384 0.004050089173945113 0.03840000000000007
385 0.004050079031119617 0.03850000000000008
386 0.004050068892086839 0.03860000000000008
387 0.004050058757347996 0.03870000000000008
388 0.004050048628773817 0.03880000000000008
389 0.004050038505770516 0.03890000000000009
390 0.004050028388223754 0.03900000000000009
391 0.004050018276313481 0.03910000000000009
392 0.00405000817027128 0.0392000000000001
393 0.0040499980704934 0.0393000000000001
394 0.004049987977506811 0.0394000000000001
395 0.004049977891814392 0.0395000000000001
396 0.004049967813811338 0.03960000000000011
397 0.004049957743797275 0.03970000000000011
398 0.004049947682030125 0.03980000000000011
399 0.004049937628826248 0.03990000000000012
400 0.004049927584723579 0.04000000000000012
401 0.004049917550083666 0.04010000000000012
402 0.004049907524530503 0.04020000000000012
403 0.004049897508201357 0.04030000000000013
404 0.004049887500940101 0.04040000000000013
405 0.004049877504982671 0.04050000000000013
406 0.00404986752702375 0.04060000000000014
407 0.004049857570097265 0.04070000000000014
408 0.004049847628151623 0.04080000000000014
409 0.004049837697875388 0.04090000000000014
410 0.00404982777827855 0.04100000000000015
411 0.004049817857116292 0.04110000000000015
412 0.004049807934447319 0.04120000000000015
413 0.004049798010088976 0.04130000000000016
414 0.004049788161653065 0.04140000000000016
415 0.00404977843330393 0.04150000000000016
416 0.004049768842023743 0.04160000000000016
417 0.004049759385618878 0.04170000000000017
418 0.004049750046147968 0.04180000000000017
419 0.004049740825100112 0.04190000000000017
420 0.004049731711596081 0.04200000000000018
421 0.004049722804181118 0.04210000000000018
422 0.004049714153617259 0.04220000000000018
423 0.004049705771308179 0.04230000000000018
424 0.004049697648119004 0.04240000000000019
425 0.004049689765368189 0.04250000000000019
426 0.004049682102409352 0.04260000000000019
427 0.004049674638304063 0.0427000000000002
428 0.004049667351337843 0.0428000000000002
429 0.004049660217926103 0.0429000000000002
430 0.004049653226131233 0.0430000000000002
431 0.004049646355139431 0.04310000000000021
432 0.004049639592998125 0.04320000000000021
433 0.004049632929318373 0.04330000000000021
434 0.004049626363485978 0.04340000000000022
435 0.004049619884508189 0.04350000000000022
436 0.004049613486015917 0.04360000000000022
437 0.004049607154913295 0.04370000000000022
438 0.004049600878350467 0.04380000000000023
439 0.004049594655817006 0.04390000000000023
440 0.00404958848662317 0.04400000000000023
441 0.004049582370070214 0.04410000000000024
442 0.004049576306824171 0.04420000000000024
443 0.004049570296209335 0.04430000000000024
444 0.004049564336797011 0.04440000000000024
445 0.004049558419749084 0.04450000000000025
446 0.0040495525461475 0.04460000000000025
447 0.004049546715948676 0.04470000000000025
448 0.004049540928924822 0.04480000000000026
449 0.004049535189036276 0.04490000000000026
450 0.004049529497358663 0.04500000000000026
451 0.00404952385110132 0.04510000000000026
452 0.004049518252281488 0.04520000000000027
453 0.004049512701068009 0.04530000000000027
454 0.004049507198217536 0.04540000000000027
455 0.004049501743937254 0.04550000000000028
456 0.004049496330892265 0.04560000000000028
457 0.004049490962675298 0.04570000000000028
458 0.004049485641590068 0.04580000000000028
459 0.004049480372498021 0.04590000000000029
460 0.004049475157957535 0.04600000000000029
461 0.004049469999971857 0.04610000000000029
462 0.0040494648981198 0.0462000000000003
463 0.004049459854555251 0.0463000000000003
464 0.004049454867599173 0.0464000000000003
465 0.004049449940522534 0.0465000000000003
466 0.004049445075130028 0.04660000000000031
467 0.004049440273888982 0.04670000000000031
468 0.004049435538364904 0.04680000000000031
469 0.004049430870004061 0.04690000000000032
470 0.004049426272370571 0.04700000000000032
471 0.004049421741578181 0.04710000000000032
472 0.004049417282652886 0.04720000000000033
473 0.00404941289819432 0.04730000000000033
474 0.004049408589851388 0.04740000000000033
475 0.004049404358763471 0.04750000000000033
476 0.00404940020365514 0.04760000000000034
477 0.004049396126891276 0.04770000000000034
478 0.00404939212525254 0.04780000000000034
479 0.004049388199135031 0.04790000000000035
480 0.00404938435717663 0.04800000000000035
481 0.004049380606127892 0.04810000000000035
482 0.004049376939319261 0.04820000000000035
483 0.004049373356616461 0.04830000000000036
484 0.004049369870634085 0.04840000000000036
485 0.004049366480832432 0.04850000000000036
486 0.004049363179000912 0.04860000000000037
487 0.004049359980134885 0.04870000000000037
488 0.004049356878179248 0.04880000000000037
489 0.004049353881034487 0.04890000000000037
490 0.004049350989190991 0.04900000000000038
491 0.00404934819982794 0.04910000000000038
492 0.004049345510154775 0.04920000000000038
493 0.004049342918264321 0.04930000000000039
494 0.004049340413869035 0.04940000000000039
495 0.004049338001722117 0.04950000000000039
496 0.004049335684158297 0.04960000000000039
497 0.004049333461365274 0.0497000000000004
498 0.004049331334304693 0.0498000000000004
499 0.004049329304151231 0.0499000000000004
500 0.004049327372018047 0.05000000000000041
501 0.004049325541030265 0.05010000000000041
502 0.004049323810087787 0.05020000000000041
503 0.004049322176642112 0.05030000000000041
504 0.004049320645567876 0.05040000000000042
505 0.00404931922431166 0.05050000000000042
506 0.00404931791734294 0.05060000000000042
507 0.004049316722603349 0.05070000000000043
508 0.004049315637315175 0.05080000000000043
509 0.004049314650953624 0.05090000000000043
510 0.004049313758565874 0.05100000000000043
511 0.004049312947828978 0.05110000000000044
512 0.004049312210603566 0.05120000000000044
513 0.004049311525027003 0.05130000000000044
514 0.004049310830837085 0.05140000000000045
515 0.004049310057740714 0.05150000000000045
516 0.004049309160151186 0.05160000000000045
517 0.004049308129711669 0.05170000000000045
518 0.004049306988839266 0.05180000000000046
519 0.00404930576458978 0.05190000000000046
520 0.004049304484304659 0.05200000000000046
521 0.004049303166618817 0.05210000000000047
522 0.004049301822933396 0.05220000000000047
523 0.004049300457953021 0.05230000000000047
524 0.004049299069500599 0.05240000000000047
525 0.004049297663173934 0.05250000000000048
526 0.004049296246458005 0.05260000000000048
527 0.004049294828682968 0.05270000000000048
528 0.00404929341252539 0.05280000000000049
529 0.004049291997348761 0.05290000000000049
530 0.004049290578710612 0.05300000000000049
531 0.004049289159139495 0.05310000000000049
532 0.004049287740607949 0.0532000000000005
533 0.004049286323505907 0.0533000000000005
534 0.004049284904323061 0.0534000000000005
535 0.004049283479952995 0.05350000000000051
536 0.004049282056445096 0.05360000000000051
537 0.00404928063124188 0.05370000000000051
538 0.004049279205072347 0.05380000000000051
539 0.004049277783806792 0.05390000000000052
540 0.004049276368512437 0.05400000000000052
541 0.004049274956013348 0.05410000000000052
542 0.004049273543511141 0.05420000000000053
543 0.004049272131138949 0.05430000000000053
544 0.004049270720136083 0.05440000000000053
545 0.004049269311767836 0.05450000000000053
546 0.004049267917476789 0.05460000000000054
547 0.004049266531224843 0.05470000000000054
548 0.004049265140027283 0.05480000000000054
549 0.004049263756234772 0.05490000000000055
550 0.004049262368856344 0.05500000000000055
551 0.004049260974348745 0.05510000000000055
552 0.004049259579899192 0.05520000000000055
553 0.004049258188445847 0.05530000000000056
554 0.004049256800610135 0.05540000000000056
555 0.004049255413917902 0.05550000000000056
556 0.004049254025377664 0.05560000000000057
557 0.004049252636469658 0.05570000000000057
558 0.00404925124911568 0.05580000000000057
559 0.004049249859476972 0.05590000000000057
560 0.004049248469280793 0.05600000000000058
561 0.004049247079456848 0.05610000000000058
562 0.004049245688928112 0.05620000000000058
563 0.004049244297724181 0.05630000000000059
564 0.004049242906072508 0.05640000000000059
565 0.004049241514231952 0.05650000000000059
566 0.004049240122281599 0.05660000000000059
567 0.004049238732796469 0.0567000000000006
568 0.004049237345290717 0.0568000000000006
569 0.004049235956234925 0.0569000000000006
570 0.004049234565456796 0.05700000000000061
571 0.004049233174986268 0.05710000000000061
572 0.004049231786576844 0.05720000000000061
573 0.004049230400304154 0.05730000000000061
574 0.004049229015388454 0.05740000000000062
575 0.004049227629375981 0.05750000000000062
576 0.004049226241680534 0.05760000000000062
577 0.004049224853168793 0.05770000000000063
578 0.004049223463967553 0.05780000000000063
579 0.00404922207489798 0.05790000000000063
580 0.004049220684681356 0.05800000000000063
581 0.004049219295004462 0.05810000000000064
582 0.004049217902763183 0.05820000000000064
583 0.004049216508505567 0.05830000000000064
584 0.004049215112649144 0.05840000000000065
585 0.004049213715944504 0.05850000000000065
586 0.004049212318341331 0.05860000000000065
587 0.004049210924835445 0.05870000000000065
588 0.004049209534204054 0.05880000000000066
589 0.004049208140109017 0.05890000000000066
590 0.004049206742812613 0.05900000000000066
591 0.004049205347885451 0.05910000000000067
592 0.004049203951312598 0.05920000000000067
593 0.004049202554050401 0.05930000000000067
594 0.004049201160559525 0.05940000000000067
595 0.004049199769495393 0.05950000000000068
596 0.004049198380336716 0.05960000000000068
597 0.004049196992074357 0.05970000000000068
598 0.004049195603848612 0.05980000000000069
599 0.0040491942157677 0.05990000000000069
600 0.004049192827922749 0.06000000000000069
601 0.004049191440909339 0.06010000000000069
602 0.004049190055052175 0.0602000000000007
603 0.004049188669485326 0.0603000000000007
604 0.004049187284577933 0.0604000000000007
605 0.004049185897707636 0.06050000000000071
606 0.004049184511186047 0.06060000000000071
607 0.004049183125557125 0.06070000000000071
608 0.00404918174067015 0.06080000000000071
609 0.004049180353220552 0.06090000000000072
610 0.004049178965635189 0.06100000000000072
611 0.004049177575592241 0.06110000000000072
612 0.004049176183791111 0.06120000000000073
613 0.004049174793215343 0.06130000000000073
614 0.004049173404169854 0.06140000000000073
615 0.004049172016849568 0.06150000000000073
616 0.00404917063032759 0.06160000000000074
617 0.004049169242716789 0.06170000000000074
618 0.004049167853794596 0.06180000000000074
619 0.004049166467341886 0.06190000000000075
620 0.004049165078458022 0.06200000000000075
621 0.004049163686690224 0.06210000000000075
622 0.004049162292794116 0.06220000000000075
623 0.004049160901220292 0.06230000000000076
624 0.004049159512465064 0.06240000000000076
625 0.004049158125487654 0.06250000000000076
626 0.004049156739426007 0.06260000000000077
627 0.004049155353528604 0.06270000000000077
628 0.004049153966839501 0.06280000000000077
629 0.004049152579992981 0.06290000000000077
630 0.004049151192827458 0.06300000000000078
631 0.004049149805920905 0.06310000000000078
632 0.004049148419359213 0.06320000000000078
633 0.004049147032501922 0.06330000000000079
634 0.004049145645001794 0.06340000000000079
635 0.004049144257471861 0.06350000000000079
636 0.004049142869004338 0.06360000000000079
637 0.004049141480119738 0.0637000000000008
638 0.004049140093015224 0.0638000000000008
639 0.004049138706181117 0.0639000000000008
640 0.004049137320385317 0.06400000000000081
641 0.004049135933842901 0.06410000000000081
642 0.00404913454835879 0.06420000000000081
643 0.004049133161871204 0.06430000000000081
644 0.004049131774547252 0.06440000000000082
645 0.004049130386673405 0.06450000000000082
646 0.00404912899556997 0.06460000000000082
647 0.004049127604687335 0.06470000000000083
648 0.004049126212244798 0.06480000000000083
649 0.004049124821225394 0.06490000000000083
650 0.004049123430229991 0.06500000000000083
651 0.004049122040026425 0.06510000000000084
652 0.004049120649764192 0.06520000000000084
653 0.004049119260069553 0.06530000000000084
654 0.00404911787096262 0.06540000000000085
655 0.004049116481570201 0.06550000000000085
656 0.004049115094305384 0.06560000000000085
657 0.004049113707894154 0.06570000000000085
658 0.004049112319968638 0.06580000000000086
659 0.00404911093072511 0.06590000000000086
660 0.004049109540471425 0.06600000000000086
661 0.004049108151066631 0.06610000000000087
662 0.004049106765472059 0.06620000000000087
663 0.004049105379780992 0.06630000000000087
664 0.004049103993924994 0.06640000000000087
665 0.004049102607695178 0.06650000000000088
666 0.004049101221153161 0.06660000000000088
667 0.004049099834352385 0.06670000000000088
668 0.004049098447995569 0.06680000000000089
669 0.004049097061236208 0.06690000000000089
670 0.004049095674212266 0.06700000000000089
671 0.004049094287991932 0.0671000000000009
672 0.004049092901574583 0.0672000000000009
673 0.004049091514702577 0.0673000000000009
674 0.004049090129052998 0.0674000000000009
675 0.004049088743135735 0.06750000000000091
676 0.004049087357583429 0.06760000000000091
677 0.004049085973214094 0.06770000000000091
678 0.0040490845855449 0.06780000000000092
679 0.004049083194186048 0.06790000000000092
680 0.004049081804863748 0.06800000000000092
681 0.004049080414273902 0.06810000000000092
682 0.004049079021334674 0.06820000000000093
683 0.004049077627512876 0.06830000000000093
684 0.004049076232878297 0.06840000000000093
685 0.004049074843101156 0.06850000000000094
686 0.00404907345234376 0.06860000000000094
687 0.004049072059894758 0.06870000000000094
688 0.004049070667198434 0.06880000000000094
689 0.004049069274167478 0.06890000000000095
690 0.004049067880689223 0.06900000000000095
691 0.004049066486862643 0.06910000000000095
692 0.004049065092914064 0.06920000000000096
693 0.00404906369906535 0.06930000000000096
694 0.004049062305500244 0.06940000000000096
695 0.004049060911853876 0.06950000000000096
696 0.004049059518943387 0.06960000000000097
697 0.004049058126888943 0.06970000000000097
698 0.004049056735607287 0.06980000000000097
699 0.004049055344768061 0.06990000000000098
700 0.004049053954139174 0.07000000000000098
701 0.004049052561985754 0.07010000000000098
702 0.004049051168515864 0.07020000000000098
703 0.004049049774307666 0.07030000000000099
704 0.004049048380666321 0.07040000000000099
705 0.004049046988172727 0.07050000000000099
706 0.004049045600155138 0.070600000000001
707 0.00404904421179576 0.070700000000001
708 0.004049042821719948 0.070800000000001
709 0.004049041429006133 0.070900000000001
710 0.004049040035558282 0.07100000000000101
711 0.004049038646034953 0.07110000000000101
712 0.004049037260143743 0.07120000000000101
713 0.004049035872632101 0.07130000000000102
714 0.004049034482907895 0.07140000000000102
715 0.0040490330916473 0.07150000000000102
716 0.004049031699529944 0.07160000000000102
717 0.004049030307174054 0.07170000000000103
718 0.004049028919418206 0.07180000000000103
719 0.00404902753561185 0.07190000000000103
720 0.004049026152025412 0.07200000000000104
721 0.004049024763923853 0.07210000000000104
722 0.004049023371219983 0.07220000000000104
723 0.004049021981835071 0.07230000000000104
724 0.004049020589750874 0.07240000000000105
725 0.004049019197480882 0.07250000000000105
726 0.004049017809609303 0.07260000000000105
727 0.004049016424121177 0.07270000000000106
728 0.004049015041438071 0.07280000000000106
729 0.004049013658372828 0.07290000000000106
730 0.004049012275836057 0.07300000000000106
731 0.004049010894021452 0.07310000000000107
732 0.004049009511677107 0.07320000000000107
733 0.004049008123803072 0.07330000000000107
734 0.004049006731805768 0.07340000000000108
735 0.004049005341926951 0.07350000000000108
736 0.004049003954797886 0.07360000000000108
737 0.004049002568640545 0.07370000000000108
738 0.0040490011853605 0.07380000000000109
739 0.004048999802946291 0.07390000000000109
740 0.004048998420845183 0.07400000000000109
741 0.004048997039296837 0.0741000000000011
742 0.004048995657899191 0.0742000000000011
743 0.004048994275859888 0.0743000000000011
744 0.004048992892186705 0.0744000000000011
745 0.004048991505720414 0.07450000000000111
746 0.004048990120056669 0.07460000000000111
747 0.004048988735815821 0.07470000000000111
748 0.004048987352778132 0.07480000000000112
749 0.00404898597086006 0.07490000000000112
750 0.004048984587603381 0.07500000000000112
751 0.004048983203719672 0.07510000000000112
752 0.004048981820031442 0.07520000000000113
753 0.004048980435821227 0.07530000000000113
754 0.004048979050844141 0.07540000000000113
755 0.004048977666063374 0.07550000000000114
756 0.004048976281244046 0.07560000000000114
757 0.004048974894218987 0.07570000000000114
758 0.004048973506968929 0.07580000000000114
759 0.004048972118375878 0.07590000000000115
760 0.00404897073020921 0.07600000000000115
761 0.004048969344437821 0.07610000000000115
762 0.004048967960704348 0.07620000000000116
763 0.004048966576095109 0.07630000000000116
764 0.004048965189316891 0.07640000000000116
765 0.00404896380107644 0.07650000000000116
766 0.004048962413788987 0.07660000000000117
767 0.004048961027648786 0.07670000000000117
768 0.004048959642361483 0.07680000000000117
769 0.004048958257498042 0.07690000000000118
770 0.004048956872921153 0.07700000000000118
771 0.004048955490033564 0.07710000000000118
772 0.004048954108384757 0.07720000000000118
773 0.004048952727092972 0.07730000000000119
774 0.004048951344526324 0.07740000000000119
775 0.004048949960985742 0.07750000000000119
776 0.004048948576997105 0.0776000000000012
777 0.004048947192870665 0.0777000000000012
778 0.004048945808477654 0.0778000000000012
779 0.004048944423861955 0.0779000000000012
780 0.004048943039107674 0.07800000000000121
781 0.004048941653194249 0.07810000000000121
782 0.004048940266203034 0.07820000000000121
783 0.00404893887861507 0.07830000000000122
784 0.004048937490768583 0.07840000000000122
785 0.004048936102917287 0.07850000000000122
786 0.004048934715033457 0.07860000000000122
787 0.004048933328515269 0.07870000000000123
788 0.004048931943093519 0.07880000000000123
789 0.004048930557599608 0.07890000000000123
790 0.004048929172106332 0.07900000000000124
791 0.004048927787270722 0.07910000000000124
792 0.004048926402304396 0.07920000000000124
793 0.00404892501833837 0.07930000000000124
794 0.004048923635089471 0.07940000000000125
795 0.004048922252126028 0.07950000000000125
796 0.004048920867292453 0.07960000000000125
797 0.004048919481374471 0.07970000000000126
798 0.004048918094934744 0.07980000000000126
799 0.004048916708422485 0.07990000000000126
800 0.004048915321863434 0.08000000000000126
801 0.004048913937861238 0.08010000000000127
802 0.0040489125551863 0.08020000000000127
803 0.004048911173091906 0.08030000000000127
804 0.004048909790699264 0.08040000000000128
805 0.00404890840524449 0.08050000000000128
806 0.004048907020697348 0.08060000000000128
807 0.004048905637585231 0.08070000000000128
808 0.004048904254605733 0.08080000000000129
809 0.004048902870767817 0.08090000000000129
810 0.004048901485843887 0.08100000000000129
811 0.004048900100115996 0.0811000000000013
812 0.004048898713910187 0.0812000000000013
813 0.004048897327507218 0.0813000000000013
814 0.004048895941124721 0.0814000000000013
815 0.00404889455506047 0.08150000000000131
816 0.004048893169289579 0.08160000000000131
817 0.004048891783683881 0.08170000000000131
818 0.004048890398359773 0.08180000000000132
819 0.004048889012919214 0.08190000000000132
820 0.004048887627382529 0.08200000000000132
821 0.004048886241838821 0.08210000000000132
822 0.004048884856319566 0.08220000000000133
823 0.004048883470883705 0.08230000000000133
824 0.004048882085531823 0.08240000000000133
825 0.004048880700177842 0.08250000000000134
826 0.004048879315238806 0.08260000000000134
827 0.004048877930729408 0.08270000000000134
828 0.004048876545006734 0.08280000000000134
829 0.004048875158698444 0.08290000000000135
830 0.004048873771952833 0.08300000000000135
831 0.004048872385023921 0.08310000000000135
832 0.004048870999383919 0.08320000000000136
833 0.004048869615044917 0.08330000000000136
834 0.004048868230937218 0.08340000000000136
835 0.004048866846949064 0.08350000000000136
836 0.004048865463531911 0.08360000000000137
837 0.004048864080209201 0.08370000000000137
838 0.004048862697096374 0.08380000000000137
839 0.004048861313589227 0.08390000000000138
840 0.004048859929707842 0.08400000000000138
841 0.004048858545046021 0.08410000000000138
842 0.004048857159510785 0.08420000000000138
843 0.004048855773285836 0.08430000000000139
844 0.004048854386952855 0.08440000000000139
845 0.004048853000808079 0.08450000000000139
846 0.004048851615758028 0.0846000000000014
847 0.004048850231605245 0.0847000000000014
848 0.004048848848017036 0.0848000000000014
849 0.004048847464700913 0.0849000000000014
850 0.004048846081471987 0.08500000000000141
851 0.004048844698271079 0.08510000000000141
852 0.004048843314976766 0.08520000000000141
853 0.004048841931664373 0.08530000000000142
854 0.004048840548406145 0.08540000000000142
855 0.004048839164070788 0.08550000000000142
856 0.004048837778850791 0.08560000000000142
857 0.004048836394424966 0.08570000000000143
858 0.004048835009876247 0.08580000000000143
859 0.004048833622724847 0.08590000000000143
860 0.004048832236685024 0.08600000000000144
861 0.004048830852630711 0.08610000000000144
862 0.004048829469381555 0.08620000000000144
863 0.004048828086489505 0.08630000000000144
864 0.004048826704394232 0.08640000000000145
865 0.004048825321960581 0.08650000000000145
866 0.004048823938943628 0.08660000000000145
867 0.004048822555096183 0.08670000000000146
868 0.004048821170587862 0.08680000000000146
869 0.004048819786857438 0.08690000000000146
870 0.004048818403992394 0.08700000000000147
871 0.004048817021032038 0.08710000000000147
872 0.004048815637928232 0.08720000000000147
873 0.004048814254743272 0.08730000000000147
874 0.004048812872699434 0.08740000000000148
875 0.004048811491343139 0.08750000000000148
876 0.004048810110033638 0.08760000000000148
877 0.004048808728595338 0.08770000000000149
878 0.004048807347124263 0.08780000000000149
879 0.004048805965815409 0.08790000000000149
880 0.004048804584546267 0.08800000000000149
881 0.004048803203335409 0.0881000000000015
882 0.004048801821980244 0.0882000000000015
883 0.004048800436990426 0.0883000000000015
884 0.00404879905134534 0.08840000000000151
885 0.004048797662974461 0.08850000000000151
886 0.004048796277997231 0.08860000000000151
887 0.004048794891824201 0.08870000000000151
888 0.004048793503667996 0.08880000000000152
889 0.004048792115003167 0.08890000000000152
890 0.00404879072447602 0.08900000000000152
891 0.004048789332630568 0.08910000000000153
892 0.004048787944507911 0.08920000000000153
893 0.004048786560324528 0.08930000000000153
894 0.004048785176385454 0.08940000000000153
895 0.004048783788982915 0.08950000000000154
896 0.004048782398995487 0.08960000000000154
897 0.004048781009641162 0.08970000000000154
898 0.004048779621524432 0.08980000000000155
899 0.004048778232105367 0.08990000000000155
900 0.004048776842637406 0.09000000000000155
901 0.004048775453303452 0.09010000000000155
902 0.004048774063850017 0.09020000000000156
903 0.004048772673122784 0.09030000000000156
904 0.004048771286322287 0.09040000000000156
905 0.004048769898393315 0.09050000000000157
906 0.004048768508535835 0.09060000000000157
907 0.004048767117713323 0.09070000000000157
908 0.004048765726118522 0.09080000000000157
909 0.004048764334285021 0.09090000000000158
910 0.004048762943590327 0.09100000000000158
911 0.004048761553998295 0.09110000000000158
912 0.004048760165041123 0.09120000000000159
913 0.004048758777687234 0.09130000000000159
914 0.004048757388940971 0.09140000000000159
915 0.00404875599879356 0.09150000000000159
916 0.004048754608149336 0.0916000000000016
917 0.004048753217088209 0.0917000000000016
918 0.00404875182967197 0.0918000000000016
919 0.004048750441476068 0.09190000000000161
920 0.004048749052511983 0.09200000000000161
921 0.004048747663086787 0.09210000000000161
922 0.004048746275231714 0.09220000000000161
923 0.004048744887456774 0.09230000000000162
924 0.004048743500750992 0.09240000000000162
925 0.004048742114201102 0.09250000000000162
926 0.004048740728204501 0.09260000000000163
927 0.004048739341644765 0.09270000000000163
928 0.004048737961651567 0.09280000000000163
929 0.00404873658125797 0.09290000000000163
930 0.004048735199847799 0.09300000000000164
931 0.004048733816924385 0.09310000000000164
932 0.004048732432713318 0.09320000000000164
933 0.004048731050079532 0.09330000000000165
934 0.004048729669055056 0.09340000000000165
935 0.004048728289182672 0.09350000000000165
936 0.004048726910034751 0.09360000000000165
937 0.004048725530582213 0.09370000000000166
938 0.004048724150683899 0.09380000000000166
939 0.004048722770534093 0.09390000000000166
940 0.004048721391416663 0.09400000000000167
941 0.004048720011562638 0.09410000000000167
942 0.0040487186269724 0.09420000000000167
943 0.004048717238409307 0.09430000000000167
944 0.004048715849203998 0.09440000000000168
945 0.00404871446157759 0.09450000000000168
946 0.004048713074095964 0.09460000000000168
947 0.004048711688357069 0.09470000000000169
948 0.004048710300461523 0.09480000000000169
949 0.004048708909973392 0.09490000000000169
950 0.004048707519352653 0.09500000000000169
951 0.004048706134368363 0.0951000000000017
952 0.004048704754524726 0.0952000000000017
953 0.004048703372839767 0.0953000000000017
954 0.004048701988556951 0.09540000000000171
955 0.004048700602428457 0.09550000000000171
956 0.004048699220631904 0.09560000000000171
957 0.004048697842925763 0.09570000000000171
958 0.004048696467029805 0.09580000000000172
959 0.004048695085653518 0.09590000000000172
960 0.004048693704391529 0.09600000000000172
961 0.004048692325649353 0.09610000000000173
962 0.004048690949554334 0.09620000000000173
963 0.00404868956819603 0.09630000000000173
964 0.004048688186689322 0.09640000000000173
965 0.004048686807221672 0.09650000000000174
966 0.004048685428258002 0.09660000000000174
967 0.004048684050466494 0.09670000000000174
968 0.00404868267370029 0.09680000000000175
969 0.004048681299007546 0.09690000000000175
970 0.004048679925801982 0.09700000000000175
971 0.004048678546270652 0.09710000000000175
972 0.004048677162741784 0.09720000000000176
973 0.004048675782642426 0.09730000000000176
974 0.00404867440638347 0.09740000000000176
975 0.004048673032815687 0.09750000000000177
976 0.004048671660598252 0.09760000000000177
977 0.004048670287931178 0.09770000000000177
978 0.00404866891139394 0.09780000000000177
979 0.004048667527477497 0.09790000000000178
980 0.004048666141084875 0.09800000000000178
981 0.004048664756464881 0.09810000000000178
982 0.004048663372456036 0.09820000000000179
983 0.004048661987253921 0.09830000000000179
984 0.004048660603297515 0.09840000000000179
985 0.00404865922048866 0.09850000000000179
986 0.004048657838206322 0.0986000000000018
987 0.004048656456813755 0.0987000000000018
988 0.004048655074477491 0.0988000000000018
989 0.004048653691546179 0.09890000000000181
990 0.004048652306253304 0.09900000000000181
991 0.004048650918689891 0.09910000000000181
992 0.004048649531831811 0.09920000000000181
993 0.004048648145235458 0.09930000000000182
994 0.004048646758690164 0.09940000000000182
995 0.00404864537510945 0.09950000000000182
996 0.004048643993708115 0.09960000000000183
997 0.004048642613453795 0.09970000000000183
998 0.004048641233746677 0.09980000000000183
999 0.00404863985311613 0.09990000000000183
1000 0.004048638470960349 0.1000000000000018
1001 0.004048637088212034 0.1001000000000018
1002 0.004048635705991209 0.1002000000000018
1003 0.004048634322663108 0.1003000000000018
1004 0.004048632938073094 0.1004000000000018
1005 0.00404863155207591 0.1005000000000019
1006 0.004048630168605109 0.1006000000000019
1007 0.004048628783881362 0.1007000000000019
1008 0.004048627399790324 0.1008000000000019
1009 0.004048626015834453 0.1009000000000019
1010 0.004048624630531357 0.1010000000000019
1011 0.004048623243924694 0.1011000000000019
1012 0.004048621857176174 0.1012000000000019
1013 0.004048620470137859 0.1013000000000019
1014 0.004048619083472576 0.1014000000000019
1015 0.004048617701044437 0.1015000000000019
1016 0.004048616322424159 0.1016000000000019
1017 0.004048614941161393 0.1017000000000019
1018 0.004048613555622206 0.1018000000000019
1019 0.004048612166752177 0.1019000000000019
1020 0.004048610775999474 0.1020000000000019
1021 0.00404860939196381 0.1021000000000019
1022 0.004048608013938063 0.1022000000000019
1023 0.004048606639539584 0.1023000000000019
1024 0.004048605266924487 0.1024000000000019
1025 0.004048603887537558 0.1025000000000019
1026 0.004048602502645009 0.1026000000000019
1027 0.00404860112206766 0.1027000000000019
1028 0.004048599739292341 0.1028000000000019
1029 0.004048598360602654 0.1029000000000019
1030 0.004048596985635559 0.1030000000000019
1031 0.004048595612002177 0.1031000000000019
1032 0.004048594238594615 0.1032000000000019
1033 0.004048592865001118 0.1033000000000019
1034 0.004048591491250774 0.1034000000000019
1035 0.00404859011765727 0.1035000000000019
1036 0.004048588743125378 0.1036000000000019
1037 0.004048587368411296 0.1037000000000019
1038 0.004048585993520423 0.1038000000000019
1039 0.004048584616856398 0.1039000000000019
1040 0.004048583237481714 0.104000000000002
1041 0.004048581856880997 0.104100000000002
1042 0.004048580475149994 0.104200000000002
1043 0.004048579092839068 0.104300000000002
1044 0.004048577711514436 0.104400000000002
1045 0.004048576331205826 0.104500000000002
1046 0.004048574950134953 0.104600000000002
1047 0.004048573570564318 0.104700000000002
1048 0.004048572187629572 0.104800000000002
1049 0.004048570804071601 0.104900000000002
1050 0.004048569417264867 0.105000000000002
1051 0.004048568029589583 0.105100000000002
1052 0.004048566643119687 0.105200000000002
1053 0.004048565257313114 0.105300000000002
1054 0.004048563870916176 0.105400000000002
1055 0.004048562486132127 0.105500000000002
1056 0.004048561100924257 0.105600000000002
1057 0.004048559715994163 0.105700000000002
1058 0.004048558331456668 0.105800000000002
1059 0.00404855694847916 0.105900000000002
1060 0.004048555565206542 0.106000000000002
1061 0.004048554184320876 0.106100000000002
1062 0.004048552803021894 0.106200000000002
1063 0.004048551421921598 0.106300000000002
1064 0.004048550041196616 0.106400000000002
1065 0.004048548659909256 0.106500000000002
1066 0.004048547280063822 0.106600000000002
1067 0.004048545900977023 0.106700000000002
1068 0.004048544520013467 0.106800000000002
1069 0.004048543136178818 0.106900000000002
1070 0.004048541753632196 0.107000000000002
1071 0.004048540370020106 0.107100000000002
1072 0.004048538986543072 0.107200000000002
1073 0.004048537602779552 0.107300000000002
1074 0.004048536219316316 0.107400000000002
1075 0.004048534836289709 0.1075000000000021
1076 0.00404853345218789 0.1076000000000021
1077 0.004048532068405121 0.1077000000000021
1078 0.004048530684904041 0.1078000000000021
1079 0.004048529300722055 0.1079000000000021
1080 0.004048527915701158 0.1080000000000021
1081 0.004048526531849906 0.1081000000000021
1082 0.004048525148542052 0.1082000000000021
1083 0.004048523765100127 0.1083000000000021
1084 0.004048522381371515 0.1084000000000021
1085 0.00404852099733819 0.1085000000000021
1086 0.004048519613484828 0.1086000000000021
1087 0.004048518231200258 0.1087000000000021
1088 0.004048516847586957 0.1088000000000021
1089 0.00404851546267063 0.1089000000000021
1090 0.004048514076891743 0.1090000000000021
1091 0.004048512692021064 0.1091000000000021
1092 0.004048511307584042 0.1092000000000021
1093 0.004048509923293302 0.1093000000000021
1094 0.004048508540117728 0.1094000000000021
1095 0.004048507156712391 0.1095000000000021
1096 0.004048505774874639 0.1096000000000021
1097 0.004048504394389129 0.1097000000000021
1098 0.004048503013108124 0.1098000000000021
1099 0.004048501631063769 0.1099000000000021
1100 0.004048500248824629 0.1100000000000021
1101 0.004048498866646795 0.1101000000000021
1102 0.004048497484516987 0.1102000000000021
1103 0.004048496101284474 0.1103000000000021
1104 0.004048494718454776 0.1104000000000021
1105 0.00404849333491451 0.1105000000000021
1106 0.004048491950694321 0.1106000000000021
1107 0.004048490567774336 0.1107000000000021
1108 0.004048489186196021 0.1108000000000021
1109 0.004048487805437826 0.1109000000000021
1110 0.004048486425043627 0.1110000000000022
1111 0.004048485044760426 0.1111000000000022
1112 0.004048483663595063 0.1112000000000022
1113 0.004048482281873825 0.1113000000000022
1114 0.004048480898353324 0.1114000000000022
1115 0.004048479513837223 0.1115000000000022
1116 0.004048478130298696 0.1116000000000022
1117 0.004048476747930766 0.1117000000000022
1118 0.004048475366235665 0.1118000000000022
1119 0.004048473985193705 0.1119000000000022
1120 0.004048472603238186 0.1120000000000022
1121 0.004048471221463436 0.1121000000000022
1122 0.004048469839087597 0.1122000000000022
1123 0.004048468457126879 0.1123000000000022
1124 0.004048467074796828 0.1124000000000022
1125 0.00404846569278442 0.1125000000000022
1126 0.004048464311117937 0.1126000000000022
1127 0.004048462928815631 0.1127000000000022
1128 0.004048461545999494 0.1128000000000022
1129 0.00404846016293035 0.1129000000000022
1130 0.004048458779643863 0.1130000000000022
1131 0.004048457396867166 0.1131000000000022
1132 0.004048456014289567 0.1132000000000022
1133 0.004048454631842859 0.1133000000000022
1134 0.004048453249622358 0.1134000000000022
1135 0.004048451868020097 0.1135000000000022
1136 0.004048450485449529 0.1136000000000022
1137 0.004048449101900702 0.1137000000000022
1138 0.004048447717712849 0.1138000000000022
1139 0.004048446333224105 0.1139000000000022
1140 0.00404844495046432 0.1140000000000022
1141 0.004048443568040951 0.1141000000000022
1142 0.004048442185610818 0.1142000000000022
1143 0.004048440802986936 0.1143000000000022
1144 0.004048439421475155 0.1144000000000022
1145 0.004048438039847781 0.1145000000000023
1146 0.004048436657234641 0.1146000000000023
1147 0.004048435273603448 0.1147000000000023
1148 0.00404843388924484 0.1148000000000023
1149 0.004048432504879645 0.1149000000000023
1150 0.004048431121377583 0.1150000000000023
1151 0.004048429738867839 0.1151000000000023
1152 0.004048428356610944 0.1152000000000023
1153 0.004048426973892206 0.1153000000000023
1154 0.004048425590370425 0.1154000000000023
1155 0.004048424207482994 0.1155000000000023
1156 0.004048422825169496 0.1156000000000023
1157 0.004048421443253011 0.1157000000000023
1158 0.004048420061499632 0.1158000000000023
1159 0.004048418679176378 0.1159000000000023
1160 0.004048417296224663 0.1160000000000023
1161 0.004048415912706974 0.1161000000000023
1162 0.004048414528845623 0.1162000000000023
1163 0.004048413144509729 0.1163000000000023
1164 0.004048411759718308 0.1164000000000023
1165 0.004048410374794214 0.1165000000000023
1166 0.004048408989721679 0.1166000000000023
1167 0.004048407604796522 0.1167000000000023
1168 0.004048406220015602 0.1168000000000023
1169 0.004048404835259625 0.1169000000000023
1170 0.004048403451561194 0.1170000000000023
1171 0.00404840206842152 0.1171000000000023
1172 0.004048400685505579 0.1172000000000023
1173 0.004048399302559144 0.1173000000000023
1174 0.004048397919568883 0.1174000000000023
1175 0.004048396535627153 0.1175000000000023
1176 0.004048395151253532 0.1176000000000023
1177 0.004048393766613704 0.1177000000000023
1178 0.004048392381897045 0.1178000000000023
1179 0.004048390997075054 0.1179000000000024
1180 0.004048389612663499 0.1180000000000024
1181 0.004048388228492465 0.1181000000000024
1182 0.004048386844742265 0.1182000000000024
1183 0.004048385460329379 0.1183000000000024
1184 0.004048384075145191 0.1184000000000024
1185 0.004048382689947507 0.1185000000000024
1186 0.004048381304731176 0.1186000000000024
1187 0.004048379919161469 0.1187000000000024
1188 0.004048378534023673 0.1188000000000024
1189 0.004048377149204902 0.1189000000000024
1190 0.004048375764070846 0.1190000000000024
1191 0.00404837437862593 0.1191000000000024
1192 0.004048372992998969 0.1192000000000024
1193 0.004048371608371048 0.1193000000000024
1194 0.004048370224401153 0.1194000000000024
1195 0.004048368840202537 0.1195000000000024
1196 0.004048367456477117 0.1196000000000024
1197 0.004048366072722156 0.1197000000000024
1198 0.004048364689170211 0.1198000000000024
1199 0.004048363306008864 0.1199000000000024
1200 0.004048361923672753 0.1200000000000024
1201 0.004048360539482684 0.1201000000000024
1202 0.004048359155414781 0.1202000000000024
1203 0.00404835777061522 0.1203000000000024
1204 0.004048356386315358 0.1204000000000024
1205 0.004048355002775586 0.1205000000000024
1206 0.004048353619481443 0.1206000000000024
1207 0.004048352236675143 0.1207000000000024
1208 0.004048350854228942 0.1208000000000024
1209 0.004048349471819786 0.1209000000000024
1210 0.004048348089693145 0.1210000000000024
1211 0.004048346706671901 0.1211000000000024
1212 0.004048345322832166 0.1212000000000024
1213 0.00404834393877368 0.1213000000000024
1214 0.004048342556405367 0.1214000000000025
1215 0.004048341173406167 0.1215000000000025
1216 0.004048339787876165 0.1216000000000025
1217 0.004048338402632681 0.1217000000000025
1218 0.004048337017415511 0.1218000000000025
1219 0.004048335632220297 0.1219000000000025
1220 0.00404833424680925 0.1220000000000025
1221 0.004048332861046281 0.1221000000000025
1222 0.004048331477386167 0.1222000000000025
1223 0.004048330093735784 0.1223000000000025
1224 0.004048328707206394 0.1224000000000025
1225 0.004048327318364813 0.1225000000000025
1226 0.004048325932064721 0.1226000000000025
1227 0.004048324546761281 0.1227000000000025
1228 0.004048323162503762 0.1228000000000025
1229 0.004048321778834841 0.1229000000000025
1230 0.004048320395385636 0.1230000000000025
1231 0.004048319013151726 0.1231000000000025
1232 0.004048317631814785 0.1232000000000025
1233 0.004048316251097946 0.1233000000000025
1234 0.004048314869029136 0.1234000000000025
1235 0.004048313485249623 0.1235000000000025
1236 0.004048312100505726 0.1236000000000025
1237 0.00404831071551259 0.1237000000000025
1238 0.004048309330341134 0.1238000000000025
1239 0.00404830794461748 0.1239000000000025
1240 0.004048306558685513 0.1240000000000025
1241 0.004048305172661828 0.1241000000000025
1242 0.004048303786494023 0.1242000000000025
1243 0.004048302401320869 0.1243000000000025
1244 0.004048301014510487 0.1244000000000025
1245 0.004048299626530607 0.1245000000000025
1246 0.00404829824189832 0.1246000000000025
1247 0.004048296856313562 0.1247000000000025
1248 0.004048295469606144 0.1248000000000025
1249 0.00404829408210557 0.1249000000000026
1250 0.004048292694239546 0.1250000000000026
1251 0.004048291306225732 0.1251000000000025
1252 0.004048289918381127 0.1252000000000025
1253 0.004048288530591825 0.1253000000000025
1254 0.004048287144631138 0.1254000000000025
1255 0.004048285762008471 0.1255000000000025
1256 0.004048284378363248 0.1256000000000025
1257 0.004048282992939595 0.1257000000000025
1258 0.004048281606529723 0.1258000000000025
1259 0.004048280218117036 0.1259000000000025
1260 0.004048278830288157 0.1260000000000024
1261 0.004048277443399236 0.1261000000000024
1262 0.004048276057453901 0.1262000000000024
1263 0.004048274669908537 0.1263000000000024
1264 0.004048273282654788 0.1264000000000024
1265 0.004048271900970724 0.1265000000000024
1266 0.004048270524578218 0.1266000000000024
1267 0.004048269151737449 0.1267000000000024
1268 0.004048267779729569 0.1268000000000024
1269 0.004048266405518539 0.1269000000000023
1270 0.004048265030715683 0.1270000000000023
1271 0.004048263653724462 0.1271000000000023
1272 0.004048262274413528 0.1272000000000023
1273 0.004048260894690148 0.1273000000000023
1274 0.004048259515718517 0.1274000000000023
1275 0.004048258137445907 0.1275000000000023
1276 0.004048256759763019 0.1276000000000023
1277 0.004048255382464923 0.1277000000000023
1278 0.00404825400426004 0.1278000000000022
1279 0.004048252624938454 0.1279000000000022
1280 0.004048251246143475 0.1280000000000022
1281 0.004048249866872726 0.1281000000000022
1282 0.004048248487136357 0.1282000000000022
1283 0.004048247107285756 0.1283000000000022
1284 0.004048245727434503 0.1284000000000022
1285 0.004048244347490357 0.1285000000000022
1286 0.004048242967435893 0.1286000000000022
1287 0.00404824158754279 0.1287000000000021
1288 0.004048240207804954 0.1288000000000021
1289 0.004048238828130161 0.1289000000000021
1290 0.004048237447199367 0.1290000000000021
1291 0.004048236064869462 0.1291000000000021
1292 0.004048234681589969 0.1292000000000021
1293 0.004048233297422766 0.1293000000000021
1294 0.00404823191315621 0.1294000000000021
1295 0.004048230529726693 0.1295000000000021
1296 0.004048229146990415 0.129600000000002
1297 0.004048227763889667 0.129700000000002
1298 0.004048226382954852 0.129800000000002
1299 0.004048225004080118 0.129900000000002
1300 0.004048223625641605 0.130000000000002
1301 0.004048222247516064 0.130100000000002
1302 0.004048220869668895 0.130200000000002
1303 0.004048219492042232 0.130300000000002
1304 0.004048218113743313 0.130400000000002
1305 0.004048216734763799 0.1305000000000019
1306 0.004048215354725385 0.1306000000000019
1307 0.004048213973999432 0.1307000000000019
1308 0.004048212592856505 0.1308000000000019
1309 0.004048211209975289 0.1309000000000019
1310 0.004048209823010929 0.1310000000000019
1311 0.00404820843889662 0.1311000000000019
1312 0.004048207058715511 0.1312000000000019
1313 0.004048205681319467 0.1313000000000019
1314 0.004048204305072595 0.1314000000000018
1315 0.004048202928113701 0.1315000000000018
1316 0.004048201549686011 0.1316000000000018
1317 0.004048200170448344 0.1317000000000018
1318 0.004048198790071396 0.1318000000000018
1319 0.004048197408833649 0.1319000000000018
1320 0.004048196026657292 0.1320000000000018
1321 0.004048194644389201 0.1321000000000018
1322 0.004048193262404519 0.1322000000000018
1323 0.004048191880551451 0.1323000000000017
1324 0.004048190498713839 0.1324000000000017
1325 0.004048189116605756 0.1325000000000017
1326 0.004048187734402084 0.1326000000000017
1327 0.004048186352448828 0.1327000000000017
1328 0.004048184970520615 0.1328000000000017
1329 0.004048183588022404 0.1329000000000017
1330 0.004048182205208001 0.1330000000000017
1331 0.004048180822286215 0.1331000000000017
1332 0.004048179439521522 0.1332000000000017
1333 0.004048178057253744 0.1333000000000016
1334 0.004048176675231432 0.1334000000000016
1335 0.004048175293080753 0.1335000000000016
1336 0.004048173911112136 0.1336000000000016
1337 0.004048172529298782 0.1337000000000016
1338 0.00404817114761037 0.1338000000000016
1339 0.00404816976668463 0.1339000000000016
1340 0.004048168385856374 0.1340000000000016
1341 0.004048167004317409 0.1341000000000016
1342 0.004048165622872749 0.1342000000000015
1343 0.004048164239921862 0.1343000000000015
1344 0.004048162855739947 0.1344000000000015
1345 0.004048161470819574 0.1345000000000015
1346 0.004048160084910548 0.1346000000000015
1347 0.0040481586984333 0.1347000000000015
1348 0.004048157313967741 0.1348000000000015
1349 0.004048155932283675 0.1349000000000015
1350 0.00404815455211241 0.1350000000000015
1351 0.004048153171731513 0.1351000000000014
1352 0.004048151790288806 0.1352000000000014
1353 0.00404815040820993 0.1353000000000014
1354 0.0040481490264363 0.1354000000000014
1355 0.004048147645285102 0.1355000000000014
1356 0.004048146262923319 0.1356000000000014
1357 0.004048144881482234 0.1357000000000014
1358 0.004048143500801153 0.1358000000000014
1359 0.004048142120502184 0.1359000000000014
1360 0.004048140739224331 0.1360000000000013
1361 0.00404813935583672 0.1361000000000013
1362 0.004048137972672597 0.1362000000000013
1363 0.004048136590729548 0.1363000000000013
1364 0.004048135208346314 0.1364000000000013
1365 0.004048133826563761 0.1365000000000013
1366 0.004048132442935238 0.1366000000000013
1367 0.00404813106037325 0.1367000000000013
1368 0.004048129678756682 0.1368000000000013
1369 0.004048128298019335 0.1369000000000012
1370 0.004048126917732568 0.1370000000000012
1371 0.004048125535367672 0.1371000000000012
1372 0.004048124153553949 0.1372000000000012
1373 0.004048122772545994 0.1373000000000012
1374 0.004048121389337491 0.1374000000000012
1375 0.004048120004848192 0.1375000000000012
1376 0.004048118620049664 0.1376000000000012
1377 0.004048117235149534 0.1377000000000012
1378 0.004048115851391708 0.1378000000000011
1379 0.004048114468581959 0.1379000000000011
1380 0.004048113085018463 0.1380000000000011
1381 0.004048111700549894 0.1381000000000011
1382 0.004048110315546364 0.1382000000000011
1383 0.004048108930297618 0.1383000000000011
1384 0.004048107546162872 0.1384000000000011
1385 0.004048106162205781 0.1385000000000011
1386 0.004048104779320792 0.1386000000000011
1387 0.004048103395317638 0.138700000000001
1388 0.004048102010243412 0.138800000000001
1389 0.004048100624558649 0.138900000000001
1390 0.004048099239951204 0.139000000000001
1391 0.00404809785663475 0.139100000000001
1392 0.004048096473798581 0.139200000000001
1393 0.004048095089722075 0.139300000000001
1394 0.004048093705654878 0.139400000000001
1395 0.004048092321092772 0.139500000000001
1396 0.004048090935564273 0.1396000000000009
1397 0.004048089549692012 0.1397000000000009
1398 0.004048088164232868 0.1398000000000009
1399 0.004048086778379819 0.1399000000000009
1400 0.00404808539229385 0.1400000000000009
1401 0.004048084006218644 0.1401000000000009
1402 0.004048082620589038 0.1402000000000009
1403 0.004048081234502086 0.1403000000000009
1404 0.004048079848011177 0.1404000000000009
1405 0.004048078461146866 0.1405000000000008
1406 0.004048077074199644 0.1406000000000008
1407 0.004048075688863841 0.1407000000000008
1408 0.004048074303970309 0.1408000000000008
1409 0.004048072918969052 0.1409000000000008
1410 0.004048071534180749 0.1410000000000008
1411 0.004048070149400289 0.1411000000000008
1412 0.004048068764471313 0.1412000000000008
1413 0.004048067379924332 0.1413000000000008
1414 0.004048065995467505 0.1414000000000007
1415 0.004048064611170107 0.1415000000000007
1416 0.004048063227121239 0.1416000000000007
1417 0.004048061843011402 0.1417000000000007
1418 0.004048060458365011 0.1418000000000007
1419 0.004048059073594339 0.1419000000000007
1420 0.004048057690291591 0.1420000000000007
1421 0.00404805630776903 0.1421000000000007
1422 0.004048054924098602 0.1422000000000007
1423 0.004048053539243208 0.1423000000000006
1424 0.00404805215359196 0.1424000000000006
1425 0.004048050768919394 0.1425000000000006
1426 0.00404804938402464 0.1426000000000006
1427 0.004048047999589539 0.1427000000000006
1428 0.004048046615242681 0.1428000000000006
1429 0.004048045231015874 0.1429000000000006
1430 0.004048043846861307 0.1430000000000006
1431 0.004048042462617006 0.1431000000000006
1432 0.004048041078267159 0.1432000000000005
1433 0.004048039693279415 0.1433000000000005
1434 0.004048038307715728 0.1434000000000005
1435 0.004048036923088895 0.1435000000000005
1436 0.004048035537756887 0.1436000000000005
1437 0.004048034151563449 0.1437000000000005
1438 0.004048032766442807 0.1438000000000005
1439 0.004048031381704729 0.1439000000000005
1440 0.004048029997375297 0.1440000000000005
1441 0.004048028613526636 0.1441000000000004
1442 0.004048027229800587 0.1442000000000004
1443 0.00404802584607074 0.1443000000000004
1444 0.004048024462290313 0.1444000000000004
1445 0.004048023078455909 0.1445000000000004
1446 0.004048021694613768 0.1446000000000004
1447 0.004048020310738264 0.1447000000000004
1448 0.004048018926872397 0.1448000000000004
1449 0.004048017543045282 0.1449000000000004
1450 0.004048016159263092 0.1450000000000004
1451 0.004048014775290543 0.1451000000000003
1452 0.004048013391132876 0.1452000000000003
1453 0.004048012006533112 0.1453000000000003
1454 0.004048010621613361 0.1454000000000003
1455 0.00404800923663832 0.1455000000000003
1456 0.004048007851529976 0.1456000000000003
1457 0.004048006466133507 0.1457000000000003
1458 0.004048005080458801 0.1458000000000003
1459 0.004048003693751423 0.1459000000000003
1460 0.004048002306056337 0.1460000000000002
1461 0.004048000920858816 0.1461000000000002
1462 0.004047999535586212 0.1462000000000002
1463 0.004047998150136956 0.1463000000000002
1464 0.004047996764436772 0.1464000000000002
1465 0.004047995377844352 0.1465000000000002
1466 0.004047993990602641 0.1466000000000002
1467 0.004047992602273731 0.1467000000000002
1468 0.004047991213843747 0.1468000000000002
1469 0.004047989825762204 0.1469000000000001
1470 0.00404798843958762 0.1470000000000001
1471 0.004047987054987909 0.1471000000000001
1472 0.004047985671543719 0.1472000000000001
1473 0.004047984287762889 0.1473000000000001
1474 0.004047982904132237 0.1474000000000001
1475 0.004047981519900707 0.1475000000000001
1476 0.00404798013546061 0.1476000000000001
1477 0.004047978750803015 0.1477000000000001
1478 0.004047977366918934 0.1478
1479 0.004047975982946636 0.1479
1480 0.004047974598257988 0.148
1481 0.004047973214357429 0.1481
1482 0.004047971831290971 0.1482
1483 0.004047970447781229 0.1483
1484 0.004047969063755884 0.1484
1485 0.004047967679344401 0.1485
1486 0.00404796629472939 0.1486
1487 0.004047964910011228 0.1486999999999999
1488 0.004047963525128758 0.1487999999999999
1489 0.004047962140037053 0.1488999999999999
1490 0.004047960755194238 0.1489999999999999
1491 0.004047959370523389 0.1490999999999999
1492 0.004047957986048398 0.1491999999999999
1493 0.004047956601650976 0.1492999999999999
1494 0.004047955217023185 0.1493999999999999
1495 0.004047953832228397 0.1494999999999999
1496 0.004047952447413197 0.1495999999999998
1497 0.004047951062864245 0.1496999999999998
1498 0.004047949678314038 0.1497999999999998
1499 0.004047948293688583 0.1498999999999998
1500 0.004047946908907678 0.1499999999999998
1501 0.004047945524161366 0.1500999999999998
1502 0.0040479441394871 0.1501999999999998
1503 0.00404794275485038 0.1502999999999998
1504 0.004047941370304568 0.1503999999999998
1505 0.004047939985667418 0.1504999999999997
1506 0.0040479386009483 0.1505999999999997
1507 0.004047937215182118 0.1506999999999997
1508 0.004047935830339258 0.1507999999999997
1509 0.004047934446747101 0.1508999999999997
1510 0.00404793306286973 0.1509999999999997
1511 0.004047931679542078 0.1510999999999997
1512 0.004047930295348247 0.1511999999999997
1513 0.004047928910660185 0.1512999999999997
1514 0.004047927525378017 0.1513999999999996
1515 0.004047926140294735 0.1514999999999996
1516 0.004047924755668645 0.1515999999999996
1517 0.004047923370701345 0.1516999999999996
1518 0.004047921985285837 0.1517999999999996
1519 0.00404792060011973 0.1518999999999996
1520 0.004047919214068388 0.1519999999999996
1521 0.004047917829418204 0.1520999999999996
1522 0.004047916444005768 0.1521999999999996
1523 0.004047915057675289 0.1522999999999995
1524 0.004047913673038263 0.1523999999999995
1525 0.004047912287137274 0.1524999999999995
1526 0.00404791090261813 0.1525999999999995
1527 0.004047909519338257 0.1526999999999995
1528 0.004047908137009138 0.1527999999999995
1529 0.004047906754788432 0.1528999999999995
1530 0.004047905371299097 0.1529999999999995
1531 0.004047903986816871 0.1530999999999995
1532 0.004047902602936547 0.1531999999999994
1533 0.004047901218668555 0.1532999999999994
1534 0.00404789983492982 0.1533999999999994
1535 0.004047898449288212 0.1534999999999994
1536 0.004047897064880877 0.1535999999999994
1537 0.00404789567908594 0.1536999999999994
1538 0.004047894292421843 0.1537999999999994
1539 0.004047892907538005 0.1538999999999994
1540 0.004047891522329924 0.1539999999999994
1541 0.004047890136237697 0.1540999999999993
1542 0.004047888748806646 0.1541999999999993
1543 0.004047887360864691 0.1542999999999993
1544 0.004047885972469817 0.1543999999999993
1545 0.004047884583928579 0.1544999999999993
1546 0.004047883195273449 0.1545999999999993
1547 0.004047881807547938 0.1546999999999993
1548 0.004047880422796434 0.1547999999999993
1549 0.004047879040285123 0.1548999999999993
1550 0.004047877659426949 0.1549999999999992
1551 0.004047876279116349 0.1550999999999992
1552 0.004047874899028718 0.1551999999999992
1553 0.004047873518945453 0.1552999999999992
1554 0.004047872138426744 0.1553999999999992
1555 0.004047870757406406 0.1554999999999992
1556 0.004047869376544564 0.1555999999999992
1557 0.004047867995065612 0.1556999999999992
1558 0.004047866612993748 0.1557999999999992
1559 0.004047865230724037 0.1558999999999992
1560 0.004047863847385737 0.1559999999999991
1561 0.004047862464389523 0.1560999999999991
1562 0.004047861080569532 0.1561999999999991
1563 0.004047859697253971 0.1562999999999991
1564 0.004047858313074628 0.1563999999999991
1565 0.004047856929285054 0.1564999999999991
1566 0.004047855546015634 0.1565999999999991
1567 0.004047854162706349 0.1566999999999991
1568 0.004047852779839752 0.1567999999999991
1569 0.004047851396132245 0.156899999999999
1570 0.004047850013125621 0.156999999999999
1571 0.004047848629248051 0.157099999999999
1572 0.004047847244440222 0.157199999999999
1573 0.004047845859094735 0.157299999999999
1574 0.004047844473603724 0.157399999999999
1575 0.004047843089350305 0.157499999999999
1576 0.004047841706101115 0.157599999999999
1577 0.004047840321866269 0.157699999999999
1578 0.00404783893810987 0.1577999999999989
1579 0.00404783755480258 0.1578999999999989
1580 0.004047836172257095 0.1579999999999989
1581 0.004047834790584079 0.1580999999999989
1582 0.004047833409421788 0.1581999999999989
1583 0.004047832027908479 0.1582999999999989
1584 0.004047830644454136 0.1583999999999989
1585 0.004047829261737945 0.1584999999999989
1586 0.004047827879099275 0.1585999999999989
1587 0.004047826496694579 0.1586999999999988
1588 0.004047825114684938 0.1587999999999988
1589 0.004047823731153305 0.1588999999999988
1590 0.004047822345487115 0.1589999999999988
1591 0.00404782096051458 0.1590999999999988
1592 0.004047819574979282 0.1591999999999988
1593 0.004047818189534394 0.1592999999999988
1594 0.004047816804742834 0.1593999999999988
1595 0.004047815419212297 0.1594999999999988
1596 0.004047814032952873 0.1595999999999987
1597 0.004047812646327648 0.1596999999999987
1598 0.004047811260891946 0.1597999999999987
1599 0.004047809875003012 0.1598999999999987
1600 0.004047808488547053 0.1599999999999987
1601 0.00404780710266632 0.1600999999999987
1602 0.004047805717719313 0.1601999999999987
1603 0.004047804333216087 0.1602999999999987
1604 0.004047802948946544 0.1603999999999987
1605 0.004047801563044462 0.1604999999999986
1606 0.004047800177295435 0.1605999999999986
1607 0.00404779879139021 0.1606999999999986
1608 0.004047797404620023 0.1607999999999986
1609 0.004047796017932057 0.1608999999999986
1610 0.004047794632144056 0.1609999999999986
1611 0.004047793246253054 0.1610999999999986
1612 0.004047791860598617 0.1611999999999986
1613 0.004047790474873842 0.1612999999999986
1614 0.004047789089006618 0.1613999999999985
1615 0.004047787702430007 0.1614999999999985
1616 0.004047786316762727 0.1615999999999985
1617 0.004047784931751194 0.1616999999999985
1618 0.00404778354706371 0.1617999999999985
1619 0.004047782161064478 0.1618999999999985
1620 0.00404778077445151 0.1619999999999985
1621 0.004047779387830312 0.1620999999999985
1622 0.004047778000934079 0.1621999999999985
1623 0.00404777661399279 0.1622999999999984
1624 0.004047775227753366 0.1623999999999984
1625 0.004047773842475221 0.1624999999999984
1626 0.00404777245684133 0.1625999999999984
1627 0.004047771070514497 0.1626999999999984
1628 0.004047769684551335 0.1627999999999984
1629 0.004047768298312042 0.1628999999999984
1630 0.004047766912336449 0.1629999999999984
1631 0.004047765526881084 0.1630999999999984
1632 0.004047764140841293 0.1631999999999983
1633 0.004047762755228685 0.1632999999999983
1634 0.004047761369993886 0.1633999999999983
1635 0.004047759985249619 0.1634999999999983
1636 0.004047758601048325 0.1635999999999983
1637 0.004047757216146298 0.1636999999999983
1638 0.004047755830511355 0.1637999999999983
1639 0.004047754444743933 0.1638999999999983
1640 0.004047753059577549 0.1639999999999983
1641 0.004047751673708527 0.1640999999999982
1642 0.004047750288259383 0.1641999999999982
1643 0.004047748901759116 0.1642999999999982
1644 0.00404774751657231 0.1643999999999982
1645 0.004047746132819235 0.1644999999999982
1646 0.004047744747651532 0.1645999999999982
1647 0.004047743362177761 0.1646999999999982
1648 0.004047741977885674 0.1647999999999982
1649 0.004047740593611663 0.1648999999999982
1650 0.004047739208526473 0.1649999999999981
1651 0.00404773782290509 0.1650999999999981
1652 0.004047736437728925 0.1651999999999981
1653 0.004047735052544433 0.1652999999999981
1654 0.004047733667971662 0.1653999999999981
1655 0.004047732283791626 0.1654999999999981
1656 0.004047730899107174 0.1655999999999981
1657 0.004047729514065901 0.1656999999999981
1658 0.004047728129395391 0.1657999999999981
1659 0.004047726743267924 0.165899999999998
1660 0.004047725356492692 0.165999999999998
1661 0.004047723970074068 0.166099999999998
1662 0.004047722582920001 0.166199999999998
1663 0.004047721197916354 0.166299999999998
1664 0.004047719813596274 0.166399999999998
1665 0.004047718430863474 0.166499999999998
1666 0.004047717048734238 0.166599999999998
1667 0.004047715664472048 0.166699999999998
1668 0.004047714278860836 0.1667999999999979
1669 0.004047712892866024 0.1668999999999979
1670 0.004047711507168178 0.1669999999999979
1671 0.004047710121208174 0.1670999999999979
1672 0.004047708735460922 0.1671999999999979
1673 0.00404770734977603 0.1672999999999979
1674 0.004047705965428972 0.1673999999999979
1675 0.004047704580430537 0.1674999999999979
1676 0.004047703195026054 0.1675999999999979
1677 0.004047701806324671 0.1676999999999979
