"report-def-0-rfile"
"Time Step" "report-def-0 etc.."
("Time Step" "report-def-0" "flow-time")
0 0.004041056 0
1 0.004041056 0.0001
2 0.004041055 0.0002
3 0.004041053 0.0003
4 0.004041052 0.0004
5 0.004041051 0.0005
6 0.004041048 0.0006
7 0.004041045 0.0007
8 0.004041042 0.0008
9 0.004041038 0.0009
10 0.004041034 0.0009999999
11 0.004041031 0.0011
12 0.004041026 0.0012
13 0.004041021 0.0013
14 0.004041016 0.0014
15 0.004041011 0.0015
16 0.004041006 0.0016
17 0.004041 0.0017
18 0.004040995 0.0018
19 0.004040988 0.001899999
20 0.00404098 0.001999999
21 0.004040973 0.002099999
22 0.004040964 0.0022
23 0.004040956 0.0023
24 0.004040949 0.0024
25 0.00404094 0.0025
26 0.004040932 0.0026
27 0.004040923 0.0027
28 0.004040914 0.0028
29 0.004040905 0.0029
30 0.004040895 0.003
31 0.004040886 0.0031
32 0.004040875 0.0032
33 0.004040865 0.0033
34 0.004040855 0.0034
35 0.004040844 0.0035
36 0.004040834 0.0036
37 0.004040822 0.0037
38 0.004040811 0.003800001
39 0.004040799 0.003900001
40 0.004040787 0.004000001
41 0.004040774 0.0041
42 0.004040762 0.0042
43 0.004040749 0.0043
44 0.004040736 0.0044
45 0.004040723 0.0045
46 0.004040709 0.0046
47 0.004040696 0.004699999
48 0.004040682 0.004799999
49 0.004040667 0.004899999
50 0.004040653 0.004999999
51 0.004040638 0.005099999
52 0.004040624 0.005199999
53 0.004040609 0.005299998
54 0.004040593 0.005399998
55 0.004040578 0.005499998
56 0.004040562 0.005599998
57 0.004040546 0.005699998
58 0.00404053 0.005799998
59 0.004040514 0.005899997
60 0.004040497 0.005999997
61 0.00404048 0.006099997
62 0.004040463 0.006199997
63 0.004040447 0.006299997
64 0.004040429 0.006399997
65 0.004040413 0.006499996
66 0.004040395 0.006599996
67 0.004040379 0.006699996
68 0.00404036 0.006799996
69 0.004040342 0.006899996
70 0.004040324 0.006999996
71 0.004040306 0.007099995
72 0.004040288 0.007199995
73 0.004040269 0.007299995
74 0.004040251 0.007399995
75 0.004040231 0.007499995
76 0.004040212 0.007599995
77 0.004040193 0.007699994
78 0.004040174 0.007799994
79 0.004040154 0.007899994
80 0.004040134 0.007999994
81 0.004040114 0.008099994
82 0.004040094 0.008199994
83 0.004040074 0.008299993
84 0.004040053 0.008399993
85 0.004040033 0.008499993
86 0.004040013 0.008599993
87 0.004039991 0.008699993
88 0.00403997 0.008799993
89 0.004039949 0.008899992
90 0.004039927 0.008999992
91 0.004039905 0.009099992
92 0.004039883 0.009199992
93 0.004039861 0.009299992
94 0.004039838 0.009399991
95 0.004039815 0.009499991
96 0.004039792 0.009599991
97 0.004039769 0.009699991
98 0.004039746 0.009799991
99 0.004039722 0.009899991
100 0.004039699 0.00999999
101 0.004039675 0.01009999
102 0.004039651 0.01019999
103 0.004039627 0.01029999
104 0.004039603 0.01039999
105 0.004039579 0.01049999
106 0.004039554 0.01059999
107 0.004039529 0.01069999
108 0.004039504 0.01079999
109 0.004039478 0.01089999
110 0.004039453 0.01099999
111 0.004039427 0.01109999
112 0.004039402 0.01119999
113 0.004039376 0.01129999
114 0.004039349 0.01139999
115 0.004039322 0.01149999
116 0.004039295 0.01159999
117 0.004039268 0.01169999
118 0.004039241 0.01179999
119 0.004039214 0.01189999
120 0.004039186 0.01199999
121 0.004039159 0.01209999
122 0.004039131 0.01219999
123 0.004039103 0.01229999
124 0.004039076 0.01239999
125 0.004039048 0.01249999
126 0.004039019 0.01259999
127 0.004038991 0.01269999
128 0.004038963 0.01279999
129 0.004038935 0.01289999
130 0.004038906 0.01299999
131 0.004038877 0.01309999
132 0.004038848 0.01319999
133 0.004038819 0.01329998
134 0.004038789 0.01339998
135 0.004038759 0.01349998
136 0.00403873 0.01359998
137 0.0040387 0.01369998
138 0.004038671 0.01379998
139 0.004038641 0.01389998
140 0.004038611 0.01399998
141 0.004038582 0.01409998
142 0.004038552 0.01419998
143 0.004038522 0.01429998
144 0.004038491 0.01439998
145 0.004038461 0.01449998
146 0.004038431 0.01459998
147 0.0040384 0.01469998
148 0.00403837 0.01479998
149 0.004038339 0.01489998
150 0.004038308 0.01499998
151 0.004038278 0.01509998
152 0.004038247 0.01519998
153 0.004038217 0.01529998
154 0.004038185 0.01539998
155 0.004038155 0.01549998
156 0.004038124 0.01559998
157 0.004038093 0.01569998
158 0.004038062 0.01579998
159 0.004038032 0.01589998
160 0.004038001 0.01599998
161 0.00403797 0.01609998
162 0.00403794 0.01619998
163 0.004037909 0.01629998
164 0.004037878 0.01639998
165 0.004037848 0.01649998
166 0.004037817 0.01659998
167 0.004037786 0.01669998
168 0.004037756 0.01679998
169 0.004037725 0.01689998
170 0.004037695 0.01699998
171 0.004037664 0.01709998
172 0.004037634 0.01719998
173 0.004037605 0.01729998
174 0.004037575 0.01739998
175 0.004037546 0.01749998
176 0.004037516 0.01759998
177 0.004037487 0.01769998
178 0.004037458 0.01779998
179 0.00403743 0.01789998
180 0.004037401 0.01799998
181 0.004037373 0.01809998
182 0.004037345 0.01819998
183 0.004037317 0.01829998
184 0.00403729 0.01839998
185 0.004037263 0.01849998
186 0.004037235 0.01859998
187 0.004037208 0.01869998
188 0.004037181 0.01879998
189 0.004037154 0.01889998
190 0.004037126 0.01899998
191 0.0040371 0.01909998
192 0.004037074 0.01919997
193 0.004037047 0.01929997
194 0.004037021 0.01939997
195 0.004036995 0.01949997
196 0.00403697 0.01959997
197 0.004036944 0.01969997
198 0.004036919 0.01979997
199 0.004036894 0.01989997
200 0.004036869 0.01999997
201 0.004036844 0.02009997
202 0.004036819 0.02019997
203 0.004036795 0.02029997
204 0.00403677 0.02039997
205 0.004036746 0.02049997
206 0.00403672 0.02059997
207 0.004036696 0.02069997
208 0.004036672 0.02079997
209 0.004036649 0.02089997
210 0.004036625 0.02099997
211 0.004036601 0.02109997
212 0.004036577 0.02119997
213 0.004036553 0.02129997
214 0.004036529 0.02139997
215 0.004036506 0.02149997
216 0.004036482 0.02159997
217 0.004036458 0.02169997
218 0.004036434 0.02179997
219 0.00403641 0.02189997
220 0.004036387 0.02199997
221 0.004036364 0.02209997
222 0.00403634 0.02219997
223 0.004036318 0.02229997
224 0.004036295 0.02239997
225 0.004036272 0.02249997
226 0.004036251 0.02259997
227 0.004036229 0.02269997
228 0.004036207 0.02279997
229 0.004036185 0.02289997
230 0.004036163 0.02299997
231 0.004036141 0.02309997
232 0.00403612 0.02319997
233 0.004036098 0.02329997
234 0.004036076 0.02339997
235 0.004036055 0.02349997
236 0.004036034 0.02359997
237 0.004036012 0.02369997
238 0.00403599 0.02379997
239 0.004035968 0.02389997
240 0.004035946 0.02399997
241 0.004035924 0.02409997
242 0.0040359 0.02419997
243 0.004035877 0.02429997
244 0.004035851 0.02439997
245 0.004035825 0.02449997
246 0.004035799 0.02459997
247 0.00403577 0.02469997
248 0.004035742 0.02479997
249 0.004035712 0.02489997
250 0.004035681 0.02499996
251 0.004035648 0.02509996
252 0.004035615 0.02519996
253 0.00403558 0.02529996
254 0.004035543 0.02539996
255 0.004035505 0.02549996
256 0.004035466 0.02559996
257 0.004035426 0.02569996
258 0.004035384 0.02579996
259 0.004035341 0.02589996
260 0.004035295 0.02599996
261 0.004035249 0.02609996
262 0.004035202 0.02619996
263 0.004035153 0.02629996
264 0.004035103 0.02639996
265 0.004035052 0.02649996
266 0.004034999 0.02659996
267 0.004034945 0.02669996
268 0.004034889 0.02679996
269 0.004034832 0.02689996
270 0.004034774 0.02699996
271 0.004034715 0.02709996
272 0.004034654 0.02719996
273 0.004034591 0.02729996
274 0.004034527 0.02739996
275 0.004034462 0.02749996
276 0.004034396 0.02759996
277 0.004034329 0.02769996
278 0.004034259 0.02779996
279 0.004034189 0.02789996
280 0.004034116 0.02799996
281 0.004034042 0.02809996
282 0.004033967 0.02819996
283 0.00403389 0.02829996
284 0.00403381 0.02839996
285 0.00403373 0.02849996
286 0.004033648 0.02859996
287 0.004033564 0.02869996
288 0.004033478 0.02879996
289 0.004033391 0.02889996
290 0.004033301 0.02899996
291 0.004033211 0.02909996
292 0.004033118 0.02919996
293 0.004033023 0.02929996
294 0.004032927 0.02939996
295 0.004032829 0.02949996
296 0.004032729 0.02959996
297 0.004032628 0.02969996
298 0.004032524 0.02979996
299 0.00403242 0.02989996
300 0.004032313 0.02999996
301 0.004032204 0.03009996
302 0.004032093 0.03019996
303 0.00403198 0.03029996
304 0.004031866 0.03039996
305 0.004031749 0.03049996
306 0.004031631 0.03059996
307 0.004031509 0.03069996
308 0.004031386 0.03079996
309 0.00403126 0.03089995
310 0.004031132 0.03099995
311 0.004031003 0.03109995
312 0.004030869 0.03119995
313 0.004030735 0.03129996
314 0.004030597 0.03139996
315 0.004030456 0.03149996
316 0.004030313 0.03159996
317 0.004030166 0.03169996
318 0.004030016 0.03179996
319 0.004029864 0.03189997
320 0.004029708 0.03199997
321 0.00402955 0.03209997
322 0.004029388 0.03219997
323 0.004029223 0.03229997
324 0.004029055 0.03239997
325 0.004028883 0.03249998
326 0.004028708 0.03259998
327 0.00402853 0.03269998
328 0.004028347 0.03279998
329 0.004028161 0.03289998
330 0.004027972 0.03299998
331 0.004027779 0.03309999
332 0.004027581 0.03319999
333 0.004027381 0.03329999
334 0.004027176 0.03339999
335 0.004026967 0.03349999
336 0.004026753 0.0336
337 0.004026536 0.0337
338 0.004026315 0.0338
339 0.004026088 0.0339
340 0.004025858 0.034
341 0.004025623 0.0341
342 0.004025384 0.03420001
343 0.004025141 0.03430001
344 0.004024893 0.03440001
345 0.00402464 0.03450001
346 0.004024383 0.03460001
347 0.004024121 0.03470001
348 0.004023854 0.03480002
349 0.004023584 0.03490002
350 0.004023308 0.03500002
351 0.004023029 0.03510002
352 0.004022744 0.03520002
353 0.004022455 0.03530002
354 0.004022162 0.03540003
355 0.004021865 0.03550003
356 0.004021563 0.03560003
357 0.004021257 0.03570003
358 0.004020947 0.03580003
359 0.004020633 0.03590003
360 0.004020316 0.03600004
361 0.004019994 0.03610004
362 0.004019669 0.03620004
363 0.00401934 0.03630004
364 0.004019007 0.03640004
365 0.004018671 0.03650004
366 0.00401833 0.03660005
367 0.004017987 0.03670005
368 0.00401764 0.03680005
369 0.004017291 0.03690005
370 0.004016938 0.03700005
371 0.004016581 0.03710005
372 0.004016222 0.03720006
373 0.004015859 0.03730006
374 0.004015494 0.03740006
375 0.004015125 0.03750006
376 0.004014754 0.03760006
377 0.00401438 0.03770006
378 0.004014003 0.03780007
379 0.004013623 0.03790007
380 0.004013241 0.03800007
381 0.004012856 0.03810007
382 0.004012469 0.03820007
383 0.004012079 0.03830007
384 0.004011685 0.03840008
385 0.00401129 0.03850008
386 0.004010891 0.03860008
387 0.00401049 0.03870008
388 0.004010086 0.03880008
389 0.00400968 0.03890008
390 0.004009272 0.03900009
391 0.004008861 0.03910009
392 0.004008448 0.03920009
393 0.004008032 0.03930009
394 0.004007615 0.03940009
395 0.004007195 0.03950009
396 0.004006773 0.0396001
397 0.004006349 0.0397001
398 0.004005923 0.0398001
399 0.004005496 0.0399001
400 0.004005067 0.0400001
401 0.004004635 0.04010011
402 0.004004202 0.04020011
403 0.004003767 0.04030011
404 0.00400333 0.04040011
405 0.004002891 0.04050011
406 0.004002451 0.04060011
407 0.00400201 0.04070012
408 0.004001566 0.04080012
409 0.004001121 0.04090012
410 0.004000674 0.04100012
411 0.004000225 0.04110012
412 0.003999774 0.04120012
413 0.003999322 0.04130013
414 0.003998868 0.04140013
415 0.003998413 0.04150013
416 0.003997956 0.04160013
417 0.003997499 0.04170013
418 0.00399704 0.04180013
419 0.003996579 0.04190014
420 0.003996117 0.04200014
421 0.003995654 0.04210014
422 0.003995189 0.04220014
423 0.003994723 0.04230014
424 0.003994256 0.04240014
425 0.003993788 0.04250015
426 0.003993318 0.04260015
427 0.003992847 0.04270015
428 0.003992375 0.04280015
429 0.003991902 0.04290015
430 0.003991428 0.04300015
431 0.003990953 0.04310016
432 0.003990477 0.04320016
433 0.003990001 0.04330016
434 0.003989522 0.04340016
435 0.003989044 0.04350016
436 0.003988564 0.04360016
437 0.003988083 0.04370017
438 0.003987602 0.04380017
439 0.003987121 0.04390017
440 0.003986639 0.04400017
441 0.003986155 0.04410017
442 0.003985671 0.04420017
443 0.003985188 0.04430018
444 0.003984702 0.04440018
445 0.003984217 0.04450018
446 0.003983731 0.04460018
447 0.003983246 0.04470018
448 0.00398276 0.04480018
449 0.003982273 0.04490019
450 0.003981786 0.04500019
451 0.003981298 0.04510019
452 0.003980811 0.04520019
453 0.003980323 0.04530019
454 0.003979835 0.04540019
455 0.003979347 0.0455002
456 0.003978859 0.0456002
457 0.003978371 0.0457002
458 0.003977884 0.0458002
459 0.003977396 0.0459002
460 0.003976909 0.0460002
461 0.003976421 0.04610021
462 0.003975933 0.04620021
463 0.003975447 0.04630021
464 0.00397496 0.04640021
465 0.003974474 0.04650021
466 0.003973988 0.04660022
467 0.003973503 0.04670022
468 0.003973018 0.04680022
469 0.003972534 0.04690022
470 0.003972049 0.04700022
471 0.003971566 0.04710022
472 0.003971083 0.04720023
473 0.0039706 0.04730023
474 0.003970117 0.04740023
475 0.003969635 0.04750023
476 0.003969153 0.04760023
477 0.003968672 0.04770023
478 0.003968191 0.04780024
479 0.003967711 0.04790024
480 0.003967231 0.04800024
481 0.003966752 0.04810024
482 0.003966273 0.04820024
483 0.003965794 0.04830024
484 0.003965316 0.04840025
485 0.003964839 0.04850025
486 0.003964362 0.04860025
487 0.003963885 0.04870025
488 0.003963408 0.04880025
489 0.003962932 0.04890025
490 0.003962456 0.04900026
491 0.003961981 0.04910026
492 0.003961505 0.04920026
493 0.003961031 0.04930026
494 0.003960557 0.04940026
495 0.003960083 0.04950026
496 0.003959609 0.04960027
497 0.003959135 0.04970027
498 0.003958662 0.04980027
499 0.003958188 0.04990027
500 0.003957714 0.05000027
501 0.003957241 0.05010027
502 0.003956768 0.05020028
503 0.003956294 0.05030028
504 0.003955821 0.05040028
505 0.003955348 0.05050028
506 0.003954875 0.05060028
507 0.003954401 0.05070028
508 0.003953928 0.05080029
509 0.003953455 0.05090029
510 0.003952981 0.05100029
511 0.003952507 0.05110029
512 0.003952032 0.05120029
513 0.003951557 0.05130029
514 0.003951082 0.0514003
515 0.003950607 0.0515003
516 0.003950132 0.0516003
517 0.003949655 0.0517003
518 0.003949178 0.0518003
519 0.003948701 0.0519003
520 0.003948223 0.05200031
521 0.003947744 0.05210031
522 0.003947265 0.05220031
523 0.003946785 0.05230031
524 0.003946304 0.05240031
525 0.003945823 0.05250032
526 0.003945341 0.05260032
527 0.003944858 0.05270032
528 0.003944374 0.05280032
529 0.003943889 0.05290032
530 0.003943404 0.05300032
531 0.003942917 0.05310033
532 0.00394243 0.05320033
533 0.003941942 0.05330033
534 0.003941452 0.05340033
535 0.003940961 0.05350033
536 0.00394047 0.05360033
537 0.003939976 0.05370034
538 0.003939482 0.05380034
539 0.003938986 0.05390034
540 0.00393849 0.05400034
541 0.003937992 0.05410034
542 0.003937492 0.05420034
543 0.003936991 0.05430035
544 0.003936489 0.05440035
545 0.003935985 0.05450035
546 0.00393548 0.05460035
547 0.003934973 0.05470035
548 0.003934465 0.05480035
549 0.003933955 0.05490036
550 0.003933444 0.05500036
551 0.003932931 0.05510036
552 0.003932417 0.05520036
553 0.003931902 0.05530036
554 0.003931384 0.05540036
555 0.003930865 0.05550037
556 0.003930344 0.05560037
557 0.003929821 0.05570037
558 0.003929297 0.05580037
559 0.00392877 0.05590037
560 0.003928242 0.05600037
561 0.003927713 0.05610038
562 0.003927181 0.05620038
563 0.003926648 0.05630038
564 0.003926113 0.05640038
565 0.003925576 0.05650038
566 0.003925037 0.05660038
567 0.003924496 0.05670039
568 0.003923954 0.05680039
569 0.00392341 0.05690039
570 0.003922863 0.05700039
571 0.003922315 0.05710039
572 0.003921766 0.05720039
573 0.003921214 0.0573004
574 0.00392066 0.0574004
575 0.003920104 0.0575004
576 0.003919547 0.0576004
577 0.003918987 0.0577004
578 0.003918426 0.0578004
579 0.003917862 0.05790041
580 0.003917296 0.05800041
581 0.003916729 0.05810041
582 0.00391616 0.05820041
583 0.003915589 0.05830041
584 0.003915016 0.05840041
585 0.003914441 0.05850042
586 0.003913864 0.05860042
587 0.003913285 0.05870042
588 0.003912704 0.05880042
589 0.003912122 0.05890042
590 0.003911538 0.05900043
591 0.003910951 0.05910043
592 0.003910363 0.05920043
593 0.003909774 0.05930043
594 0.003909182 0.05940043
595 0.003908589 0.05950043
596 0.003907993 0.05960044
597 0.003907396 0.05970044
598 0.003906796 0.05980044
599 0.003906195 0.05990044
600 0.003905592 0.06000044
601 0.003904987 0.06010044
602 0.003904381 0.06020045
603 0.003903772 0.06030045
604 0.003903162 0.06040045
605 0.00390255 0.06050045
606 0.003901936 0.06060045
607 0.00390132 0.06070045
608 0.003900702 0.06080046
609 0.003900082 0.06090046
610 0.00389946 0.06100046
611 0.003898837 0.06110046
612 0.003898212 0.06120046
613 0.003897584 0.06130046
614 0.003896956 0.06140047
615 0.003896325 0.06150047
616 0.003895693 0.06160047
617 0.003895058 0.06170047
618 0.003894422 0.06180047
619 0.003893784 0.06190047
620 0.003893143 0.06200048
621 0.003892502 0.06210048
622 0.003891858 0.06220048
623 0.003891213 0.06230048
624 0.003890566 0.06240048
625 0.003889917 0.06250048
626 0.003889267 0.06260049
627 0.003888614 0.06270049
628 0.00388796 0.06280049
629 0.003887305 0.06290049
630 0.003886647 0.06300049
631 0.003885988 0.06310049
632 0.003885328 0.0632005
633 0.003884665 0.0633005
634 0.003884002 0.0634005
635 0.003883336 0.0635005
636 0.003882669 0.0636005
637 0.003882001 0.0637005
638 0.003881331 0.06380051
639 0.003880659 0.06390051
640 0.003879986 0.06400051
641 0.003879312 0.06410051
642 0.003878636 0.06420051
643 0.003877959 0.06430051
644 0.00387728 0.06440052
645 0.0038766 0.06450052
646 0.003875918 0.06460052
647 0.003875235 0.06470052
648 0.00387455 0.06480052
649 0.003873864 0.06490052
650 0.003873177 0.06500053
651 0.003872488 0.06510053
652 0.003871798 0.06520053
653 0.003871106 0.06530053
654 0.003870413 0.06540053
655 0.003869718 0.06550054
656 0.003869022 0.06560054
657 0.003868325 0.06570054
658 0.003867626 0.06580054
659 0.003866926 0.06590054
660 0.003866224 0.06600054
661 0.003865521 0.06610055
662 0.003864817 0.06620055
663 0.003864112 0.06630055
664 0.003863405 0.06640055
665 0.003862697 0.06650055
666 0.003861987 0.06660055
667 0.003861276 0.06670056
668 0.003860564 0.06680056
669 0.00385985 0.06690056
670 0.003859135 0.06700056
671 0.003858417 0.06710056
672 0.003857699 0.06720056
673 0.003856979 0.06730057
674 0.003856258 0.06740057
675 0.003855535 0.06750057
676 0.003854811 0.06760057
677 0.003854086 0.06770057
678 0.003853359 0.06780057
679 0.003852631 0.06790058
680 0.003851902 0.06800058
681 0.00385117 0.06810058
682 0.003850438 0.06820058
683 0.003849704 0.06830058
684 0.003848968 0.06840058
685 0.003848231 0.06850059
686 0.003847493 0.06860059
687 0.003846754 0.06870059
688 0.003846014 0.06880059
689 0.003845272 0.06890059
690 0.003844529 0.06900059
691 0.003843785 0.0691006
692 0.00384304 0.0692006
693 0.003842294 0.0693006
694 0.003841546 0.0694006
695 0.003840797 0.0695006
696 0.003840047 0.0696006
697 0.003839296 0.06970061
698 0.003838544 0.06980061
699 0.003837791 0.06990061
700 0.003837037 0.07000061
701 0.003836281 0.07010061
702 0.003835525 0.07020061
703 0.003834767 0.07030062
704 0.003834008 0.07040062
705 0.003833249 0.07050062
706 0.003832487 0.07060062
707 0.003831725 0.07070062
708 0.003830962 0.07080062
709 0.003830197 0.07090063
710 0.003829431 0.07100063
711 0.003828665 0.07110063
712 0.003827896 0.07120063
713 0.003827127 0.07130063
714 0.003826357 0.07140063
715 0.003825586 0.07150064
716 0.003824814 0.07160064
717 0.003824041 0.07170064
718 0.003823267 0.07180064
719 0.003822492 0.07190064
720 0.003821715 0.07200065
721 0.003820937 0.07210065
722 0.003820159 0.07220065
723 0.003819379 0.07230065
724 0.003818598 0.07240065
725 0.003817816 0.07250065
726 0.003817033 0.07260066
727 0.003816248 0.07270066
728 0.003815463 0.07280066
729 0.003814676 0.07290066
730 0.003813888 0.07300066
731 0.0038131 0.07310066
732 0 0.07320067
